[ 2016-08-04T14:04:10+08:00 ] ::1 /alpha/
INFO: [ app_init ] --START--
INFO: Run Behavior\BuildLiteBehavior [ RunTime:0.000103s ]
INFO: [ app_init ] --END-- [ RunTime:1.011710s ]
INFO: [ app_begin ] --START--
INFO: Run Behavior\ReadHtmlCacheBehavior [ RunTime:0.072785s ]
INFO: [ app_begin ] --END-- [ RunTime:0.072921s ]
INFO: [ view_parse ] --START--
INFO: [ template_filter ] --START--
INFO: Run Behavior\ContentReplaceBehavior [ RunTime:0.019177s ]
INFO: [ template_filter ] --END-- [ RunTime:0.019333s ]
INFO: Run Behavior\ParseTemplateBehavior [ RunTime:0.836960s ]
INFO: [ view_parse ] --END-- [ RunTime:0.837056s ]
INFO: [ view_filter ] --START--
INFO: Run Behavior\WriteHtmlCacheBehavior [ RunTime:0.101235s ]
INFO: [ view_filter ] --END-- [ RunTime:0.101344s ]
INFO: [ app_end ] --START--
INFO: Run Behavior\ShowPageTraceBehavior [ RunTime:0.035475s ]
INFO: [ app_end ] --END-- [ RunTime:0.035581s ]

[ 2016-08-04T14:04:19+08:00 ] ::1 /alpha/index.php/Home/Main/index
INFO: [ app_init ] --START--
INFO: Run Behavior\BuildLiteBehavior [ RunTime:0.000034s ]
INFO: [ app_init ] --END-- [ RunTime:0.001423s ]
INFO: [ app_begin ] --START--
INFO: Run Behavior\ReadHtmlCacheBehavior [ RunTime:0.001209s ]
INFO: [ app_begin ] --END-- [ RunTime:0.001313s ]
INFO: [ view_parse ] --START--
INFO: [ template_filter ] --START--
INFO: Run Behavior\ContentReplaceBehavior [ RunTime:0.000237s ]
INFO: [ template_filter ] --END-- [ RunTime:0.000339s ]
INFO: Run Behavior\ParseTemplateBehavior [ RunTime:0.358214s ]
INFO: [ view_parse ] --END-- [ RunTime:0.358353s ]
INFO: [ view_filter ] --START--
INFO: Run Behavior\WriteHtmlCacheBehavior [ RunTime:0.000800s ]
INFO: [ view_filter ] --END-- [ RunTime:0.000861s ]
INFO: [ app_end ] --START--
INFO: Run Behavior\ShowPageTraceBehavior [ RunTime:0.000790s ]
INFO: [ app_end ] --END-- [ RunTime:0.000856s ]

[ 2016-08-04T14:05:00+08:00 ] ::1 /alpha/index.php/Home/Main/login
INFO: [ app_init ] --START--
INFO: Run Behavior\BuildLiteBehavior [ RunTime:0.000026s ]
INFO: [ app_init ] --END-- [ RunTime:0.001091s ]
INFO: [ app_begin ] --START--
INFO: Run Behavior\ReadHtmlCacheBehavior [ RunTime:0.171886s ]
INFO: [ app_begin ] --END-- [ RunTime:0.172011s ]
SQL: SHOW COLUMNS FROM `user` [ RunTime:1.5482s ]
SQL: SELECT * FROM `user` WHERE `username` = 'Hennessy·zhao'  [ RunTime:0.0764s ]
INFO: [ app_end ] --START--
INFO: Run Behavior\ShowPageTraceBehavior [ RunTime:0.001580s ]
INFO: [ app_end ] --END-- [ RunTime:0.001692s ]

[ 2016-08-04T14:05:01+08:00 ] ::1 /alpha/index.php/Home/Inward/index
INFO: [ app_init ] --START--
INFO: Run Behavior\BuildLiteBehavior [ RunTime:0.000034s ]
INFO: [ app_init ] --END-- [ RunTime:0.001127s ]
INFO: [ app_begin ] --START--
INFO: Run Behavior\ReadHtmlCacheBehavior [ RunTime:0.001570s ]
INFO: [ app_begin ] --END-- [ RunTime:0.001991s ]
INFO: [ view_parse ] --START--
INFO: [ template_filter ] --START--
INFO: Run Behavior\ContentReplaceBehavior [ RunTime:0.000138s ]
INFO: [ template_filter ] --END-- [ RunTime:0.000365s ]
INFO: Run Behavior\ParseTemplateBehavior [ RunTime:0.050860s ]
INFO: [ view_parse ] --END-- [ RunTime:0.051013s ]
INFO: [ view_filter ] --START--
INFO: Run Behavior\WriteHtmlCacheBehavior [ RunTime:0.000742s ]
INFO: [ view_filter ] --END-- [ RunTime:0.000823s ]
INFO: [ app_end ] --START--
INFO: Run Behavior\ShowPageTraceBehavior [ RunTime:0.001378s ]
INFO: [ app_end ] --END-- [ RunTime:0.001495s ]

[ 2016-08-04T14:05:07+08:00 ] ::1 /alpha/index.php/Home/Inward/posts
INFO: [ app_init ] --START--
INFO: Run Behavior\BuildLiteBehavior [ RunTime:0.000025s ]
INFO: [ app_init ] --END-- [ RunTime:0.001004s ]
INFO: [ app_begin ] --START--
INFO: Run Behavior\ReadHtmlCacheBehavior [ RunTime:0.001058s ]
INFO: [ app_begin ] --END-- [ RunTime:0.001162s ]
SQL: SHOW COLUMNS FROM `user` [ RunTime:0.0078s ]
NOTIC: [8] Undefined variable: count E:\PHP\xampp\htdocs\alpha\Home\Controller\InwardController.class.php 第 30 行.
SQL: SHOW COLUMNS FROM `posttitles` [ RunTime:0.4513s ]
SQL: SELECT post.id as id,post.title as title,post.messages as messages,post.postdate as date,post.replycount as comments,user.username as username,user.userimg as img FROM posttitles post,user user WHERE ( post.userid=user.id ) ORDER BY post.id desc LIMIT 0,20   [ RunTime:0.6235s ]
INFO: [ view_parse ] --START--
INFO: [ template_filter ] --START--
INFO: Run Behavior\ContentReplaceBehavior [ RunTime:0.000138s ]
INFO: [ template_filter ] --END-- [ RunTime:0.000244s ]
INFO: Run Behavior\ParseTemplateBehavior [ RunTime:1.132447s ]
INFO: [ view_parse ] --END-- [ RunTime:1.132592s ]
INFO: [ view_filter ] --START--
INFO: Run Behavior\WriteHtmlCacheBehavior [ RunTime:0.000925s ]
INFO: [ view_filter ] --END-- [ RunTime:0.001013s ]
INFO: [ app_end ] --START--
INFO: Run Behavior\ShowPageTraceBehavior [ RunTime:0.001069s ]
INFO: [ app_end ] --END-- [ RunTime:0.001152s ]

