[ 2016-09-03T08:43:32+08:00 ] ::1 /alpha/index.php/Home/Inward/masterplate
INFO: [ app_init ] --START--
INFO: Run Behavior\BuildLiteBehavior [ RunTime:0.000058s ]
INFO: [ app_init ] --END-- [ RunTime:0.100137s ]
INFO: [ app_begin ] --START--
INFO: Run Behavior\ReadHtmlCacheBehavior [ RunTime:0.001870s ]
INFO: [ app_begin ] --END-- [ RunTime:0.002017s ]
INFO: [ view_parse ] --START--
INFO: [ template_filter ] --START--
INFO: Run Behavior\ContentReplaceBehavior [ RunTime:0.022604s ]
INFO: [ template_filter ] --END-- [ RunTime:0.022899s ]
INFO: Run Behavior\ParseTemplateBehavior [ RunTime:0.166164s ]
INFO: [ view_parse ] --END-- [ RunTime:0.166341s ]
INFO: [ view_filter ] --START--
INFO: Run Behavior\WriteHtmlCacheBehavior [ RunTime:0.001375s ]
INFO: [ view_filter ] --END-- [ RunTime:0.001454s ]
INFO: [ app_end ] --START--
INFO: Run Behavior\ShowPageTraceBehavior [ RunTime:0.016929s ]
INFO: [ app_end ] --END-- [ RunTime:0.017026s ]

[ 2016-09-03T08:43:38+08:00 ] ::1 /alpha/
INFO: [ app_init ] --START--
INFO: Run Behavior\BuildLiteBehavior [ RunTime:0.000024s ]
INFO: [ app_init ] --END-- [ RunTime:0.000745s ]
INFO: [ app_begin ] --START--
INFO: Run Behavior\ReadHtmlCacheBehavior [ RunTime:0.001343s ]
INFO: [ app_begin ] --END-- [ RunTime:0.001490s ]
INFO: [ view_parse ] --START--
INFO: [ template_filter ] --START--
INFO: Run Behavior\ContentReplaceBehavior [ RunTime:0.000087s ]
INFO: [ template_filter ] --END-- [ RunTime:0.000208s ]
INFO: Run Behavior\ParseTemplateBehavior [ RunTime:0.054404s ]
INFO: [ view_parse ] --END-- [ RunTime:0.054608s ]
INFO: [ view_filter ] --START--
INFO: Run Behavior\WriteHtmlCacheBehavior [ RunTime:0.000625s ]
INFO: [ view_filter ] --END-- [ RunTime:0.000703s ]
INFO: [ app_end ] --START--
INFO: Run Behavior\ShowPageTraceBehavior [ RunTime:0.000805s ]
INFO: [ app_end ] --END-- [ RunTime:0.000866s ]

[ 2016-09-03T08:43:43+08:00 ] ::1 /alpha/index.php/Home/Main/index
INFO: [ app_init ] --START--
INFO: Run Behavior\BuildLiteBehavior [ RunTime:0.000045s ]
INFO: [ app_init ] --END-- [ RunTime:0.001997s ]
INFO: [ app_begin ] --START--
INFO: Run Behavior\ReadHtmlCacheBehavior [ RunTime:0.001103s ]
INFO: [ app_begin ] --END-- [ RunTime:0.001188s ]
INFO: [ view_parse ] --START--
INFO: [ template_filter ] --START--
INFO: Run Behavior\ContentReplaceBehavior [ RunTime:0.000294s ]
INFO: [ template_filter ] --END-- [ RunTime:0.000400s ]
NOTIC: [8] Undefined index: user E:\PHP\xampp\htdocs\alpha\Runtime\Cache\Home\28247bcd83c9da3e6c073405ae882140.php 第 44 行.
INFO: Run Behavior\ParseTemplateBehavior [ RunTime:0.382734s ]
INFO: [ view_parse ] --END-- [ RunTime:0.382828s ]
INFO: [ view_filter ] --START--
INFO: Run Behavior\WriteHtmlCacheBehavior [ RunTime:0.001073s ]
INFO: [ view_filter ] --END-- [ RunTime:0.001168s ]
INFO: [ app_end ] --START--
INFO: Run Behavior\ShowPageTraceBehavior [ RunTime:0.001843s ]
INFO: [ app_end ] --END-- [ RunTime:0.001945s ]

[ 2016-09-03T14:12:11+08:00 ] ::1 /alpha/
INFO: [ app_init ] --START--
INFO: Run Behavior\BuildLiteBehavior [ RunTime:0.000032s ]
INFO: [ app_init ] --END-- [ RunTime:0.001992s ]
INFO: [ app_begin ] --START--
INFO: Run Behavior\ReadHtmlCacheBehavior [ RunTime:0.002300s ]
INFO: [ app_begin ] --END-- [ RunTime:0.002467s ]
INFO: [ view_parse ] --START--
INFO: [ template_filter ] --START--
INFO: Run Behavior\ContentReplaceBehavior [ RunTime:0.000100s ]
INFO: [ template_filter ] --END-- [ RunTime:0.013385s ]
INFO: Run Behavior\ParseTemplateBehavior [ RunTime:0.100630s ]
INFO: [ view_parse ] --END-- [ RunTime:0.100800s ]
INFO: [ view_filter ] --START--
INFO: Run Behavior\WriteHtmlCacheBehavior [ RunTime:0.003647s ]
INFO: [ view_filter ] --END-- [ RunTime:0.003769s ]
INFO: [ app_end ] --START--
INFO: Run Behavior\ShowPageTraceBehavior [ RunTime:0.010856s ]
INFO: [ app_end ] --END-- [ RunTime:0.011311s ]

[ 2016-09-03T14:12:15+08:00 ] ::1 /alpha/index.php/Home/Main/index
INFO: [ app_init ] --START--
INFO: Run Behavior\BuildLiteBehavior [ RunTime:0.000030s ]
INFO: [ app_init ] --END-- [ RunTime:0.001519s ]
INFO: [ app_begin ] --START--
INFO: Run Behavior\ReadHtmlCacheBehavior [ RunTime:0.002122s ]
INFO: [ app_begin ] --END-- [ RunTime:0.002428s ]
INFO: [ view_parse ] --START--
INFO: [ template_filter ] --START--
INFO: Run Behavior\ContentReplaceBehavior [ RunTime:0.000315s ]
INFO: [ template_filter ] --END-- [ RunTime:0.000433s ]
NOTIC: [8] Undefined index: user E:\PHP\xampp\htdocs\alpha\Runtime\Cache\Home\28247bcd83c9da3e6c073405ae882140.php 第 44 行.
INFO: Run Behavior\ParseTemplateBehavior [ RunTime:0.022966s ]
INFO: [ view_parse ] --END-- [ RunTime:0.023207s ]
INFO: [ view_filter ] --START--
INFO: Run Behavior\WriteHtmlCacheBehavior [ RunTime:0.001112s ]
INFO: [ view_filter ] --END-- [ RunTime:0.001247s ]
INFO: [ app_end ] --START--
INFO: Run Behavior\ShowPageTraceBehavior [ RunTime:0.001362s ]
INFO: [ app_end ] --END-- [ RunTime:0.001464s ]

