[ 2016-09-09T19:11:15+08:00 ] 127.0.0.1 /alpha/
INFO: [ app_init ] --START--
INFO: Run Behavior\BuildLiteBehavior [ RunTime:0.000027s ]
INFO: [ app_init ] --END-- [ RunTime:0.026241s ]
INFO: [ app_begin ] --START--
INFO: Run Behavior\ReadHtmlCacheBehavior [ RunTime:0.001259s ]
INFO: [ app_begin ] --END-- [ RunTime:0.001351s ]
INFO: [ view_parse ] --START--
INFO: [ template_filter ] --START--
INFO: Run Behavior\ContentReplaceBehavior [ RunTime:0.000321s ]
INFO: [ template_filter ] --END-- [ RunTime:0.000432s ]
INFO: Run Behavior\ParseTemplateBehavior [ RunTime:0.043078s ]
INFO: [ view_parse ] --END-- [ RunTime:0.043179s ]
INFO: [ view_filter ] --START--
INFO: Run Behavior\WriteHtmlCacheBehavior [ RunTime:0.012835s ]
INFO: [ view_filter ] --END-- [ RunTime:0.012939s ]
INFO: [ app_end ] --START--
INFO: Run Behavior\ShowPageTraceBehavior [ RunTime:0.002339s ]
INFO: [ app_end ] --END-- [ RunTime:0.002475s ]

[ 2016-09-09T19:11:20+08:00 ] 127.0.0.1 /alpha/index.php/Home/Main/index
INFO: [ app_init ] --START--
INFO: Run Behavior\BuildLiteBehavior [ RunTime:0.000021s ]
INFO: [ app_init ] --END-- [ RunTime:0.000833s ]
INFO: [ app_begin ] --START--
INFO: Run Behavior\ReadHtmlCacheBehavior [ RunTime:0.001946s ]
INFO: [ app_begin ] --END-- [ RunTime:0.002111s ]
INFO: [ view_parse ] --START--
INFO: [ template_filter ] --START--
INFO: Run Behavior\ContentReplaceBehavior [ RunTime:0.000230s ]
INFO: [ template_filter ] --END-- [ RunTime:0.000319s ]
NOTIC: [8] Undefined index: user E:\PHP\xampp\htdocs\alpha\Runtime\Cache\Home\28247bcd83c9da3e6c073405ae882140.php 第 44 行.
INFO: Run Behavior\ParseTemplateBehavior [ RunTime:0.108207s ]
INFO: [ view_parse ] --END-- [ RunTime:0.108289s ]
INFO: [ view_filter ] --START--
INFO: Run Behavior\WriteHtmlCacheBehavior [ RunTime:0.000647s ]
INFO: [ view_filter ] --END-- [ RunTime:0.000704s ]
INFO: [ app_end ] --START--
INFO: Run Behavior\ShowPageTraceBehavior [ RunTime:0.000981s ]
INFO: [ app_end ] --END-- [ RunTime:0.001067s ]

[ 2016-09-09T19:12:01+08:00 ] 127.0.0.1 /alpha/index.php/Home/Main/login
INFO: [ app_init ] --START--
INFO: Run Behavior\BuildLiteBehavior [ RunTime:0.000041s ]
INFO: [ app_init ] --END-- [ RunTime:0.001747s ]
INFO: [ app_begin ] --START--
INFO: Run Behavior\ReadHtmlCacheBehavior [ RunTime:0.002009s ]
INFO: [ app_begin ] --END-- [ RunTime:0.002140s ]
SQL: SHOW COLUMNS FROM `user` [ RunTime:0.2434s ]
SQL: SELECT * FROM `user` WHERE `username` = '赵益石'  [ RunTime:0.0746s ]
SQL: SELECT * FROM `user` WHERE `truename` = '赵益石'  [ RunTime:0.0007s ]
INFO: [ app_end ] --START--
INFO: Run Behavior\ShowPageTraceBehavior [ RunTime:0.001490s ]
INFO: [ app_end ] --END-- [ RunTime:0.001573s ]

[ 2016-09-09T19:12:02+08:00 ] 127.0.0.1 /alpha/index.php/Home/Inward/index
INFO: [ app_init ] --START--
INFO: Run Behavior\BuildLiteBehavior [ RunTime:0.000026s ]
INFO: [ app_init ] --END-- [ RunTime:0.001355s ]
INFO: [ app_begin ] --START--
INFO: Run Behavior\ReadHtmlCacheBehavior [ RunTime:0.002137s ]
INFO: [ app_begin ] --END-- [ RunTime:0.002260s ]
INFO: [ view_parse ] --START--
INFO: [ template_filter ] --START--
INFO: Run Behavior\ContentReplaceBehavior [ RunTime:0.000132s ]
INFO: [ template_filter ] --END-- [ RunTime:0.000239s ]
INFO: Run Behavior\ParseTemplateBehavior [ RunTime:0.118652s ]
INFO: [ view_parse ] --END-- [ RunTime:0.118773s ]
INFO: [ view_filter ] --START--
INFO: Run Behavior\WriteHtmlCacheBehavior [ RunTime:0.000703s ]
INFO: [ view_filter ] --END-- [ RunTime:0.000774s ]
INFO: [ app_end ] --START--
INFO: Run Behavior\ShowPageTraceBehavior [ RunTime:0.000926s ]
INFO: [ app_end ] --END-- [ RunTime:0.000999s ]

[ 2016-09-09T19:12:05+08:00 ] 127.0.0.1 /alpha/index.php/Home/Main/index
INFO: [ app_init ] --START--
INFO: Run Behavior\BuildLiteBehavior [ RunTime:0.000028s ]
INFO: [ app_init ] --END-- [ RunTime:0.001092s ]
INFO: [ app_begin ] --START--
INFO: Run Behavior\ReadHtmlCacheBehavior [ RunTime:0.001595s ]
INFO: [ app_begin ] --END-- [ RunTime:0.001722s ]
INFO: [ view_parse ] --START--
INFO: [ template_filter ] --START--
INFO: Run Behavior\ContentReplaceBehavior [ RunTime:0.000302s ]
INFO: [ template_filter ] --END-- [ RunTime:0.000415s ]
INFO: Run Behavior\ParseTemplateBehavior [ RunTime:0.024165s ]
INFO: [ view_parse ] --END-- [ RunTime:0.024288s ]
INFO: [ view_filter ] --START--
INFO: Run Behavior\WriteHtmlCacheBehavior [ RunTime:0.000937s ]
INFO: [ view_filter ] --END-- [ RunTime:0.001025s ]
INFO: [ app_end ] --START--
INFO: Run Behavior\ShowPageTraceBehavior [ RunTime:0.001545s ]
INFO: [ app_end ] --END-- [ RunTime:0.001673s ]

[ 2016-09-09T19:12:08+08:00 ] 127.0.0.1 /alpha/index.php/Home/Inward/index
INFO: [ app_init ] --START--
INFO: Run Behavior\BuildLiteBehavior [ RunTime:0.000028s ]
INFO: [ app_init ] --END-- [ RunTime:0.001025s ]
INFO: [ app_begin ] --START--
INFO: Run Behavior\ReadHtmlCacheBehavior [ RunTime:0.012214s ]
INFO: [ app_begin ] --END-- [ RunTime:0.012412s ]
INFO: [ view_parse ] --START--
INFO: [ template_filter ] --START--
INFO: Run Behavior\ContentReplaceBehavior [ RunTime:0.000138s ]
INFO: [ template_filter ] --END-- [ RunTime:0.000258s ]
INFO: Run Behavior\ParseTemplateBehavior [ RunTime:0.020750s ]
INFO: [ view_parse ] --END-- [ RunTime:0.020959s ]
INFO: [ view_filter ] --START--
INFO: Run Behavior\WriteHtmlCacheBehavior [ RunTime:0.000632s ]
INFO: [ view_filter ] --END-- [ RunTime:0.000712s ]
INFO: [ app_end ] --START--
INFO: Run Behavior\ShowPageTraceBehavior [ RunTime:0.001158s ]
INFO: [ app_end ] --END-- [ RunTime:0.001254s ]

[ 2016-09-09T19:12:12+08:00 ] 127.0.0.1 /alpha/index.php/Home/Inward/chat
INFO: [ app_init ] --START--
INFO: Run Behavior\BuildLiteBehavior [ RunTime:0.000026s ]
INFO: [ app_init ] --END-- [ RunTime:0.000757s ]
INFO: [ app_begin ] --START--
INFO: Run Behavior\ReadHtmlCacheBehavior [ RunTime:0.001129s ]
INFO: [ app_begin ] --END-- [ RunTime:0.001215s ]
INFO: [ view_parse ] --START--
INFO: [ template_filter ] --START--
INFO: Run Behavior\ContentReplaceBehavior [ RunTime:0.000122s ]
INFO: [ template_filter ] --END-- [ RunTime:0.000217s ]
INFO: Run Behavior\ParseTemplateBehavior [ RunTime:0.044013s ]
INFO: [ view_parse ] --END-- [ RunTime:0.044147s ]
INFO: [ view_filter ] --START--
INFO: Run Behavior\WriteHtmlCacheBehavior [ RunTime:0.000933s ]
INFO: [ view_filter ] --END-- [ RunTime:0.001020s ]
INFO: [ app_end ] --START--
INFO: Run Behavior\ShowPageTraceBehavior [ RunTime:0.001183s ]
INFO: [ app_end ] --END-- [ RunTime:0.001284s ]

[ 2016-09-09T19:12:14+08:00 ] 127.0.0.1 /alpha/index.php/Home/Inward/posts
INFO: [ app_init ] --START--
INFO: Run Behavior\BuildLiteBehavior [ RunTime:0.000022s ]
INFO: [ app_init ] --END-- [ RunTime:0.000724s ]
INFO: [ app_begin ] --START--
INFO: Run Behavior\ReadHtmlCacheBehavior [ RunTime:0.000986s ]
INFO: [ app_begin ] --END-- [ RunTime:0.001072s ]
SQL: SHOW COLUMNS FROM `user` [ RunTime:0.0044s ]
SQL: SHOW COLUMNS FROM `posttitles` [ RunTime:0.0907s ]
SQL: SELECT COUNT(*) AS tp_count FROM posttitles post,user user WHERE ( post.userid=user.id and post.ifdelete=1 ) ORDER BY post.id desc LIMIT 1   [ RunTime:0.0395s ]
SQL: SHOW COLUMNS FROM `posttitles` [ RunTime:0.0048s ]
SQL: SELECT post.id as id,post.title as title,post.messages as messages,post.postdate as date,post.replycount as comments,user.username as username,user.userimg as img FROM posttitles post,user user WHERE ( post.userid=user.id and post.ifdelete=1 ) ORDER BY post.lastcommentdate desc LIMIT 0,10   [ RunTime:0.0011s ]
INFO: [ view_parse ] --START--
INFO: [ template_filter ] --START--
INFO: Run Behavior\ContentReplaceBehavior [ RunTime:0.000115s ]
INFO: [ template_filter ] --END-- [ RunTime:0.000191s ]
INFO: Run Behavior\ParseTemplateBehavior [ RunTime:0.014700s ]
INFO: [ view_parse ] --END-- [ RunTime:0.014800s ]
INFO: [ view_filter ] --START--
INFO: Run Behavior\WriteHtmlCacheBehavior [ RunTime:0.000851s ]
INFO: [ view_filter ] --END-- [ RunTime:0.000940s ]
INFO: [ app_end ] --START--
INFO: Run Behavior\ShowPageTraceBehavior [ RunTime:0.001270s ]
INFO: [ app_end ] --END-- [ RunTime:0.001379s ]

[ 2016-09-09T19:12:26+08:00 ] 127.0.0.1 /alpha/index.php/Home/Inward/postmessages/postid/6.html
INFO: [ app_init ] --START--
INFO: Run Behavior\BuildLiteBehavior [ RunTime:0.000027s ]
INFO: [ app_init ] --END-- [ RunTime:0.000903s ]
INFO: [ app_begin ] --START--
INFO: Run Behavior\ReadHtmlCacheBehavior [ RunTime:0.001369s ]
INFO: [ app_begin ] --END-- [ RunTime:0.001492s ]
SQL: SHOW COLUMNS FROM `posttitles` [ RunTime:0.0064s ]
SQL: SHOW COLUMNS FROM `posttitles` [ RunTime:0.0082s ]
SQL: SELECT post.id as id,post.title as title,post.messages as messages,post.postdate as date,user.id as userid,user.username as username,user.userimg as img FROM posttitles post,user user WHERE ( post.id=6 and post.userid=user.id ) ORDER BY post.id desc  [ RunTime:0.0008s ]
SQL: SHOW COLUMNS FROM `postcomments` [ RunTime:0.0519s ]
SQL: SHOW COLUMNS FROM `postcomments` [ RunTime:0.0077s ]
SQL: SELECT COUNT(*) AS tp_count FROM postcomments post,user user WHERE ( post.titleid=6 and post.fid=-1 and post.userid=user.id ) LIMIT 1   [ RunTime:0.0008s ]
SQL: SHOW COLUMNS FROM `postcomments` [ RunTime:0.0054s ]
SQL: SELECT post.id as id,post.titleid as titleid,post.fid as postfid,post.messages as messages,post.commentdate as date,post.good as good,post.commentid as commentid,post.fname as fname,user.id as userid,user.username as username,user.userimg as img FROM postcomments post,user user WHERE ( post.titleid=6 and post.fid=-1 and post.userid=user.id ) LIMIT 0,10   [ RunTime:0.0007s ]
SQL: SHOW COLUMNS FROM `postcomments` [ RunTime:0.0057s ]
SQL: SELECT post.id as id,post.titleid as titleid,post.fid as postfid,post.messages as messages,post.commentdate as date,post.good as good,post.commentid as commentid,post.fname as fname,user.id as userid,user.username as username,user.userimg as img FROM postcomments post,user user WHERE ( post.titleid=6 and post.userid=user.id )  [ RunTime:0.0011s ]
INFO: [ view_parse ] --START--
INFO: [ template_filter ] --START--
INFO: Run Behavior\ContentReplaceBehavior [ RunTime:0.000203s ]
INFO: [ template_filter ] --END-- [ RunTime:0.000310s ]
INFO: Run Behavior\ParseTemplateBehavior [ RunTime:0.042993s ]
INFO: [ view_parse ] --END-- [ RunTime:0.043169s ]
INFO: [ view_filter ] --START--
INFO: Run Behavior\WriteHtmlCacheBehavior [ RunTime:0.000766s ]
INFO: [ view_filter ] --END-- [ RunTime:0.000840s ]
INFO: [ app_end ] --START--
INFO: Run Behavior\ShowPageTraceBehavior [ RunTime:0.001187s ]
INFO: [ app_end ] --END-- [ RunTime:0.001300s ]

[ 2016-09-09T19:12:48+08:00 ] 127.0.0.1 /alpha/index.php/Home/Inward/addendlesscomment
INFO: [ app_init ] --START--
INFO: Run Behavior\BuildLiteBehavior [ RunTime:0.000079s ]
INFO: [ app_init ] --END-- [ RunTime:0.000793s ]
INFO: [ app_begin ] --START--
INFO: Run Behavior\ReadHtmlCacheBehavior [ RunTime:0.001353s ]
INFO: [ app_begin ] --END-- [ RunTime:0.001493s ]
SQL: SHOW COLUMNS FROM `postcomments` [ RunTime:0.0082s ]
SQL: INSERT INTO `postcomments` (`titleid`,`fid`,`userid`,`messages`,`commentdate`,`commentid`,`fname`) VALUES ('6','1','1','wwwww','16-09-09 19:12:48','60','Hennessy·zhao') [ RunTime:0.0535s ]
SQL: SHOW COLUMNS FROM `posttitles` [ RunTime:0.0051s ]
SQL: SELECT `id`,`title`,`userid`,`messages`,`postdate`,`replycount`,`ifdelete`,`judger`,`lastcommentdate` FROM `posttitles` WHERE `id` = 6  [ RunTime:0.0005s ]
SQL: UPDATE `posttitles` SET `lastcommentdate`='16-09-09 19:12:48',`replycount`='2' WHERE `id` = 6 [ RunTime:0.1242s ]
INFO: [ app_end ] --START--
INFO: Run Behavior\ShowPageTraceBehavior [ RunTime:0.001862s ]
INFO: [ app_end ] --END-- [ RunTime:0.001978s ]

[ 2016-09-09T19:12:49+08:00 ] 127.0.0.1 /alpha/index.php/Home/Inward/postmessages/postid/6.html
INFO: [ app_init ] --START--
INFO: Run Behavior\BuildLiteBehavior [ RunTime:0.000018s ]
INFO: [ app_init ] --END-- [ RunTime:0.000556s ]
INFO: [ app_begin ] --START--
INFO: Run Behavior\ReadHtmlCacheBehavior [ RunTime:0.000653s ]
INFO: [ app_begin ] --END-- [ RunTime:0.000707s ]
SQL: SHOW COLUMNS FROM `posttitles` [ RunTime:0.0047s ]
SQL: SHOW COLUMNS FROM `posttitles` [ RunTime:0.0064s ]
SQL: SELECT post.id as id,post.title as title,post.messages as messages,post.postdate as date,user.id as userid,user.username as username,user.userimg as img FROM posttitles post,user user WHERE ( post.id=6 and post.userid=user.id ) ORDER BY post.id desc  [ RunTime:0.0008s ]
SQL: SHOW COLUMNS FROM `postcomments` [ RunTime:0.0060s ]
SQL: SHOW COLUMNS FROM `postcomments` [ RunTime:0.0059s ]
SQL: SELECT COUNT(*) AS tp_count FROM postcomments post,user user WHERE ( post.titleid=6 and post.fid=-1 and post.userid=user.id ) LIMIT 1   [ RunTime:0.0006s ]
SQL: SHOW COLUMNS FROM `postcomments` [ RunTime:0.0056s ]
SQL: SELECT post.id as id,post.titleid as titleid,post.fid as postfid,post.messages as messages,post.commentdate as date,post.good as good,post.commentid as commentid,post.fname as fname,user.id as userid,user.username as username,user.userimg as img FROM postcomments post,user user WHERE ( post.titleid=6 and post.fid=-1 and post.userid=user.id ) LIMIT 0,10   [ RunTime:0.0010s ]
SQL: SHOW COLUMNS FROM `postcomments` [ RunTime:0.0063s ]
SQL: SELECT post.id as id,post.titleid as titleid,post.fid as postfid,post.messages as messages,post.commentdate as date,post.good as good,post.commentid as commentid,post.fname as fname,user.id as userid,user.username as username,user.userimg as img FROM postcomments post,user user WHERE ( post.titleid=6 and post.userid=user.id )  [ RunTime:0.0012s ]
INFO: [ view_parse ] --START--
INFO: [ template_filter ] --START--
INFO: Run Behavior\ContentReplaceBehavior [ RunTime:0.000131s ]
INFO: [ template_filter ] --END-- [ RunTime:0.000207s ]
INFO: Run Behavior\ParseTemplateBehavior [ RunTime:0.017947s ]
INFO: [ view_parse ] --END-- [ RunTime:0.018032s ]
INFO: [ view_filter ] --START--
INFO: Run Behavior\WriteHtmlCacheBehavior [ RunTime:0.000548s ]
INFO: [ view_filter ] --END-- [ RunTime:0.000606s ]
INFO: [ app_end ] --START--
INFO: Run Behavior\ShowPageTraceBehavior [ RunTime:0.001047s ]
INFO: [ app_end ] --END-- [ RunTime:0.001148s ]

[ 2016-09-09T19:12:55+08:00 ] 127.0.0.1 /alpha/index.php/Home/Inward/addendlesscomment
INFO: [ app_init ] --START--
INFO: Run Behavior\BuildLiteBehavior [ RunTime:0.000024s ]
INFO: [ app_init ] --END-- [ RunTime:0.000797s ]
INFO: [ app_begin ] --START--
INFO: Run Behavior\ReadHtmlCacheBehavior [ RunTime:0.001311s ]
INFO: [ app_begin ] --END-- [ RunTime:0.001401s ]
SQL: SHOW COLUMNS FROM `postcomments` [ RunTime:0.0074s ]
SQL: INSERT INTO `postcomments` (`titleid`,`fid`,`userid`,`messages`,`commentdate`,`commentid`,`fname`) VALUES ('6','1','1','wwwwww','16-09-09 19:12:54','60','Hennessy·zhao') [ RunTime:0.0865s ]
SQL: SHOW COLUMNS FROM `posttitles` [ RunTime:0.0048s ]
SQL: SELECT `id`,`title`,`userid`,`messages`,`postdate`,`replycount`,`ifdelete`,`judger`,`lastcommentdate` FROM `posttitles` WHERE `id` = 6  [ RunTime:0.0007s ]
SQL: UPDATE `posttitles` SET `lastcommentdate`='16-09-09 19:12:54',`replycount`='3' WHERE `id` = 6 [ RunTime:0.0677s ]
INFO: [ app_end ] --START--
INFO: Run Behavior\ShowPageTraceBehavior [ RunTime:0.002154s ]
INFO: [ app_end ] --END-- [ RunTime:0.002283s ]

[ 2016-09-09T19:12:55+08:00 ] 127.0.0.1 /alpha/index.php/Home/Inward/postmessages/postid/6.html
INFO: [ app_init ] --START--
INFO: Run Behavior\BuildLiteBehavior [ RunTime:0.000021s ]
INFO: [ app_init ] --END-- [ RunTime:0.000618s ]
INFO: [ app_begin ] --START--
INFO: Run Behavior\ReadHtmlCacheBehavior [ RunTime:0.001893s ]
INFO: [ app_begin ] --END-- [ RunTime:0.002155s ]
SQL: SHOW COLUMNS FROM `posttitles` [ RunTime:0.0068s ]
SQL: SHOW COLUMNS FROM `posttitles` [ RunTime:0.0045s ]
SQL: SELECT post.id as id,post.title as title,post.messages as messages,post.postdate as date,user.id as userid,user.username as username,user.userimg as img FROM posttitles post,user user WHERE ( post.id=6 and post.userid=user.id ) ORDER BY post.id desc  [ RunTime:0.0005s ]
SQL: SHOW COLUMNS FROM `postcomments` [ RunTime:0.0045s ]
SQL: SHOW COLUMNS FROM `postcomments` [ RunTime:0.0056s ]
SQL: SELECT COUNT(*) AS tp_count FROM postcomments post,user user WHERE ( post.titleid=6 and post.fid=-1 and post.userid=user.id ) LIMIT 1   [ RunTime:0.0008s ]
SQL: SHOW COLUMNS FROM `postcomments` [ RunTime:0.0050s ]
SQL: SELECT post.id as id,post.titleid as titleid,post.fid as postfid,post.messages as messages,post.commentdate as date,post.good as good,post.commentid as commentid,post.fname as fname,user.id as userid,user.username as username,user.userimg as img FROM postcomments post,user user WHERE ( post.titleid=6 and post.fid=-1 and post.userid=user.id ) LIMIT 0,10   [ RunTime:0.0007s ]
SQL: SHOW COLUMNS FROM `postcomments` [ RunTime:0.0054s ]
SQL: SELECT post.id as id,post.titleid as titleid,post.fid as postfid,post.messages as messages,post.commentdate as date,post.good as good,post.commentid as commentid,post.fname as fname,user.id as userid,user.username as username,user.userimg as img FROM postcomments post,user user WHERE ( post.titleid=6 and post.userid=user.id )  [ RunTime:0.0009s ]
INFO: [ view_parse ] --START--
INFO: [ template_filter ] --START--
INFO: Run Behavior\ContentReplaceBehavior [ RunTime:0.000169s ]
INFO: [ template_filter ] --END-- [ RunTime:0.000339s ]
INFO: Run Behavior\ParseTemplateBehavior [ RunTime:0.018118s ]
INFO: [ view_parse ] --END-- [ RunTime:0.018190s ]
INFO: [ view_filter ] --START--
INFO: Run Behavior\WriteHtmlCacheBehavior [ RunTime:0.000654s ]
INFO: [ view_filter ] --END-- [ RunTime:0.000706s ]
INFO: [ app_end ] --START--
INFO: Run Behavior\ShowPageTraceBehavior [ RunTime:0.000802s ]
INFO: [ app_end ] --END-- [ RunTime:0.000969s ]

[ 2016-09-09T19:12:59+08:00 ] 127.0.0.1 /alpha/index.php/Home/Inward/addendlesscomment
INFO: [ app_init ] --START--
INFO: Run Behavior\BuildLiteBehavior [ RunTime:0.000018s ]
INFO: [ app_init ] --END-- [ RunTime:0.000827s ]
INFO: [ app_begin ] --START--
INFO: Run Behavior\ReadHtmlCacheBehavior [ RunTime:0.000709s ]
INFO: [ app_begin ] --END-- [ RunTime:0.000765s ]
SQL: SHOW COLUMNS FROM `postcomments` [ RunTime:0.0071s ]
SQL: INSERT INTO `postcomments` (`titleid`,`fid`,`userid`,`messages`,`commentdate`,`commentid`,`fname`) VALUES ('6','1','1','wwwww','16-09-09 19:12:59','60','Hennessy·zhao') [ RunTime:0.0388s ]
SQL: SHOW COLUMNS FROM `posttitles` [ RunTime:0.0075s ]
SQL: SELECT `id`,`title`,`userid`,`messages`,`postdate`,`replycount`,`ifdelete`,`judger`,`lastcommentdate` FROM `posttitles` WHERE `id` = 6  [ RunTime:0.0009s ]
SQL: UPDATE `posttitles` SET `lastcommentdate`='16-09-09 19:12:59',`replycount`='4' WHERE `id` = 6 [ RunTime:0.0337s ]
INFO: [ app_end ] --START--
INFO: Run Behavior\ShowPageTraceBehavior [ RunTime:0.001722s ]
INFO: [ app_end ] --END-- [ RunTime:0.001811s ]

[ 2016-09-09T19:12:59+08:00 ] 127.0.0.1 /alpha/index.php/Home/Inward/postmessages/postid/6.html
INFO: [ app_init ] --START--
INFO: Run Behavior\BuildLiteBehavior [ RunTime:0.000068s ]
INFO: [ app_init ] --END-- [ RunTime:0.001964s ]
INFO: [ app_begin ] --START--
INFO: Run Behavior\ReadHtmlCacheBehavior [ RunTime:0.001277s ]
INFO: [ app_begin ] --END-- [ RunTime:0.001393s ]
SQL: SHOW COLUMNS FROM `posttitles` [ RunTime:0.0053s ]
SQL: SHOW COLUMNS FROM `posttitles` [ RunTime:0.0062s ]
SQL: SELECT post.id as id,post.title as title,post.messages as messages,post.postdate as date,user.id as userid,user.username as username,user.userimg as img FROM posttitles post,user user WHERE ( post.id=6 and post.userid=user.id ) ORDER BY post.id desc  [ RunTime:0.0008s ]
SQL: SHOW COLUMNS FROM `postcomments` [ RunTime:0.0048s ]
SQL: SHOW COLUMNS FROM `postcomments` [ RunTime:0.0050s ]
SQL: SELECT COUNT(*) AS tp_count FROM postcomments post,user user WHERE ( post.titleid=6 and post.fid=-1 and post.userid=user.id ) LIMIT 1   [ RunTime:0.0010s ]
SQL: SHOW COLUMNS FROM `postcomments` [ RunTime:0.0050s ]
SQL: SELECT post.id as id,post.titleid as titleid,post.fid as postfid,post.messages as messages,post.commentdate as date,post.good as good,post.commentid as commentid,post.fname as fname,user.id as userid,user.username as username,user.userimg as img FROM postcomments post,user user WHERE ( post.titleid=6 and post.fid=-1 and post.userid=user.id ) LIMIT 0,10   [ RunTime:0.0010s ]
SQL: SHOW COLUMNS FROM `postcomments` [ RunTime:0.0056s ]
SQL: SELECT post.id as id,post.titleid as titleid,post.fid as postfid,post.messages as messages,post.commentdate as date,post.good as good,post.commentid as commentid,post.fname as fname,user.id as userid,user.username as username,user.userimg as img FROM postcomments post,user user WHERE ( post.titleid=6 and post.userid=user.id )  [ RunTime:0.0010s ]
INFO: [ view_parse ] --START--
INFO: [ template_filter ] --START--
INFO: Run Behavior\ContentReplaceBehavior [ RunTime:0.000126s ]
INFO: [ template_filter ] --END-- [ RunTime:0.000197s ]
INFO: Run Behavior\ParseTemplateBehavior [ RunTime:0.017378s ]
INFO: [ view_parse ] --END-- [ RunTime:0.017477s ]
INFO: [ view_filter ] --START--
INFO: Run Behavior\WriteHtmlCacheBehavior [ RunTime:0.000669s ]
INFO: [ view_filter ] --END-- [ RunTime:0.000734s ]
INFO: [ app_end ] --START--
INFO: Run Behavior\ShowPageTraceBehavior [ RunTime:0.000992s ]
INFO: [ app_end ] --END-- [ RunTime:0.001074s ]

[ 2016-09-09T19:13:05+08:00 ] 127.0.0.1 /alpha/index.php/Home/Inward/chat
INFO: [ app_init ] --START--
INFO: Run Behavior\BuildLiteBehavior [ RunTime:0.000029s ]
INFO: [ app_init ] --END-- [ RunTime:0.001405s ]
INFO: [ app_begin ] --START--
INFO: Run Behavior\ReadHtmlCacheBehavior [ RunTime:0.000997s ]
INFO: [ app_begin ] --END-- [ RunTime:0.001090s ]
INFO: [ view_parse ] --START--
INFO: [ template_filter ] --START--
INFO: Run Behavior\ContentReplaceBehavior [ RunTime:0.000121s ]
INFO: [ template_filter ] --END-- [ RunTime:0.000213s ]
INFO: Run Behavior\ParseTemplateBehavior [ RunTime:0.015942s ]
INFO: [ view_parse ] --END-- [ RunTime:0.016033s ]
INFO: [ view_filter ] --START--
INFO: Run Behavior\WriteHtmlCacheBehavior [ RunTime:0.000433s ]
INFO: [ view_filter ] --END-- [ RunTime:0.000489s ]
INFO: [ app_end ] --START--
INFO: Run Behavior\ShowPageTraceBehavior [ RunTime:0.001052s ]
INFO: [ app_end ] --END-- [ RunTime:0.001133s ]

[ 2016-09-09T19:13:07+08:00 ] 127.0.0.1 /alpha/index.php/Home/Inward/posts
INFO: [ app_init ] --START--
INFO: Run Behavior\BuildLiteBehavior [ RunTime:0.000022s ]
INFO: [ app_init ] --END-- [ RunTime:0.000711s ]
INFO: [ app_begin ] --START--
INFO: Run Behavior\ReadHtmlCacheBehavior [ RunTime:0.000954s ]
INFO: [ app_begin ] --END-- [ RunTime:0.001029s ]
SQL: SHOW COLUMNS FROM `user` [ RunTime:0.0074s ]
SQL: SHOW COLUMNS FROM `posttitles` [ RunTime:0.0053s ]
SQL: SELECT COUNT(*) AS tp_count FROM posttitles post,user user WHERE ( post.userid=user.id and post.ifdelete=1 ) ORDER BY post.id desc LIMIT 1   [ RunTime:0.0006s ]
SQL: SHOW COLUMNS FROM `posttitles` [ RunTime:0.0069s ]
SQL: SELECT post.id as id,post.title as title,post.messages as messages,post.postdate as date,post.replycount as comments,user.username as username,user.userimg as img FROM posttitles post,user user WHERE ( post.userid=user.id and post.ifdelete=1 ) ORDER BY post.lastcommentdate desc LIMIT 0,10   [ RunTime:0.0011s ]
INFO: [ view_parse ] --START--
INFO: [ template_filter ] --START--
INFO: Run Behavior\ContentReplaceBehavior [ RunTime:0.000152s ]
INFO: [ template_filter ] --END-- [ RunTime:0.000256s ]
INFO: Run Behavior\ParseTemplateBehavior [ RunTime:0.018386s ]
INFO: [ view_parse ] --END-- [ RunTime:0.018491s ]
INFO: [ view_filter ] --START--
INFO: Run Behavior\WriteHtmlCacheBehavior [ RunTime:0.000937s ]
INFO: [ view_filter ] --END-- [ RunTime:0.001067s ]
INFO: [ app_end ] --START--
INFO: Run Behavior\ShowPageTraceBehavior [ RunTime:0.001404s ]
INFO: [ app_end ] --END-- [ RunTime:0.001510s ]

[ 2016-09-09T19:13:09+08:00 ] 127.0.0.1 /alpha/index.php/Home/Inward/postmessages/postid/6.html
INFO: [ app_init ] --START--
INFO: Run Behavior\BuildLiteBehavior [ RunTime:0.000027s ]
INFO: [ app_init ] --END-- [ RunTime:0.001001s ]
INFO: [ app_begin ] --START--
INFO: Run Behavior\ReadHtmlCacheBehavior [ RunTime:0.001239s ]
INFO: [ app_begin ] --END-- [ RunTime:0.001359s ]
SQL: SHOW COLUMNS FROM `posttitles` [ RunTime:0.0062s ]
SQL: SHOW COLUMNS FROM `posttitles` [ RunTime:0.0085s ]
SQL: SELECT post.id as id,post.title as title,post.messages as messages,post.postdate as date,user.id as userid,user.username as username,user.userimg as img FROM posttitles post,user user WHERE ( post.id=6 and post.userid=user.id ) ORDER BY post.id desc  [ RunTime:0.0007s ]
SQL: SHOW COLUMNS FROM `postcomments` [ RunTime:0.0080s ]
SQL: SHOW COLUMNS FROM `postcomments` [ RunTime:0.0099s ]
SQL: SELECT COUNT(*) AS tp_count FROM postcomments post,user user WHERE ( post.titleid=6 and post.fid=-1 and post.userid=user.id ) LIMIT 1   [ RunTime:0.0009s ]
SQL: SHOW COLUMNS FROM `postcomments` [ RunTime:0.0123s ]
SQL: SELECT post.id as id,post.titleid as titleid,post.fid as postfid,post.messages as messages,post.commentdate as date,post.good as good,post.commentid as commentid,post.fname as fname,user.id as userid,user.username as username,user.userimg as img FROM postcomments post,user user WHERE ( post.titleid=6 and post.fid=-1 and post.userid=user.id ) LIMIT 0,10   [ RunTime:0.0010s ]
SQL: SHOW COLUMNS FROM `postcomments` [ RunTime:0.0091s ]
SQL: SELECT post.id as id,post.titleid as titleid,post.fid as postfid,post.messages as messages,post.commentdate as date,post.good as good,post.commentid as commentid,post.fname as fname,user.id as userid,user.username as username,user.userimg as img FROM postcomments post,user user WHERE ( post.titleid=6 and post.userid=user.id )  [ RunTime:0.0026s ]
INFO: [ view_parse ] --START--
INFO: [ template_filter ] --START--
INFO: Run Behavior\ContentReplaceBehavior [ RunTime:0.000184s ]
INFO: [ template_filter ] --END-- [ RunTime:0.000287s ]
INFO: Run Behavior\ParseTemplateBehavior [ RunTime:0.028596s ]
INFO: [ view_parse ] --END-- [ RunTime:0.028863s ]
INFO: [ view_filter ] --START--
INFO: Run Behavior\WriteHtmlCacheBehavior [ RunTime:0.002179s ]
INFO: [ view_filter ] --END-- [ RunTime:0.002468s ]
INFO: [ app_end ] --START--
INFO: Run Behavior\ShowPageTraceBehavior [ RunTime:0.002483s ]
INFO: [ app_end ] --END-- [ RunTime:0.002996s ]

[ 2016-09-09T19:13:14+08:00 ] 127.0.0.1 /alpha/index.php/Home/Inward/posts
INFO: [ app_init ] --START--
INFO: Run Behavior\BuildLiteBehavior [ RunTime:0.000062s ]
INFO: [ app_init ] --END-- [ RunTime:0.001146s ]
INFO: [ app_begin ] --START--
INFO: Run Behavior\ReadHtmlCacheBehavior [ RunTime:0.000749s ]
INFO: [ app_begin ] --END-- [ RunTime:0.000815s ]
SQL: SHOW COLUMNS FROM `user` [ RunTime:0.0074s ]
SQL: SHOW COLUMNS FROM `posttitles` [ RunTime:0.0067s ]
SQL: SELECT COUNT(*) AS tp_count FROM posttitles post,user user WHERE ( post.userid=user.id and post.ifdelete=1 ) ORDER BY post.id desc LIMIT 1   [ RunTime:0.0007s ]
SQL: SHOW COLUMNS FROM `posttitles` [ RunTime:0.0088s ]
SQL: SELECT post.id as id,post.title as title,post.messages as messages,post.postdate as date,post.replycount as comments,user.username as username,user.userimg as img FROM posttitles post,user user WHERE ( post.userid=user.id and post.ifdelete=1 ) ORDER BY post.lastcommentdate desc LIMIT 0,10   [ RunTime:0.0010s ]
INFO: [ view_parse ] --START--
INFO: [ template_filter ] --START--
INFO: Run Behavior\ContentReplaceBehavior [ RunTime:0.000145s ]
INFO: [ template_filter ] --END-- [ RunTime:0.000306s ]
INFO: Run Behavior\ParseTemplateBehavior [ RunTime:0.016480s ]
INFO: [ view_parse ] --END-- [ RunTime:0.016563s ]
INFO: [ view_filter ] --START--
INFO: Run Behavior\WriteHtmlCacheBehavior [ RunTime:0.000447s ]
INFO: [ view_filter ] --END-- [ RunTime:0.000503s ]
INFO: [ app_end ] --START--
INFO: Run Behavior\ShowPageTraceBehavior [ RunTime:0.000782s ]
INFO: [ app_end ] --END-- [ RunTime:0.000845s ]

[ 2016-09-09T19:13:18+08:00 ] 127.0.0.1 /alpha/index.php/Home/Inward/postmessages/postid/5.html
INFO: [ app_init ] --START--
INFO: Run Behavior\BuildLiteBehavior [ RunTime:0.000034s ]
INFO: [ app_init ] --END-- [ RunTime:0.001206s ]
INFO: [ app_begin ] --START--
INFO: Run Behavior\ReadHtmlCacheBehavior [ RunTime:0.002479s ]
INFO: [ app_begin ] --END-- [ RunTime:0.002646s ]
SQL: SHOW COLUMNS FROM `posttitles` [ RunTime:0.0047s ]
SQL: SHOW COLUMNS FROM `posttitles` [ RunTime:0.0071s ]
SQL: SELECT post.id as id,post.title as title,post.messages as messages,post.postdate as date,user.id as userid,user.username as username,user.userimg as img FROM posttitles post,user user WHERE ( post.id=5 and post.userid=user.id ) ORDER BY post.id desc  [ RunTime:0.0007s ]
SQL: SHOW COLUMNS FROM `postcomments` [ RunTime:0.0057s ]
SQL: SHOW COLUMNS FROM `postcomments` [ RunTime:0.0050s ]
SQL: SELECT COUNT(*) AS tp_count FROM postcomments post,user user WHERE ( post.titleid=5 and post.fid=-1 and post.userid=user.id ) LIMIT 1   [ RunTime:0.0007s ]
SQL: SHOW COLUMNS FROM `postcomments` [ RunTime:0.0079s ]
SQL: SELECT post.id as id,post.titleid as titleid,post.fid as postfid,post.messages as messages,post.commentdate as date,post.good as good,post.commentid as commentid,post.fname as fname,user.id as userid,user.username as username,user.userimg as img FROM postcomments post,user user WHERE ( post.titleid=5 and post.fid=-1 and post.userid=user.id ) LIMIT 0,10   [ RunTime:0.0009s ]
SQL: SHOW COLUMNS FROM `postcomments` [ RunTime:0.0086s ]
SQL: SELECT post.id as id,post.titleid as titleid,post.fid as postfid,post.messages as messages,post.commentdate as date,post.good as good,post.commentid as commentid,post.fname as fname,user.id as userid,user.username as username,user.userimg as img FROM postcomments post,user user WHERE ( post.titleid=5 and post.userid=user.id )  [ RunTime:0.0011s ]
INFO: [ view_parse ] --START--
INFO: [ template_filter ] --START--
INFO: Run Behavior\ContentReplaceBehavior [ RunTime:0.000223s ]
INFO: [ template_filter ] --END-- [ RunTime:0.000416s ]
INFO: Run Behavior\ParseTemplateBehavior [ RunTime:0.028951s ]
INFO: [ view_parse ] --END-- [ RunTime:0.029083s ]
INFO: [ view_filter ] --START--
INFO: Run Behavior\WriteHtmlCacheBehavior [ RunTime:0.001127s ]
INFO: [ view_filter ] --END-- [ RunTime:0.001229s ]
INFO: [ app_end ] --START--
INFO: Run Behavior\ShowPageTraceBehavior [ RunTime:0.001418s ]
INFO: [ app_end ] --END-- [ RunTime:0.001533s ]

[ 2016-09-09T19:13:27+08:00 ] 127.0.0.1 /alpha/index.php/Home/Inward/files
INFO: [ app_init ] --START--
INFO: Run Behavior\BuildLiteBehavior [ RunTime:0.000034s ]
INFO: [ app_init ] --END-- [ RunTime:0.001024s ]
INFO: [ app_begin ] --START--
INFO: Run Behavior\ReadHtmlCacheBehavior [ RunTime:0.001024s ]
INFO: [ app_begin ] --END-- [ RunTime:0.001102s ]
SQL: SHOW COLUMNS FROM `files` [ RunTime:0.0657s ]
SQL: SELECT `id`,`filename`,`filesrc`,`user`,`ifshow`,`master`,`filedesc`,`uploadtime` FROM `files` WHERE `ifshow` = 1 ORDER BY id  [ RunTime:0.0007s ]
INFO: [ view_parse ] --START--
INFO: [ template_filter ] --START--
INFO: Run Behavior\ContentReplaceBehavior [ RunTime:0.000096s ]
INFO: [ template_filter ] --END-- [ RunTime:0.000168s ]
INFO: Run Behavior\ParseTemplateBehavior [ RunTime:0.024435s ]
INFO: [ view_parse ] --END-- [ RunTime:0.024513s ]
INFO: [ view_filter ] --START--
INFO: Run Behavior\WriteHtmlCacheBehavior [ RunTime:0.000464s ]
INFO: [ view_filter ] --END-- [ RunTime:0.000518s ]
INFO: [ app_end ] --START--
INFO: Run Behavior\ShowPageTraceBehavior [ RunTime:0.000776s ]
INFO: [ app_end ] --END-- [ RunTime:0.000838s ]

[ 2016-09-09T19:14:07+08:00 ] 127.0.0.1 /alpha/index.php/Home/Inward/addnewfiles.html
INFO: [ app_init ] --START--
INFO: Run Behavior\BuildLiteBehavior [ RunTime:0.000023s ]
INFO: [ app_init ] --END-- [ RunTime:0.000776s ]
INFO: [ app_begin ] --START--
INFO: Run Behavior\ReadHtmlCacheBehavior [ RunTime:0.001036s ]
INFO: [ app_begin ] --END-- [ RunTime:0.001129s ]
INFO: [ app_end ] --START--
INFO: Run Behavior\ShowPageTraceBehavior [ RunTime:0.001473s ]
INFO: [ app_end ] --END-- [ RunTime:0.001584s ]

[ 2016-09-09T19:14:26+08:00 ] 127.0.0.1 /alpha/index.php/Home/Inward/addnewfiles.html
INFO: [ app_init ] --START--
INFO: Run Behavior\BuildLiteBehavior [ RunTime:0.000019s ]
INFO: [ app_init ] --END-- [ RunTime:0.000673s ]
INFO: [ app_begin ] --START--
INFO: Run Behavior\ReadHtmlCacheBehavior [ RunTime:0.001148s ]
INFO: [ app_begin ] --END-- [ RunTime:0.001246s ]
NOTIC: [2] call_user_func() expects parameter 1 to be a valid callback, no array or string given E:\PHP\xampp\htdocs\alpha\ThinkPHP\Library\Think\Upload.class.php 第 170 行.
SQL: SHOW COLUMNS FROM `files` [ RunTime:0.0051s ]
SQL: INSERT INTO `files` (`filename`,`filesrc`,`user`,`filedesc`,`uploadtime`) VALUES ('wwwww','57d299921441e.zip','Hennessy·zhao','wwwwwww','16-09-09 19:14:26') [ RunTime:0.0489s ]

[ 2016-09-09T19:14:26+08:00 ] 127.0.0.1 /alpha/index.php/Home/Inward/files.html
INFO: [ app_init ] --START--
INFO: Run Behavior\BuildLiteBehavior [ RunTime:0.000019s ]
INFO: [ app_init ] --END-- [ RunTime:0.000789s ]
INFO: [ app_begin ] --START--
INFO: Run Behavior\ReadHtmlCacheBehavior [ RunTime:0.001014s ]
INFO: [ app_begin ] --END-- [ RunTime:0.001072s ]
SQL: SHOW COLUMNS FROM `files` [ RunTime:0.0063s ]
SQL: SELECT `id`,`filename`,`filesrc`,`user`,`ifshow`,`master`,`filedesc`,`uploadtime` FROM `files` WHERE `ifshow` = 1 ORDER BY id  [ RunTime:0.0007s ]
INFO: [ view_parse ] --START--
INFO: [ template_filter ] --START--
INFO: Run Behavior\ContentReplaceBehavior [ RunTime:0.000148s ]
INFO: [ template_filter ] --END-- [ RunTime:0.000254s ]
INFO: Run Behavior\ParseTemplateBehavior [ RunTime:0.021049s ]
INFO: [ view_parse ] --END-- [ RunTime:0.021174s ]
INFO: [ view_filter ] --START--
INFO: Run Behavior\WriteHtmlCacheBehavior [ RunTime:0.001414s ]
INFO: [ view_filter ] --END-- [ RunTime:0.001527s ]
INFO: [ app_end ] --START--
INFO: Run Behavior\ShowPageTraceBehavior [ RunTime:0.001715s ]
INFO: [ app_end ] --END-- [ RunTime:0.001812s ]

[ 2016-09-09T19:15:07+08:00 ] 127.0.0.1 /alpha/index.php/Home/Inward/files.html
INFO: [ app_init ] --START--
INFO: Run Behavior\BuildLiteBehavior [ RunTime:0.000022s ]
INFO: [ app_init ] --END-- [ RunTime:0.000829s ]
INFO: [ app_begin ] --START--
INFO: Run Behavior\ReadHtmlCacheBehavior [ RunTime:0.000837s ]
INFO: [ app_begin ] --END-- [ RunTime:0.000907s ]
SQL: SHOW COLUMNS FROM `files` [ RunTime:0.0051s ]
SQL: SELECT `id`,`filename`,`filesrc`,`user`,`ifshow`,`master`,`filedesc`,`uploadtime` FROM `files` WHERE `ifshow` = 1 ORDER BY id  [ RunTime:0.0008s ]
INFO: [ view_parse ] --START--
INFO: [ template_filter ] --START--
INFO: Run Behavior\ContentReplaceBehavior [ RunTime:0.000094s ]
INFO: [ template_filter ] --END-- [ RunTime:0.000165s ]
INFO: Run Behavior\ParseTemplateBehavior [ RunTime:0.011431s ]
INFO: [ view_parse ] --END-- [ RunTime:0.011502s ]
INFO: [ view_filter ] --START--
INFO: Run Behavior\WriteHtmlCacheBehavior [ RunTime:0.000390s ]
INFO: [ view_filter ] --END-- [ RunTime:0.000436s ]
INFO: [ app_end ] --START--
INFO: Run Behavior\ShowPageTraceBehavior [ RunTime:0.000697s ]
INFO: [ app_end ] --END-- [ RunTime:0.000754s ]

[ 2016-09-09T19:15:16+08:00 ] 127.0.0.1 /alpha/index.php/Home/Inward/membercenter
INFO: [ app_init ] --START--
INFO: Run Behavior\BuildLiteBehavior [ RunTime:0.000020s ]
INFO: [ app_init ] --END-- [ RunTime:0.000615s ]
INFO: [ app_begin ] --START--
INFO: Run Behavior\ReadHtmlCacheBehavior [ RunTime:0.000723s ]
INFO: [ app_begin ] --END-- [ RunTime:0.000788s ]
INFO: [ view_parse ] --START--
INFO: [ template_filter ] --START--
INFO: Run Behavior\ContentReplaceBehavior [ RunTime:0.000101s ]
INFO: [ template_filter ] --END-- [ RunTime:0.000188s ]
INFO: Run Behavior\ParseTemplateBehavior [ RunTime:0.025425s ]
INFO: [ view_parse ] --END-- [ RunTime:0.025506s ]
INFO: [ view_filter ] --START--
INFO: Run Behavior\WriteHtmlCacheBehavior [ RunTime:0.000438s ]
INFO: [ view_filter ] --END-- [ RunTime:0.000496s ]
INFO: [ app_end ] --START--
INFO: Run Behavior\ShowPageTraceBehavior [ RunTime:0.000731s ]
INFO: [ app_end ] --END-- [ RunTime:0.000791s ]

[ 2016-09-09T19:15:24+08:00 ] 127.0.0.1 /alpha/index.php/Home/User/index
INFO: [ app_init ] --START--
INFO: Run Behavior\BuildLiteBehavior [ RunTime:0.000020s ]
INFO: [ app_init ] --END-- [ RunTime:0.000651s ]
INFO: [ app_begin ] --START--
INFO: Run Behavior\ReadHtmlCacheBehavior [ RunTime:0.001215s ]
INFO: [ app_begin ] --END-- [ RunTime:0.001321s ]
INFO: [ view_parse ] --START--
INFO: [ template_filter ] --START--
INFO: Run Behavior\ContentReplaceBehavior [ RunTime:0.000073s ]
INFO: [ template_filter ] --END-- [ RunTime:0.000148s ]
INFO: Run Behavior\ParseTemplateBehavior [ RunTime:0.021295s ]
INFO: [ view_parse ] --END-- [ RunTime:0.021376s ]
INFO: [ view_filter ] --START--
INFO: Run Behavior\WriteHtmlCacheBehavior [ RunTime:0.000386s ]
INFO: [ view_filter ] --END-- [ RunTime:0.000434s ]
INFO: [ app_end ] --START--
INFO: Run Behavior\ShowPageTraceBehavior [ RunTime:0.000716s ]
INFO: [ app_end ] --END-- [ RunTime:0.000774s ]

[ 2016-09-09T19:15:25+08:00 ] 127.0.0.1 /alpha/index.php/Home/User/home
INFO: [ app_init ] --START--
INFO: Run Behavior\BuildLiteBehavior [ RunTime:0.000030s ]
INFO: [ app_init ] --END-- [ RunTime:0.001335s ]
INFO: [ app_begin ] --START--
INFO: Run Behavior\ReadHtmlCacheBehavior [ RunTime:0.004426s ]
INFO: [ app_begin ] --END-- [ RunTime:0.004594s ]
SQL: SHOW COLUMNS FROM `posttitles` [ RunTime:0.0078s ]
SQL: SELECT COUNT(*) AS tp_count FROM `posttitles` WHERE `userid` = 1 LIMIT 1   [ RunTime:0.0006s ]
SQL: SHOW COLUMNS FROM `postcomments` [ RunTime:0.0059s ]
SQL: SELECT COUNT(*) AS tp_count FROM `postcomments` WHERE `userid` = 1 LIMIT 1   [ RunTime:0.0005s ]
SQL: SHOW COLUMNS FROM `files` [ RunTime:0.0050s ]
SQL: SELECT COUNT(*) AS tp_count FROM `files` WHERE `user` = 'Hennessy·zhao' LIMIT 1   [ RunTime:0.0011s ]
SQL: SHOW COLUMNS FROM `advise` [ RunTime:0.0954s ]
SQL: SELECT COUNT(*) AS tp_count FROM `advise` WHERE `username` = 'Hennessy·zhao' LIMIT 1   [ RunTime:0.0004s ]
INFO: [ view_parse ] --START--
INFO: [ template_filter ] --START--
INFO: Run Behavior\ContentReplaceBehavior [ RunTime:0.000119s ]
INFO: [ template_filter ] --END-- [ RunTime:0.000234s ]
INFO: Run Behavior\ParseTemplateBehavior [ RunTime:0.198802s ]
INFO: [ view_parse ] --END-- [ RunTime:0.198897s ]
INFO: [ view_filter ] --START--
INFO: Run Behavior\WriteHtmlCacheBehavior [ RunTime:0.000748s ]
INFO: [ view_filter ] --END-- [ RunTime:0.000807s ]
INFO: [ app_end ] --START--
INFO: Run Behavior\ShowPageTraceBehavior [ RunTime:0.001064s ]
INFO: [ app_end ] --END-- [ RunTime:0.001126s ]

[ 2016-09-09T19:15:30+08:00 ] 127.0.0.1 /alpha/index.php/Home/User/index
INFO: [ app_init ] --START--
INFO: Run Behavior\BuildLiteBehavior [ RunTime:0.000030s ]
INFO: [ app_init ] --END-- [ RunTime:0.001308s ]
INFO: [ app_begin ] --START--
INFO: Run Behavior\ReadHtmlCacheBehavior [ RunTime:0.000901s ]
INFO: [ app_begin ] --END-- [ RunTime:0.000990s ]
INFO: [ view_parse ] --START--
INFO: [ template_filter ] --START--
INFO: Run Behavior\ContentReplaceBehavior [ RunTime:0.000102s ]
INFO: [ template_filter ] --END-- [ RunTime:0.000213s ]
INFO: Run Behavior\ParseTemplateBehavior [ RunTime:0.018873s ]
INFO: [ view_parse ] --END-- [ RunTime:0.018995s ]
INFO: [ view_filter ] --START--
INFO: Run Behavior\WriteHtmlCacheBehavior [ RunTime:0.000627s ]
INFO: [ view_filter ] --END-- [ RunTime:0.000690s ]
INFO: [ app_end ] --START--
INFO: Run Behavior\ShowPageTraceBehavior [ RunTime:0.000820s ]
INFO: [ app_end ] --END-- [ RunTime:0.000890s ]

[ 2016-09-09T19:15:30+08:00 ] 127.0.0.1 /alpha/index.php/Home/User/home
INFO: [ app_init ] --START--
INFO: Run Behavior\BuildLiteBehavior [ RunTime:0.000028s ]
INFO: [ app_init ] --END-- [ RunTime:0.000941s ]
INFO: [ app_begin ] --START--
INFO: Run Behavior\ReadHtmlCacheBehavior [ RunTime:0.001106s ]
INFO: [ app_begin ] --END-- [ RunTime:0.001200s ]
SQL: SHOW COLUMNS FROM `posttitles` [ RunTime:0.0071s ]
SQL: SELECT COUNT(*) AS tp_count FROM `posttitles` WHERE `userid` = 1 LIMIT 1   [ RunTime:0.0005s ]
SQL: SHOW COLUMNS FROM `postcomments` [ RunTime:0.0075s ]
SQL: SELECT COUNT(*) AS tp_count FROM `postcomments` WHERE `userid` = 1 LIMIT 1   [ RunTime:0.0006s ]
SQL: SHOW COLUMNS FROM `files` [ RunTime:0.0067s ]
SQL: SELECT COUNT(*) AS tp_count FROM `files` WHERE `user` = 'Hennessy·zhao' LIMIT 1   [ RunTime:0.0005s ]
SQL: SHOW COLUMNS FROM `advise` [ RunTime:0.0077s ]
SQL: SELECT COUNT(*) AS tp_count FROM `advise` WHERE `username` = 'Hennessy·zhao' LIMIT 1   [ RunTime:0.0005s ]
INFO: [ view_parse ] --START--
INFO: [ template_filter ] --START--
INFO: Run Behavior\ContentReplaceBehavior [ RunTime:0.000178s ]
INFO: [ template_filter ] --END-- [ RunTime:0.000304s ]
INFO: Run Behavior\ParseTemplateBehavior [ RunTime:0.012765s ]
INFO: [ view_parse ] --END-- [ RunTime:0.012861s ]
INFO: [ view_filter ] --START--
INFO: Run Behavior\WriteHtmlCacheBehavior [ RunTime:0.000544s ]
INFO: [ view_filter ] --END-- [ RunTime:0.000607s ]
INFO: [ app_end ] --START--
INFO: Run Behavior\ShowPageTraceBehavior [ RunTime:0.000908s ]
INFO: [ app_end ] --END-- [ RunTime:0.000977s ]

[ 2016-09-09T19:15:42+08:00 ] 127.0.0.1 /alpha/index.php/Home/User/userset
INFO: [ app_init ] --START--
INFO: Run Behavior\BuildLiteBehavior [ RunTime:0.000017s ]
INFO: [ app_init ] --END-- [ RunTime:0.000581s ]
INFO: [ app_begin ] --START--
INFO: Run Behavior\ReadHtmlCacheBehavior [ RunTime:0.000901s ]
INFO: [ app_begin ] --END-- [ RunTime:0.000964s ]
SQL: SHOW COLUMNS FROM `user` [ RunTime:0.0051s ]
SQL: SELECT `id`,`username`,`truename`,`password`,`email`,`start_year`,`phone`,`sex`,`introduction`,`rank`,`judger`,`start_time`,`userimg` FROM `user`  [ RunTime:0.0007s ]
INFO: [ view_parse ] --START--
INFO: [ template_filter ] --START--
INFO: Run Behavior\ContentReplaceBehavior [ RunTime:0.000126s ]
INFO: [ template_filter ] --END-- [ RunTime:0.000232s ]
INFO: Run Behavior\ParseTemplateBehavior [ RunTime:0.022650s ]
INFO: [ view_parse ] --END-- [ RunTime:0.022767s ]
INFO: [ view_filter ] --START--
INFO: Run Behavior\WriteHtmlCacheBehavior [ RunTime:0.000682s ]
INFO: [ view_filter ] --END-- [ RunTime:0.000743s ]
INFO: [ app_end ] --START--
INFO: Run Behavior\ShowPageTraceBehavior [ RunTime:0.000785s ]
INFO: [ app_end ] --END-- [ RunTime:0.000837s ]

[ 2016-09-09T19:15:42+08:00 ] 127.0.0.1 /alpha/index.php/Home/User/image/mei.jpg
INFO: [ app_init ] --START--
INFO: Run Behavior\BuildLiteBehavior [ RunTime:0.000024s ]
INFO: [ app_init ] --END-- [ RunTime:0.001362s ]

[ 2016-09-09T19:15:56+08:00 ] 127.0.0.1 /alpha/index.php/Home/User/message
INFO: [ app_init ] --START--
INFO: Run Behavior\BuildLiteBehavior [ RunTime:0.000024s ]
INFO: [ app_init ] --END-- [ RunTime:0.000906s ]
INFO: [ app_begin ] --START--
INFO: Run Behavior\ReadHtmlCacheBehavior [ RunTime:0.001473s ]
INFO: [ app_begin ] --END-- [ RunTime:0.001562s ]
INFO: [ view_parse ] --START--
INFO: [ template_filter ] --START--
INFO: Run Behavior\ContentReplaceBehavior [ RunTime:0.000058s ]
INFO: [ template_filter ] --END-- [ RunTime:0.000161s ]
INFO: Run Behavior\ParseTemplateBehavior [ RunTime:0.012903s ]
INFO: [ view_parse ] --END-- [ RunTime:0.013013s ]
INFO: [ view_filter ] --START--
INFO: Run Behavior\WriteHtmlCacheBehavior [ RunTime:0.001040s ]
INFO: [ view_filter ] --END-- [ RunTime:0.001132s ]
INFO: [ app_end ] --START--
INFO: Run Behavior\ShowPageTraceBehavior [ RunTime:0.001885s ]
INFO: [ app_end ] --END-- [ RunTime:0.001990s ]

[ 2016-09-09T19:15:56+08:00 ] 127.0.0.1 /alpha/index.php/Home/User/userpost
INFO: [ app_init ] --START--
INFO: Run Behavior\BuildLiteBehavior [ RunTime:0.000035s ]
INFO: [ app_init ] --END-- [ RunTime:0.001207s ]
INFO: [ app_begin ] --START--
INFO: Run Behavior\ReadHtmlCacheBehavior [ RunTime:0.001583s ]
INFO: [ app_begin ] --END-- [ RunTime:0.001695s ]
INFO: [ view_parse ] --START--
INFO: [ template_filter ] --START--
INFO: Run Behavior\ContentReplaceBehavior [ RunTime:0.000057s ]
INFO: [ template_filter ] --END-- [ RunTime:0.000164s ]
INFO: Run Behavior\ParseTemplateBehavior [ RunTime:0.016970s ]
INFO: [ view_parse ] --END-- [ RunTime:0.017093s ]
INFO: [ view_filter ] --START--
INFO: Run Behavior\WriteHtmlCacheBehavior [ RunTime:0.001419s ]
INFO: [ view_filter ] --END-- [ RunTime:0.001505s ]
INFO: [ app_end ] --START--
INFO: Run Behavior\ShowPageTraceBehavior [ RunTime:0.001488s ]
INFO: [ app_end ] --END-- [ RunTime:0.001569s ]

[ 2016-09-09T19:15:57+08:00 ] 127.0.0.1 /alpha/index.php/Home/User/userfiles
INFO: [ app_init ] --START--
INFO: Run Behavior\BuildLiteBehavior [ RunTime:0.000027s ]
INFO: [ app_init ] --END-- [ RunTime:0.001090s ]
INFO: [ app_begin ] --START--
INFO: Run Behavior\ReadHtmlCacheBehavior [ RunTime:0.003680s ]
INFO: [ app_begin ] --END-- [ RunTime:0.003788s ]
INFO: [ view_parse ] --START--
INFO: [ template_filter ] --START--
INFO: Run Behavior\ContentReplaceBehavior [ RunTime:0.000080s ]
INFO: [ template_filter ] --END-- [ RunTime:0.000249s ]
INFO: Run Behavior\ParseTemplateBehavior [ RunTime:0.015966s ]
INFO: [ view_parse ] --END-- [ RunTime:0.016101s ]
INFO: [ view_filter ] --START--
INFO: Run Behavior\WriteHtmlCacheBehavior [ RunTime:0.001807s ]
INFO: [ view_filter ] --END-- [ RunTime:0.002013s ]
INFO: [ app_end ] --START--
INFO: Run Behavior\ShowPageTraceBehavior [ RunTime:0.001103s ]
INFO: [ app_end ] --END-- [ RunTime:0.001173s ]

[ 2016-09-09T19:16:01+08:00 ] 127.0.0.1 /alpha/index.php/Home/User/home
INFO: [ app_init ] --START--
INFO: Run Behavior\BuildLiteBehavior [ RunTime:0.000025s ]
INFO: [ app_init ] --END-- [ RunTime:0.000835s ]
INFO: [ app_begin ] --START--
INFO: Run Behavior\ReadHtmlCacheBehavior [ RunTime:0.001826s ]
INFO: [ app_begin ] --END-- [ RunTime:0.001963s ]
SQL: SHOW COLUMNS FROM `posttitles` [ RunTime:0.0054s ]
SQL: SELECT COUNT(*) AS tp_count FROM `posttitles` WHERE `userid` = 1 LIMIT 1   [ RunTime:0.0006s ]
SQL: SHOW COLUMNS FROM `postcomments` [ RunTime:0.0064s ]
SQL: SELECT COUNT(*) AS tp_count FROM `postcomments` WHERE `userid` = 1 LIMIT 1   [ RunTime:0.0006s ]
SQL: SHOW COLUMNS FROM `files` [ RunTime:0.0066s ]
SQL: SELECT COUNT(*) AS tp_count FROM `files` WHERE `user` = 'Hennessy·zhao' LIMIT 1   [ RunTime:0.0005s ]
SQL: SHOW COLUMNS FROM `advise` [ RunTime:0.0048s ]
SQL: SELECT COUNT(*) AS tp_count FROM `advise` WHERE `username` = 'Hennessy·zhao' LIMIT 1   [ RunTime:0.0006s ]
INFO: [ view_parse ] --START--
INFO: [ template_filter ] --START--
INFO: Run Behavior\ContentReplaceBehavior [ RunTime:0.000077s ]
INFO: [ template_filter ] --END-- [ RunTime:0.000156s ]
INFO: Run Behavior\ParseTemplateBehavior [ RunTime:0.010750s ]
INFO: [ view_parse ] --END-- [ RunTime:0.010831s ]
INFO: [ view_filter ] --START--
INFO: Run Behavior\WriteHtmlCacheBehavior [ RunTime:0.000735s ]
INFO: [ view_filter ] --END-- [ RunTime:0.000796s ]
INFO: [ app_end ] --START--
INFO: Run Behavior\ShowPageTraceBehavior [ RunTime:0.000974s ]
INFO: [ app_end ] --END-- [ RunTime:0.001030s ]

[ 2016-09-09T19:16:02+08:00 ] 127.0.0.1 /alpha/index.php/Home/Inward/index
INFO: [ app_init ] --START--
INFO: Run Behavior\BuildLiteBehavior [ RunTime:0.000020s ]
INFO: [ app_init ] --END-- [ RunTime:0.000846s ]
INFO: [ app_begin ] --START--
INFO: Run Behavior\ReadHtmlCacheBehavior [ RunTime:0.001486s ]
INFO: [ app_begin ] --END-- [ RunTime:0.001591s ]
INFO: [ view_parse ] --START--
INFO: [ template_filter ] --START--
INFO: Run Behavior\ContentReplaceBehavior [ RunTime:0.000128s ]
INFO: [ template_filter ] --END-- [ RunTime:0.000241s ]
INFO: Run Behavior\ParseTemplateBehavior [ RunTime:0.017125s ]
INFO: [ view_parse ] --END-- [ RunTime:0.017238s ]
INFO: [ view_filter ] --START--
INFO: Run Behavior\WriteHtmlCacheBehavior [ RunTime:0.001065s ]
INFO: [ view_filter ] --END-- [ RunTime:0.001140s ]
INFO: [ app_end ] --START--
INFO: Run Behavior\ShowPageTraceBehavior [ RunTime:0.001238s ]
INFO: [ app_end ] --END-- [ RunTime:0.001308s ]

[ 2016-09-09T19:16:10+08:00 ] 127.0.0.1 /alpha/index.php/Home/Inward/signout
INFO: [ app_init ] --START--
INFO: Run Behavior\BuildLiteBehavior [ RunTime:0.000025s ]
INFO: [ app_init ] --END-- [ RunTime:0.000925s ]
INFO: [ app_begin ] --START--
INFO: Run Behavior\ReadHtmlCacheBehavior [ RunTime:0.001253s ]
INFO: [ app_begin ] --END-- [ RunTime:0.001332s ]
INFO: [ app_end ] --START--
INFO: Run Behavior\ShowPageTraceBehavior [ RunTime:0.001377s ]
INFO: [ app_end ] --END-- [ RunTime:0.001488s ]

[ 2016-09-09T19:16:10+08:00 ] 127.0.0.1 /alpha/index.php/Home/Main/index
INFO: [ app_init ] --START--
INFO: Run Behavior\BuildLiteBehavior [ RunTime:0.000032s ]
INFO: [ app_init ] --END-- [ RunTime:0.001227s ]
INFO: [ app_begin ] --START--
INFO: Run Behavior\ReadHtmlCacheBehavior [ RunTime:0.001336s ]
INFO: [ app_begin ] --END-- [ RunTime:0.001425s ]
INFO: [ view_parse ] --START--
INFO: [ template_filter ] --START--
INFO: Run Behavior\ContentReplaceBehavior [ RunTime:0.000294s ]
INFO: [ template_filter ] --END-- [ RunTime:0.000405s ]
INFO: Run Behavior\ParseTemplateBehavior [ RunTime:0.021791s ]
INFO: [ view_parse ] --END-- [ RunTime:0.021962s ]
INFO: [ view_filter ] --START--
INFO: Run Behavior\WriteHtmlCacheBehavior [ RunTime:0.000933s ]
INFO: [ view_filter ] --END-- [ RunTime:0.001006s ]
INFO: [ app_end ] --START--
INFO: Run Behavior\ShowPageTraceBehavior [ RunTime:0.002621s ]
INFO: [ app_end ] --END-- [ RunTime:0.002771s ]

[ 2016-09-09T19:16:14+08:00 ] 127.0.0.1 /alpha/index.php/Home/User/register
INFO: [ app_init ] --START--
INFO: Run Behavior\BuildLiteBehavior [ RunTime:0.000031s ]
INFO: [ app_init ] --END-- [ RunTime:0.001866s ]
INFO: [ app_begin ] --START--
INFO: Run Behavior\ReadHtmlCacheBehavior [ RunTime:0.002850s ]
INFO: [ app_begin ] --END-- [ RunTime:0.002972s ]
INFO: [ view_parse ] --START--
INFO: [ template_filter ] --START--
INFO: Run Behavior\ContentReplaceBehavior [ RunTime:0.000243s ]
INFO: [ template_filter ] --END-- [ RunTime:0.000383s ]
INFO: Run Behavior\ParseTemplateBehavior [ RunTime:0.080653s ]
INFO: [ view_parse ] --END-- [ RunTime:0.080777s ]
INFO: [ view_filter ] --START--
INFO: Run Behavior\WriteHtmlCacheBehavior [ RunTime:0.002219s ]
INFO: [ view_filter ] --END-- [ RunTime:0.002597s ]
INFO: [ app_end ] --START--
INFO: Run Behavior\ShowPageTraceBehavior [ RunTime:0.001823s ]
INFO: [ app_end ] --END-- [ RunTime:0.001938s ]

[ 2016-09-09T20:39:56+08:00 ] 127.0.0.1 /alpha/
INFO: [ app_init ] --START--
INFO: Run Behavior\BuildLiteBehavior [ RunTime:0.000032s ]
INFO: [ app_init ] --END-- [ RunTime:0.001610s ]
INFO: [ app_begin ] --START--
INFO: Run Behavior\ReadHtmlCacheBehavior [ RunTime:0.002256s ]
INFO: [ app_begin ] --END-- [ RunTime:0.002453s ]
INFO: [ view_parse ] --START--
INFO: [ template_filter ] --START--
INFO: Run Behavior\ContentReplaceBehavior [ RunTime:0.000077s ]
INFO: [ template_filter ] --END-- [ RunTime:0.000181s ]
INFO: Run Behavior\ParseTemplateBehavior [ RunTime:0.035490s ]
INFO: [ view_parse ] --END-- [ RunTime:0.035689s ]
INFO: [ view_filter ] --START--
INFO: Run Behavior\WriteHtmlCacheBehavior [ RunTime:0.010489s ]
INFO: [ view_filter ] --END-- [ RunTime:0.010606s ]
INFO: [ app_end ] --START--
INFO: Run Behavior\ShowPageTraceBehavior [ RunTime:0.010183s ]
INFO: [ app_end ] --END-- [ RunTime:0.010303s ]

[ 2016-09-09T20:40:00+08:00 ] 127.0.0.1 /alpha/index.php/Home/Main/index
INFO: [ app_init ] --START--
INFO: Run Behavior\BuildLiteBehavior [ RunTime:0.000038s ]
INFO: [ app_init ] --END-- [ RunTime:0.001410s ]
INFO: [ app_begin ] --START--
INFO: Run Behavior\ReadHtmlCacheBehavior [ RunTime:0.002004s ]
INFO: [ app_begin ] --END-- [ RunTime:0.002213s ]
INFO: [ view_parse ] --START--
INFO: [ template_filter ] --START--
INFO: Run Behavior\ContentReplaceBehavior [ RunTime:0.000287s ]
INFO: [ template_filter ] --END-- [ RunTime:0.000388s ]
INFO: Run Behavior\ParseTemplateBehavior [ RunTime:0.035369s ]
INFO: [ view_parse ] --END-- [ RunTime:0.035488s ]
INFO: [ view_filter ] --START--
INFO: Run Behavior\WriteHtmlCacheBehavior [ RunTime:0.000596s ]
INFO: [ view_filter ] --END-- [ RunTime:0.000667s ]
INFO: [ app_end ] --START--
INFO: Run Behavior\ShowPageTraceBehavior [ RunTime:0.000934s ]
INFO: [ app_end ] --END-- [ RunTime:0.001013s ]

[ 2016-09-09T20:40:44+08:00 ] 127.0.0.1 /alpha/index.php/Home/Main/login
INFO: [ app_init ] --START--
INFO: Run Behavior\BuildLiteBehavior [ RunTime:0.000029s ]
INFO: [ app_init ] --END-- [ RunTime:0.000822s ]
INFO: [ app_begin ] --START--
INFO: Run Behavior\ReadHtmlCacheBehavior [ RunTime:0.001117s ]
INFO: [ app_begin ] --END-- [ RunTime:0.001213s ]
SQL: SHOW COLUMNS FROM `user` [ RunTime:0.0090s ]
SQL: SELECT * FROM `user` WHERE `username` = '赵益石'  [ RunTime:0.0009s ]
SQL: SELECT * FROM `user` WHERE `truename` = '赵益石'  [ RunTime:0.0005s ]
INFO: [ app_end ] --START--
INFO: Run Behavior\ShowPageTraceBehavior [ RunTime:0.001709s ]
INFO: [ app_end ] --END-- [ RunTime:0.001808s ]

[ 2016-09-09T20:40:44+08:00 ] 127.0.0.1 /alpha/index.php/Home/Inward/index
INFO: [ app_init ] --START--
INFO: Run Behavior\BuildLiteBehavior [ RunTime:0.000039s ]
INFO: [ app_init ] --END-- [ RunTime:0.001383s ]
INFO: [ app_begin ] --START--
INFO: Run Behavior\ReadHtmlCacheBehavior [ RunTime:0.001483s ]
INFO: [ app_begin ] --END-- [ RunTime:0.001634s ]
INFO: [ view_parse ] --START--
INFO: [ template_filter ] --START--
INFO: Run Behavior\ContentReplaceBehavior [ RunTime:0.000111s ]
INFO: [ template_filter ] --END-- [ RunTime:0.000226s ]
INFO: Run Behavior\ParseTemplateBehavior [ RunTime:0.028306s ]
INFO: [ view_parse ] --END-- [ RunTime:0.028557s ]
INFO: [ view_filter ] --START--
INFO: Run Behavior\WriteHtmlCacheBehavior [ RunTime:0.001180s ]
INFO: [ view_filter ] --END-- [ RunTime:0.001293s ]
INFO: [ app_end ] --START--
INFO: Run Behavior\ShowPageTraceBehavior [ RunTime:0.001016s ]
INFO: [ app_end ] --END-- [ RunTime:0.001091s ]

[ 2016-09-09T20:40:47+08:00 ] 127.0.0.1 /alpha/index.php/Home/Main/index
INFO: [ app_init ] --START--
INFO: Run Behavior\BuildLiteBehavior [ RunTime:0.000036s ]
INFO: [ app_init ] --END-- [ RunTime:0.001520s ]
INFO: [ app_begin ] --START--
INFO: Run Behavior\ReadHtmlCacheBehavior [ RunTime:0.002380s ]
INFO: [ app_begin ] --END-- [ RunTime:0.002588s ]
INFO: [ view_parse ] --START--
INFO: [ template_filter ] --START--
INFO: Run Behavior\ContentReplaceBehavior [ RunTime:0.000323s ]
INFO: [ template_filter ] --END-- [ RunTime:0.000433s ]
INFO: Run Behavior\ParseTemplateBehavior [ RunTime:0.024690s ]
INFO: [ view_parse ] --END-- [ RunTime:0.024805s ]
INFO: [ view_filter ] --START--
INFO: Run Behavior\WriteHtmlCacheBehavior [ RunTime:0.001225s ]
INFO: [ view_filter ] --END-- [ RunTime:0.001329s ]
INFO: [ app_end ] --START--
INFO: Run Behavior\ShowPageTraceBehavior [ RunTime:0.001418s ]
INFO: [ app_end ] --END-- [ RunTime:0.001530s ]

[ 2016-09-09T20:40:49+08:00 ] 127.0.0.1 /alpha/index.php/Home/Inward/index
INFO: [ app_init ] --START--
INFO: Run Behavior\BuildLiteBehavior [ RunTime:0.000047s ]
INFO: [ app_init ] --END-- [ RunTime:0.001432s ]
INFO: [ app_begin ] --START--
INFO: Run Behavior\ReadHtmlCacheBehavior [ RunTime:0.001548s ]
INFO: [ app_begin ] --END-- [ RunTime:0.001705s ]
INFO: [ view_parse ] --START--
INFO: [ template_filter ] --START--
INFO: Run Behavior\ContentReplaceBehavior [ RunTime:0.000139s ]
INFO: [ template_filter ] --END-- [ RunTime:0.000323s ]
INFO: Run Behavior\ParseTemplateBehavior [ RunTime:0.012991s ]
INFO: [ view_parse ] --END-- [ RunTime:0.013112s ]
INFO: [ view_filter ] --START--
INFO: Run Behavior\WriteHtmlCacheBehavior [ RunTime:0.000548s ]
INFO: [ view_filter ] --END-- [ RunTime:0.000618s ]
INFO: [ app_end ] --START--
INFO: Run Behavior\ShowPageTraceBehavior [ RunTime:0.000871s ]
INFO: [ app_end ] --END-- [ RunTime:0.000948s ]

[ 2016-09-09T20:40:55+08:00 ] 127.0.0.1 /alpha/index.php/Home/Inward/chat
INFO: [ app_init ] --START--
INFO: Run Behavior\BuildLiteBehavior [ RunTime:0.000024s ]
INFO: [ app_init ] --END-- [ RunTime:0.000936s ]
INFO: [ app_begin ] --START--
INFO: Run Behavior\ReadHtmlCacheBehavior [ RunTime:0.000903s ]
INFO: [ app_begin ] --END-- [ RunTime:0.000983s ]
INFO: [ view_parse ] --START--
INFO: [ template_filter ] --START--
INFO: Run Behavior\ContentReplaceBehavior [ RunTime:0.000161s ]
INFO: [ template_filter ] --END-- [ RunTime:0.000289s ]
INFO: Run Behavior\ParseTemplateBehavior [ RunTime:0.043903s ]
INFO: [ view_parse ] --END-- [ RunTime:0.044117s ]
INFO: [ view_filter ] --START--
INFO: Run Behavior\WriteHtmlCacheBehavior [ RunTime:0.001037s ]
INFO: [ view_filter ] --END-- [ RunTime:0.001122s ]
INFO: [ app_end ] --START--
INFO: Run Behavior\ShowPageTraceBehavior [ RunTime:0.006256s ]
INFO: [ app_end ] --END-- [ RunTime:0.006396s ]

[ 2016-09-09T20:40:59+08:00 ] 127.0.0.1 /alpha/index.php/Home/Inward/posts
INFO: [ app_init ] --START--
INFO: Run Behavior\BuildLiteBehavior [ RunTime:0.000032s ]
INFO: [ app_init ] --END-- [ RunTime:0.001272s ]
INFO: [ app_begin ] --START--
INFO: Run Behavior\ReadHtmlCacheBehavior [ RunTime:0.001505s ]
INFO: [ app_begin ] --END-- [ RunTime:0.001657s ]
SQL: SHOW COLUMNS FROM `user` [ RunTime:0.0085s ]
SQL: SHOW COLUMNS FROM `posttitles` [ RunTime:0.0074s ]
SQL: SELECT COUNT(*) AS tp_count FROM posttitles post,user user WHERE ( post.userid=user.id and post.ifdelete=1 ) ORDER BY post.id desc LIMIT 1   [ RunTime:0.0013s ]
SQL: SHOW COLUMNS FROM `posttitles` [ RunTime:0.0070s ]
SQL: SELECT post.id as id,post.title as title,post.messages as messages,post.postdate as date,post.replycount as comments,user.username as username,user.userimg as img FROM posttitles post,user user WHERE ( post.userid=user.id and post.ifdelete=1 ) ORDER BY post.lastcommentdate desc LIMIT 0,10   [ RunTime:0.0013s ]
INFO: [ view_parse ] --START--
INFO: [ template_filter ] --START--
INFO: Run Behavior\ContentReplaceBehavior [ RunTime:0.000153s ]
INFO: [ template_filter ] --END-- [ RunTime:0.000265s ]
INFO: Run Behavior\ParseTemplateBehavior [ RunTime:0.034956s ]
INFO: [ view_parse ] --END-- [ RunTime:0.035070s ]
INFO: [ view_filter ] --START--
INFO: Run Behavior\WriteHtmlCacheBehavior [ RunTime:0.001240s ]
INFO: [ view_filter ] --END-- [ RunTime:0.001312s ]
INFO: [ app_end ] --START--
INFO: Run Behavior\ShowPageTraceBehavior [ RunTime:0.002502s ]
INFO: [ app_end ] --END-- [ RunTime:0.002818s ]

[ 2016-09-09T20:41:07+08:00 ] 127.0.0.1 /alpha/index.php/Home/Inward/postmessages/postid/5.html
INFO: [ app_init ] --START--
INFO: Run Behavior\BuildLiteBehavior [ RunTime:0.000071s ]
INFO: [ app_init ] --END-- [ RunTime:0.001621s ]
INFO: [ app_begin ] --START--
INFO: Run Behavior\ReadHtmlCacheBehavior [ RunTime:0.001841s ]
INFO: [ app_begin ] --END-- [ RunTime:0.002004s ]
SQL: SHOW COLUMNS FROM `posttitles` [ RunTime:0.0107s ]
SQL: SHOW COLUMNS FROM `posttitles` [ RunTime:0.0068s ]
SQL: SELECT post.id as id,post.title as title,post.messages as messages,post.postdate as date,user.id as userid,user.username as username,user.userimg as img FROM posttitles post,user user WHERE ( post.id=5 and post.userid=user.id ) ORDER BY post.id desc  [ RunTime:0.0009s ]
SQL: SHOW COLUMNS FROM `postcomments` [ RunTime:0.0077s ]
SQL: SHOW COLUMNS FROM `postcomments` [ RunTime:0.0080s ]
SQL: SELECT COUNT(*) AS tp_count FROM postcomments post,user user WHERE ( post.titleid=5 and post.fid=-1 and post.userid=user.id ) LIMIT 1   [ RunTime:0.0029s ]
SQL: SHOW COLUMNS FROM `postcomments` [ RunTime:0.0081s ]
SQL: SELECT post.id as id,post.titleid as titleid,post.fid as postfid,post.messages as messages,post.commentdate as date,post.good as good,post.commentid as commentid,post.fname as fname,user.id as userid,user.username as username,user.userimg as img FROM postcomments post,user user WHERE ( post.titleid=5 and post.fid=-1 and post.userid=user.id ) LIMIT 0,10   [ RunTime:0.0018s ]
SQL: SHOW COLUMNS FROM `postcomments` [ RunTime:0.0090s ]
SQL: SELECT post.id as id,post.titleid as titleid,post.fid as postfid,post.messages as messages,post.commentdate as date,post.good as good,post.commentid as commentid,post.fname as fname,user.id as userid,user.username as username,user.userimg as img FROM postcomments post,user user WHERE ( post.titleid=5 and post.userid=user.id )  [ RunTime:0.0020s ]
INFO: [ view_parse ] --START--
INFO: [ template_filter ] --START--
INFO: Run Behavior\ContentReplaceBehavior [ RunTime:0.000493s ]
INFO: [ template_filter ] --END-- [ RunTime:0.000622s ]
INFO: Run Behavior\ParseTemplateBehavior [ RunTime:0.058627s ]
INFO: [ view_parse ] --END-- [ RunTime:0.058749s ]
INFO: [ view_filter ] --START--
INFO: Run Behavior\WriteHtmlCacheBehavior [ RunTime:0.001101s ]
INFO: [ view_filter ] --END-- [ RunTime:0.001193s ]
INFO: [ app_end ] --START--
INFO: Run Behavior\ShowPageTraceBehavior [ RunTime:0.001683s ]
INFO: [ app_end ] --END-- [ RunTime:0.001836s ]

[ 2016-09-09T20:41:21+08:00 ] 127.0.0.1 /alpha/index.php/Home/Inward/addendlesscomment
INFO: [ app_init ] --START--
INFO: Run Behavior\BuildLiteBehavior [ RunTime:0.000026s ]
INFO: [ app_init ] --END-- [ RunTime:0.000845s ]
INFO: [ app_begin ] --START--
INFO: Run Behavior\ReadHtmlCacheBehavior [ RunTime:0.001286s ]
INFO: [ app_begin ] --END-- [ RunTime:0.001413s ]
SQL: SHOW COLUMNS FROM `postcomments` [ RunTime:0.0056s ]
SQL: INSERT INTO `postcomments` (`titleid`,`fid`,`userid`,`messages`,`commentdate`,`commentid`,`fname`) VALUES ('5','1','1','wwwww','16-09-09 20:41:20','55','Hennessy·zhao') [ RunTime:0.0490s ]
SQL: SHOW COLUMNS FROM `posttitles` [ RunTime:0.0075s ]
SQL: SELECT `id`,`title`,`userid`,`messages`,`postdate`,`replycount`,`ifdelete`,`judger`,`lastcommentdate` FROM `posttitles` WHERE `id` = 5  [ RunTime:0.0009s ]
SQL: UPDATE `posttitles` SET `lastcommentdate`='16-09-09 20:41:21',`replycount`='25' WHERE `id` = 5 [ RunTime:0.0347s ]
INFO: [ app_end ] --START--
INFO: Run Behavior\ShowPageTraceBehavior [ RunTime:0.001679s ]
INFO: [ app_end ] --END-- [ RunTime:0.001804s ]

[ 2016-09-09T20:41:21+08:00 ] 127.0.0.1 /alpha/index.php/Home/Inward/postmessages/postid/5.html
INFO: [ app_init ] --START--
INFO: Run Behavior\BuildLiteBehavior [ RunTime:0.000023s ]
INFO: [ app_init ] --END-- [ RunTime:0.000746s ]
INFO: [ app_begin ] --START--
INFO: Run Behavior\ReadHtmlCacheBehavior [ RunTime:0.001145s ]
INFO: [ app_begin ] --END-- [ RunTime:0.001257s ]
SQL: SHOW COLUMNS FROM `posttitles` [ RunTime:0.0090s ]
SQL: SHOW COLUMNS FROM `posttitles` [ RunTime:0.0064s ]
SQL: SELECT post.id as id,post.title as title,post.messages as messages,post.postdate as date,user.id as userid,user.username as username,user.userimg as img FROM posttitles post,user user WHERE ( post.id=5 and post.userid=user.id ) ORDER BY post.id desc  [ RunTime:0.0010s ]
SQL: SHOW COLUMNS FROM `postcomments` [ RunTime:0.0090s ]
SQL: SHOW COLUMNS FROM `postcomments` [ RunTime:0.0071s ]
SQL: SELECT COUNT(*) AS tp_count FROM postcomments post,user user WHERE ( post.titleid=5 and post.fid=-1 and post.userid=user.id ) LIMIT 1   [ RunTime:0.0008s ]
SQL: SHOW COLUMNS FROM `postcomments` [ RunTime:0.0086s ]
SQL: SELECT post.id as id,post.titleid as titleid,post.fid as postfid,post.messages as messages,post.commentdate as date,post.good as good,post.commentid as commentid,post.fname as fname,user.id as userid,user.username as username,user.userimg as img FROM postcomments post,user user WHERE ( post.titleid=5 and post.fid=-1 and post.userid=user.id ) LIMIT 0,10   [ RunTime:0.0013s ]
SQL: SHOW COLUMNS FROM `postcomments` [ RunTime:0.0067s ]
SQL: SELECT post.id as id,post.titleid as titleid,post.fid as postfid,post.messages as messages,post.commentdate as date,post.good as good,post.commentid as commentid,post.fname as fname,user.id as userid,user.username as username,user.userimg as img FROM postcomments post,user user WHERE ( post.titleid=5 and post.userid=user.id )  [ RunTime:0.0017s ]
INFO: [ view_parse ] --START--
INFO: [ template_filter ] --START--
INFO: Run Behavior\ContentReplaceBehavior [ RunTime:0.000213s ]
INFO: [ template_filter ] --END-- [ RunTime:0.000337s ]
INFO: Run Behavior\ParseTemplateBehavior [ RunTime:0.026934s ]
INFO: [ view_parse ] --END-- [ RunTime:0.027082s ]
INFO: [ view_filter ] --START--
INFO: Run Behavior\WriteHtmlCacheBehavior [ RunTime:0.000956s ]
INFO: [ view_filter ] --END-- [ RunTime:0.001038s ]
INFO: [ app_end ] --START--
INFO: Run Behavior\ShowPageTraceBehavior [ RunTime:0.001860s ]
INFO: [ app_end ] --END-- [ RunTime:0.002016s ]

[ 2016-09-09T20:41:28+08:00 ] 127.0.0.1 /alpha/index.php/Home/Inward/posts
INFO: [ app_init ] --START--
INFO: Run Behavior\BuildLiteBehavior [ RunTime:0.000030s ]
INFO: [ app_init ] --END-- [ RunTime:0.001026s ]
INFO: [ app_begin ] --START--
INFO: Run Behavior\ReadHtmlCacheBehavior [ RunTime:0.001203s ]
INFO: [ app_begin ] --END-- [ RunTime:0.001287s ]
SQL: SHOW COLUMNS FROM `user` [ RunTime:0.1414s ]
SQL: SHOW COLUMNS FROM `posttitles` [ RunTime:0.0079s ]
SQL: SELECT COUNT(*) AS tp_count FROM posttitles post,user user WHERE ( post.userid=user.id and post.ifdelete=1 ) ORDER BY post.id desc LIMIT 1   [ RunTime:0.0010s ]
SQL: SHOW COLUMNS FROM `posttitles` [ RunTime:0.0096s ]
SQL: SELECT post.id as id,post.title as title,post.messages as messages,post.postdate as date,post.replycount as comments,user.username as username,user.userimg as img FROM posttitles post,user user WHERE ( post.userid=user.id and post.ifdelete=1 ) ORDER BY post.lastcommentdate desc LIMIT 0,10   [ RunTime:0.0013s ]
INFO: [ view_parse ] --START--
INFO: [ template_filter ] --START--
INFO: Run Behavior\ContentReplaceBehavior [ RunTime:0.000196s ]
INFO: [ template_filter ] --END-- [ RunTime:0.000329s ]
INFO: Run Behavior\ParseTemplateBehavior [ RunTime:0.022004s ]
INFO: [ view_parse ] --END-- [ RunTime:0.022160s ]
INFO: [ view_filter ] --START--
INFO: Run Behavior\WriteHtmlCacheBehavior [ RunTime:0.001325s ]
INFO: [ view_filter ] --END-- [ RunTime:0.001483s ]
INFO: [ app_end ] --START--
INFO: Run Behavior\ShowPageTraceBehavior [ RunTime:0.002111s ]
INFO: [ app_end ] --END-- [ RunTime:0.002261s ]

[ 2016-09-09T20:41:30+08:00 ] 127.0.0.1 /alpha/index.php/Home/Inward/files
INFO: [ app_init ] --START--
INFO: Run Behavior\BuildLiteBehavior [ RunTime:0.000042s ]
INFO: [ app_init ] --END-- [ RunTime:0.002312s ]
INFO: [ app_begin ] --START--
INFO: Run Behavior\ReadHtmlCacheBehavior [ RunTime:0.006151s ]
INFO: [ app_begin ] --END-- [ RunTime:0.006310s ]
SQL: SHOW COLUMNS FROM `files` [ RunTime:0.0105s ]
SQL: SELECT `id`,`filename`,`filesrc`,`user`,`ifshow`,`master`,`filedesc`,`uploadtime` FROM `files` WHERE `ifshow` = 1 ORDER BY id  [ RunTime:0.0017s ]
INFO: [ view_parse ] --START--
INFO: [ template_filter ] --START--
INFO: Run Behavior\ContentReplaceBehavior [ RunTime:0.000208s ]
INFO: [ template_filter ] --END-- [ RunTime:0.000417s ]
INFO: Run Behavior\ParseTemplateBehavior [ RunTime:0.039517s ]
INFO: [ view_parse ] --END-- [ RunTime:0.039702s ]
INFO: [ view_filter ] --START--
INFO: Run Behavior\WriteHtmlCacheBehavior [ RunTime:0.004070s ]
INFO: [ view_filter ] --END-- [ RunTime:0.004340s ]
INFO: [ app_end ] --START--
INFO: Run Behavior\ShowPageTraceBehavior [ RunTime:0.002088s ]
INFO: [ app_end ] --END-- [ RunTime:0.002229s ]

[ 2016-09-09T20:41:50+08:00 ] 127.0.0.1 /alpha/index.php/Home/Inward/addnewfiles.html
INFO: [ app_init ] --START--
INFO: Run Behavior\BuildLiteBehavior [ RunTime:0.000025s ]
INFO: [ app_init ] --END-- [ RunTime:0.000833s ]
INFO: [ app_begin ] --START--
INFO: Run Behavior\ReadHtmlCacheBehavior [ RunTime:0.000993s ]
INFO: [ app_begin ] --END-- [ RunTime:0.001087s ]
NOTIC: [2] call_user_func() expects parameter 1 to be a valid callback, no array or string given E:\PHP\xampp\htdocs\alpha\ThinkPHP\Library\Think\Upload.class.php 第 170 行.
SQL: SHOW COLUMNS FROM `files` [ RunTime:0.0069s ]
SQL: INSERT INTO `files` (`filename`,`filesrc`,`user`,`filedesc`,`uploadtime`) VALUES ('www','57d2ae0e5fa2a.jpg','Hennessy·zhao','wwwwww','16-09-09 20:41:50') [ RunTime:0.0455s ]

[ 2016-09-09T20:41:50+08:00 ] 127.0.0.1 /alpha/index.php/Home/Inward/files.html
INFO: [ app_init ] --START--
INFO: Run Behavior\BuildLiteBehavior [ RunTime:0.000026s ]
INFO: [ app_init ] --END-- [ RunTime:0.001192s ]
INFO: [ app_begin ] --START--
INFO: Run Behavior\ReadHtmlCacheBehavior [ RunTime:0.001482s ]
INFO: [ app_begin ] --END-- [ RunTime:0.001579s ]
SQL: SHOW COLUMNS FROM `files` [ RunTime:0.0086s ]
SQL: SELECT `id`,`filename`,`filesrc`,`user`,`ifshow`,`master`,`filedesc`,`uploadtime` FROM `files` WHERE `ifshow` = 1 ORDER BY id  [ RunTime:0.0011s ]
INFO: [ view_parse ] --START--
INFO: [ template_filter ] --START--
INFO: Run Behavior\ContentReplaceBehavior [ RunTime:0.000165s ]
INFO: [ template_filter ] --END-- [ RunTime:0.000319s ]
INFO: Run Behavior\ParseTemplateBehavior [ RunTime:0.029652s ]
INFO: [ view_parse ] --END-- [ RunTime:0.029947s ]
INFO: [ view_filter ] --START--
INFO: Run Behavior\WriteHtmlCacheBehavior [ RunTime:0.001450s ]
INFO: [ view_filter ] --END-- [ RunTime:0.001527s ]
INFO: [ app_end ] --START--
INFO: Run Behavior\ShowPageTraceBehavior [ RunTime:0.002199s ]
INFO: [ app_end ] --END-- [ RunTime:0.002351s ]

[ 2016-09-09T20:42:59+08:00 ] 127.0.0.1 /alpha/index.php/Home/Inward/files.html
INFO: [ app_init ] --START--
INFO: Run Behavior\BuildLiteBehavior [ RunTime:0.000031s ]
INFO: [ app_init ] --END-- [ RunTime:0.001027s ]
INFO: [ app_begin ] --START--
INFO: Run Behavior\ReadHtmlCacheBehavior [ RunTime:0.001906s ]
INFO: [ app_begin ] --END-- [ RunTime:0.006046s ]
SQL: SHOW COLUMNS FROM `files` [ RunTime:0.0064s ]
SQL: SELECT `id`,`filename`,`filesrc`,`user`,`ifshow`,`master`,`filedesc`,`uploadtime` FROM `files` WHERE `ifshow` = 1 ORDER BY id  [ RunTime:0.0012s ]
INFO: [ view_parse ] --START--
INFO: [ template_filter ] --START--
INFO: Run Behavior\ContentReplaceBehavior [ RunTime:0.000139s ]
INFO: [ template_filter ] --END-- [ RunTime:0.000250s ]
INFO: Run Behavior\ParseTemplateBehavior [ RunTime:0.018625s ]
INFO: [ view_parse ] --END-- [ RunTime:0.018766s ]
INFO: [ view_filter ] --START--
INFO: Run Behavior\WriteHtmlCacheBehavior [ RunTime:0.001737s ]
INFO: [ view_filter ] --END-- [ RunTime:0.001932s ]
INFO: [ app_end ] --START--
INFO: Run Behavior\ShowPageTraceBehavior [ RunTime:0.001302s ]
INFO: [ app_end ] --END-- [ RunTime:0.001426s ]

[ 2016-09-09T20:43:43+08:00 ] 127.0.0.1 /alpha/index.php/Home/Inward/index
INFO: [ app_init ] --START--
INFO: Run Behavior\BuildLiteBehavior [ RunTime:0.000027s ]
INFO: [ app_init ] --END-- [ RunTime:0.000898s ]
INFO: [ app_begin ] --START--
INFO: Run Behavior\ReadHtmlCacheBehavior [ RunTime:0.001571s ]
INFO: [ app_begin ] --END-- [ RunTime:0.001687s ]
INFO: [ view_parse ] --START--
INFO: [ template_filter ] --START--
INFO: Run Behavior\ContentReplaceBehavior [ RunTime:0.000181s ]
INFO: [ template_filter ] --END-- [ RunTime:0.000546s ]
INFO: Run Behavior\ParseTemplateBehavior [ RunTime:0.039567s ]
INFO: [ view_parse ] --END-- [ RunTime:0.039756s ]
INFO: [ view_filter ] --START--
INFO: Run Behavior\WriteHtmlCacheBehavior [ RunTime:0.001270s ]
INFO: [ view_filter ] --END-- [ RunTime:0.001345s ]
INFO: [ app_end ] --START--
INFO: Run Behavior\ShowPageTraceBehavior [ RunTime:0.001493s ]
INFO: [ app_end ] --END-- [ RunTime:0.001574s ]

[ 2016-09-09T20:43:44+08:00 ] 127.0.0.1 /alpha/index.php/Home/Main/index
INFO: [ app_init ] --START--
INFO: Run Behavior\BuildLiteBehavior [ RunTime:0.000046s ]
INFO: [ app_init ] --END-- [ RunTime:0.003825s ]
INFO: [ app_begin ] --START--
INFO: Run Behavior\ReadHtmlCacheBehavior [ RunTime:0.003298s ]
INFO: [ app_begin ] --END-- [ RunTime:0.003549s ]
INFO: [ view_parse ] --START--
INFO: [ template_filter ] --START--
INFO: Run Behavior\ContentReplaceBehavior [ RunTime:0.000326s ]
INFO: [ template_filter ] --END-- [ RunTime:0.000456s ]
INFO: Run Behavior\ParseTemplateBehavior [ RunTime:0.028321s ]
INFO: [ view_parse ] --END-- [ RunTime:0.028449s ]
INFO: [ view_filter ] --START--
INFO: Run Behavior\WriteHtmlCacheBehavior [ RunTime:0.001489s ]
INFO: [ view_filter ] --END-- [ RunTime:0.001625s ]
INFO: [ app_end ] --START--
INFO: Run Behavior\ShowPageTraceBehavior [ RunTime:0.002123s ]
INFO: [ app_end ] --END-- [ RunTime:0.002278s ]

[ 2016-09-09T20:43:48+08:00 ] 127.0.0.1 /alpha/index.php/Home/Inward/index
INFO: [ app_init ] --START--
INFO: Run Behavior\BuildLiteBehavior [ RunTime:0.000190s ]
INFO: [ app_init ] --END-- [ RunTime:0.003126s ]
INFO: [ app_begin ] --START--
INFO: Run Behavior\ReadHtmlCacheBehavior [ RunTime:0.003187s ]
INFO: [ app_begin ] --END-- [ RunTime:0.003336s ]
INFO: [ view_parse ] --START--
INFO: [ template_filter ] --START--
INFO: Run Behavior\ContentReplaceBehavior [ RunTime:0.000162s ]
INFO: [ template_filter ] --END-- [ RunTime:0.000313s ]
INFO: Run Behavior\ParseTemplateBehavior [ RunTime:0.716605s ]
INFO: [ view_parse ] --END-- [ RunTime:0.716751s ]
INFO: [ view_filter ] --START--
INFO: Run Behavior\WriteHtmlCacheBehavior [ RunTime:0.002793s ]
INFO: [ view_filter ] --END-- [ RunTime:0.002875s ]
INFO: [ app_end ] --START--
INFO: Run Behavior\ShowPageTraceBehavior [ RunTime:0.048656s ]
INFO: [ app_end ] --END-- [ RunTime:0.048918s ]

[ 2016-09-09T20:43:48+08:00 ] 127.0.0.1 /alpha/index.php/Home/Inward/index
INFO: [ app_init ] --START--
INFO: Run Behavior\BuildLiteBehavior [ RunTime:0.000032s ]
INFO: [ app_init ] --END-- [ RunTime:0.001447s ]
INFO: [ app_begin ] --START--
INFO: Run Behavior\ReadHtmlCacheBehavior [ RunTime:0.001748s ]
INFO: [ app_begin ] --END-- [ RunTime:0.002150s ]
INFO: [ view_parse ] --START--
INFO: [ template_filter ] --START--
INFO: Run Behavior\ContentReplaceBehavior [ RunTime:0.000282s ]
INFO: [ template_filter ] --END-- [ RunTime:0.000451s ]
INFO: Run Behavior\ParseTemplateBehavior [ RunTime:0.023269s ]
INFO: [ view_parse ] --END-- [ RunTime:0.023520s ]
INFO: [ view_filter ] --START--
INFO: Run Behavior\WriteHtmlCacheBehavior [ RunTime:0.000664s ]
INFO: [ view_filter ] --END-- [ RunTime:0.000743s ]
INFO: [ app_end ] --START--
INFO: Run Behavior\ShowPageTraceBehavior [ RunTime:0.010997s ]
INFO: [ app_end ] --END-- [ RunTime:0.011111s ]

[ 2016-09-09T20:43:51+08:00 ] 127.0.0.1 /alpha/index.php/Home/Inward/chat
INFO: [ app_init ] --START--
INFO: Run Behavior\BuildLiteBehavior [ RunTime:0.000024s ]
INFO: [ app_init ] --END-- [ RunTime:0.000727s ]
INFO: [ app_begin ] --START--
INFO: Run Behavior\ReadHtmlCacheBehavior [ RunTime:0.001014s ]
INFO: [ app_begin ] --END-- [ RunTime:0.001115s ]
INFO: [ view_parse ] --START--
INFO: [ template_filter ] --START--
INFO: Run Behavior\ContentReplaceBehavior [ RunTime:0.000156s ]
INFO: [ template_filter ] --END-- [ RunTime:0.000273s ]
INFO: Run Behavior\ParseTemplateBehavior [ RunTime:0.020078s ]
INFO: [ view_parse ] --END-- [ RunTime:0.020287s ]
INFO: [ view_filter ] --START--
INFO: Run Behavior\WriteHtmlCacheBehavior [ RunTime:0.001181s ]
INFO: [ view_filter ] --END-- [ RunTime:0.001308s ]
INFO: [ app_end ] --START--
INFO: Run Behavior\ShowPageTraceBehavior [ RunTime:0.001156s ]
INFO: [ app_end ] --END-- [ RunTime:0.001231s ]

[ 2016-09-09T20:43:59+08:00 ] 127.0.0.1 /alpha/index.php/Home/Inward/posts
INFO: [ app_init ] --START--
INFO: Run Behavior\BuildLiteBehavior [ RunTime:0.000028s ]
INFO: [ app_init ] --END-- [ RunTime:0.001070s ]
INFO: [ app_begin ] --START--
INFO: Run Behavior\ReadHtmlCacheBehavior [ RunTime:0.001710s ]
INFO: [ app_begin ] --END-- [ RunTime:0.002103s ]
SQL: SHOW COLUMNS FROM `user` [ RunTime:0.0083s ]
SQL: SHOW COLUMNS FROM `posttitles` [ RunTime:0.0092s ]
SQL: SELECT COUNT(*) AS tp_count FROM posttitles post,user user WHERE ( post.userid=user.id and post.ifdelete=1 ) ORDER BY post.id desc LIMIT 1   [ RunTime:0.0012s ]
SQL: SHOW COLUMNS FROM `posttitles` [ RunTime:0.0106s ]
SQL: SELECT post.id as id,post.title as title,post.messages as messages,post.postdate as date,post.replycount as comments,user.username as username,user.userimg as img FROM posttitles post,user user WHERE ( post.userid=user.id and post.ifdelete=1 ) ORDER BY post.lastcommentdate desc LIMIT 0,10   [ RunTime:0.0014s ]
INFO: [ view_parse ] --START--
INFO: [ template_filter ] --START--
INFO: Run Behavior\ContentReplaceBehavior [ RunTime:0.000174s ]
INFO: [ template_filter ] --END-- [ RunTime:0.000297s ]
INFO: Run Behavior\ParseTemplateBehavior [ RunTime:0.023154s ]
INFO: [ view_parse ] --END-- [ RunTime:0.023293s ]
INFO: [ view_filter ] --START--
INFO: Run Behavior\WriteHtmlCacheBehavior [ RunTime:0.000969s ]
INFO: [ view_filter ] --END-- [ RunTime:0.001073s ]
INFO: [ app_end ] --START--
INFO: Run Behavior\ShowPageTraceBehavior [ RunTime:0.003726s ]
INFO: [ app_end ] --END-- [ RunTime:0.004003s ]

[ 2016-09-09T20:44:27+08:00 ] 127.0.0.1 /alpha/index.php/Home/Inward/membercenter
INFO: [ app_init ] --START--
INFO: Run Behavior\BuildLiteBehavior [ RunTime:0.000036s ]
INFO: [ app_init ] --END-- [ RunTime:0.002925s ]
INFO: [ app_begin ] --START--
INFO: Run Behavior\ReadHtmlCacheBehavior [ RunTime:0.003172s ]
INFO: [ app_begin ] --END-- [ RunTime:0.003344s ]
INFO: [ view_parse ] --START--
INFO: [ template_filter ] --START--
INFO: Run Behavior\ContentReplaceBehavior [ RunTime:0.000142s ]
INFO: [ template_filter ] --END-- [ RunTime:0.000278s ]
INFO: Run Behavior\ParseTemplateBehavior [ RunTime:0.051493s ]
INFO: [ view_parse ] --END-- [ RunTime:0.051654s ]
INFO: [ view_filter ] --START--
INFO: Run Behavior\WriteHtmlCacheBehavior [ RunTime:0.003837s ]
INFO: [ view_filter ] --END-- [ RunTime:0.004603s ]
INFO: [ app_end ] --START--
INFO: Run Behavior\ShowPageTraceBehavior [ RunTime:0.001584s ]
INFO: [ app_end ] --END-- [ RunTime:0.001697s ]

[ 2016-09-09T20:44:37+08:00 ] 127.0.0.1 /alpha/index.php/Home/User/index
INFO: [ app_init ] --START--
INFO: Run Behavior\BuildLiteBehavior [ RunTime:0.000034s ]
INFO: [ app_init ] --END-- [ RunTime:0.001128s ]
INFO: [ app_begin ] --START--
INFO: Run Behavior\ReadHtmlCacheBehavior [ RunTime:0.001722s ]
INFO: [ app_begin ] --END-- [ RunTime:0.001866s ]
INFO: [ view_parse ] --START--
INFO: [ template_filter ] --START--
INFO: Run Behavior\ContentReplaceBehavior [ RunTime:0.000119s ]
INFO: [ template_filter ] --END-- [ RunTime:0.000310s ]
INFO: Run Behavior\ParseTemplateBehavior [ RunTime:0.022555s ]
INFO: [ view_parse ] --END-- [ RunTime:0.022714s ]
INFO: [ view_filter ] --START--
INFO: Run Behavior\WriteHtmlCacheBehavior [ RunTime:0.001151s ]
INFO: [ view_filter ] --END-- [ RunTime:0.001264s ]
INFO: [ app_end ] --START--
INFO: Run Behavior\ShowPageTraceBehavior [ RunTime:0.003208s ]
INFO: [ app_end ] --END-- [ RunTime:0.003362s ]

[ 2016-09-09T20:44:37+08:00 ] 127.0.0.1 /alpha/index.php/Home/User/home
INFO: [ app_init ] --START--
INFO: Run Behavior\BuildLiteBehavior [ RunTime:0.000033s ]
INFO: [ app_init ] --END-- [ RunTime:0.001162s ]
INFO: [ app_begin ] --START--
INFO: Run Behavior\ReadHtmlCacheBehavior [ RunTime:0.008755s ]
INFO: [ app_begin ] --END-- [ RunTime:0.008905s ]
SQL: SHOW COLUMNS FROM `posttitles` [ RunTime:0.0120s ]
SQL: SELECT COUNT(*) AS tp_count FROM `posttitles` WHERE `userid` = 1 LIMIT 1   [ RunTime:0.0012s ]
SQL: SHOW COLUMNS FROM `postcomments` [ RunTime:0.0127s ]
SQL: SELECT COUNT(*) AS tp_count FROM `postcomments` WHERE `userid` = 1 LIMIT 1   [ RunTime:0.0008s ]
SQL: SHOW COLUMNS FROM `files` [ RunTime:0.0077s ]
SQL: SELECT COUNT(*) AS tp_count FROM `files` WHERE `user` = 'Hennessy·zhao' LIMIT 1   [ RunTime:0.0006s ]
SQL: SHOW COLUMNS FROM `advise` [ RunTime:0.0124s ]
SQL: SELECT COUNT(*) AS tp_count FROM `advise` WHERE `username` = 'Hennessy·zhao' LIMIT 1   [ RunTime:0.0015s ]
INFO: [ view_parse ] --START--
INFO: [ template_filter ] --START--
INFO: Run Behavior\ContentReplaceBehavior [ RunTime:0.000122s ]
INFO: [ template_filter ] --END-- [ RunTime:0.000265s ]
INFO: Run Behavior\ParseTemplateBehavior [ RunTime:0.044188s ]
INFO: [ view_parse ] --END-- [ RunTime:0.044393s ]
INFO: [ view_filter ] --START--
INFO: Run Behavior\WriteHtmlCacheBehavior [ RunTime:0.003932s ]
INFO: [ view_filter ] --END-- [ RunTime:0.004558s ]
INFO: [ app_end ] --START--
INFO: Run Behavior\ShowPageTraceBehavior [ RunTime:0.005600s ]
INFO: [ app_end ] --END-- [ RunTime:0.005747s ]

[ 2016-09-09T20:44:41+08:00 ] 127.0.0.1 /alpha/index.php/Home/User/home
INFO: [ app_init ] --START--
INFO: Run Behavior\BuildLiteBehavior [ RunTime:0.000030s ]
INFO: [ app_init ] --END-- [ RunTime:0.001132s ]
INFO: [ app_begin ] --START--
INFO: Run Behavior\ReadHtmlCacheBehavior [ RunTime:0.001007s ]
INFO: [ app_begin ] --END-- [ RunTime:0.001099s ]
SQL: SHOW COLUMNS FROM `posttitles` [ RunTime:0.0148s ]
SQL: SELECT COUNT(*) AS tp_count FROM `posttitles` WHERE `userid` = 1 LIMIT 1   [ RunTime:0.0008s ]
SQL: SHOW COLUMNS FROM `postcomments` [ RunTime:0.0101s ]
SQL: SELECT COUNT(*) AS tp_count FROM `postcomments` WHERE `userid` = 1 LIMIT 1   [ RunTime:0.0010s ]
SQL: SHOW COLUMNS FROM `files` [ RunTime:0.0128s ]
SQL: SELECT COUNT(*) AS tp_count FROM `files` WHERE `user` = 'Hennessy·zhao' LIMIT 1   [ RunTime:0.0021s ]
SQL: SHOW COLUMNS FROM `advise` [ RunTime:0.0105s ]
SQL: SELECT COUNT(*) AS tp_count FROM `advise` WHERE `username` = 'Hennessy·zhao' LIMIT 1   [ RunTime:0.0018s ]
INFO: [ view_parse ] --START--
INFO: [ template_filter ] --START--
INFO: Run Behavior\ContentReplaceBehavior [ RunTime:0.000125s ]
INFO: [ template_filter ] --END-- [ RunTime:0.000254s ]
INFO: Run Behavior\ParseTemplateBehavior [ RunTime:0.030353s ]
INFO: [ view_parse ] --END-- [ RunTime:0.031045s ]
INFO: [ view_filter ] --START--
INFO: Run Behavior\WriteHtmlCacheBehavior [ RunTime:0.001340s ]
INFO: [ view_filter ] --END-- [ RunTime:0.001445s ]
INFO: [ app_end ] --START--
INFO: Run Behavior\ShowPageTraceBehavior [ RunTime:0.001251s ]
INFO: [ app_end ] --END-- [ RunTime:0.001535s ]

[ 2016-09-09T20:44:44+08:00 ] 127.0.0.1 /alpha/index.php/Home/User/userset
INFO: [ app_init ] --START--
INFO: Run Behavior\BuildLiteBehavior [ RunTime:0.000031s ]
INFO: [ app_init ] --END-- [ RunTime:0.001462s ]
INFO: [ app_begin ] --START--
INFO: Run Behavior\ReadHtmlCacheBehavior [ RunTime:0.001447s ]
INFO: [ app_begin ] --END-- [ RunTime:0.001595s ]
SQL: SHOW COLUMNS FROM `user` [ RunTime:0.0103s ]
SQL: SELECT `id`,`username`,`truename`,`password`,`email`,`start_year`,`phone`,`sex`,`introduction`,`rank`,`judger`,`start_time`,`userimg` FROM `user`  [ RunTime:0.0030s ]
INFO: [ view_parse ] --START--
INFO: [ template_filter ] --START--
INFO: Run Behavior\ContentReplaceBehavior [ RunTime:0.000167s ]
INFO: [ template_filter ] --END-- [ RunTime:0.000388s ]
INFO: Run Behavior\ParseTemplateBehavior [ RunTime:0.028869s ]
INFO: [ view_parse ] --END-- [ RunTime:0.029014s ]
INFO: [ view_filter ] --START--
INFO: Run Behavior\WriteHtmlCacheBehavior [ RunTime:0.001823s ]
INFO: [ view_filter ] --END-- [ RunTime:0.001969s ]
INFO: [ app_end ] --START--
INFO: Run Behavior\ShowPageTraceBehavior [ RunTime:0.002250s ]
INFO: [ app_end ] --END-- [ RunTime:0.002405s ]

[ 2016-09-09T20:44:45+08:00 ] 127.0.0.1 /alpha/index.php/Home/User/image/mei.jpg
INFO: [ app_init ] --START--
INFO: Run Behavior\BuildLiteBehavior [ RunTime:0.000032s ]
INFO: [ app_init ] --END-- [ RunTime:0.001023s ]

[ 2016-09-09T20:44:46+08:00 ] 127.0.0.1 /alpha/index.php/Home/User/home
INFO: [ app_init ] --START--
INFO: Run Behavior\BuildLiteBehavior [ RunTime:0.000034s ]
INFO: [ app_init ] --END-- [ RunTime:0.001079s ]
INFO: [ app_begin ] --START--
INFO: Run Behavior\ReadHtmlCacheBehavior [ RunTime:0.001774s ]
INFO: [ app_begin ] --END-- [ RunTime:0.001934s ]
SQL: SHOW COLUMNS FROM `posttitles` [ RunTime:0.0101s ]
SQL: SELECT COUNT(*) AS tp_count FROM `posttitles` WHERE `userid` = 1 LIMIT 1   [ RunTime:0.0007s ]
SQL: SHOW COLUMNS FROM `postcomments` [ RunTime:0.0131s ]
SQL: SELECT COUNT(*) AS tp_count FROM `postcomments` WHERE `userid` = 1 LIMIT 1   [ RunTime:0.0015s ]
SQL: SHOW COLUMNS FROM `files` [ RunTime:0.0151s ]
SQL: SELECT COUNT(*) AS tp_count FROM `files` WHERE `user` = 'Hennessy·zhao' LIMIT 1   [ RunTime:0.0018s ]
SQL: SHOW COLUMNS FROM `advise` [ RunTime:0.0114s ]
SQL: SELECT COUNT(*) AS tp_count FROM `advise` WHERE `username` = 'Hennessy·zhao' LIMIT 1   [ RunTime:0.0010s ]
INFO: [ view_parse ] --START--
INFO: [ template_filter ] --START--
INFO: Run Behavior\ContentReplaceBehavior [ RunTime:0.000154s ]
INFO: [ template_filter ] --END-- [ RunTime:0.000335s ]
INFO: Run Behavior\ParseTemplateBehavior [ RunTime:0.020803s ]
INFO: [ view_parse ] --END-- [ RunTime:0.021016s ]
INFO: [ view_filter ] --START--
INFO: Run Behavior\WriteHtmlCacheBehavior [ RunTime:0.001225s ]
INFO: [ view_filter ] --END-- [ RunTime:0.001327s ]
INFO: [ app_end ] --START--
INFO: Run Behavior\ShowPageTraceBehavior [ RunTime:0.014128s ]
INFO: [ app_end ] --END-- [ RunTime:0.014274s ]

[ 2016-09-09T20:44:55+08:00 ] 127.0.0.1 /alpha/index.php/Home/User/message
INFO: [ app_init ] --START--
INFO: Run Behavior\BuildLiteBehavior [ RunTime:0.000030s ]
INFO: [ app_init ] --END-- [ RunTime:0.001010s ]
INFO: [ app_begin ] --START--
INFO: Run Behavior\ReadHtmlCacheBehavior [ RunTime:0.005959s ]
INFO: [ app_begin ] --END-- [ RunTime:0.006197s ]
INFO: [ view_parse ] --START--
INFO: [ template_filter ] --START--
INFO: Run Behavior\ContentReplaceBehavior [ RunTime:0.000091s ]
INFO: [ template_filter ] --END-- [ RunTime:0.000392s ]
INFO: Run Behavior\ParseTemplateBehavior [ RunTime:0.026251s ]
INFO: [ view_parse ] --END-- [ RunTime:0.026412s ]
INFO: [ view_filter ] --START--
INFO: Run Behavior\WriteHtmlCacheBehavior [ RunTime:0.004314s ]
INFO: [ view_filter ] --END-- [ RunTime:0.004442s ]
INFO: [ app_end ] --START--
INFO: Run Behavior\ShowPageTraceBehavior [ RunTime:0.002221s ]
INFO: [ app_end ] --END-- [ RunTime:0.002596s ]

[ 2016-09-09T20:44:57+08:00 ] 127.0.0.1 /alpha/index.php/Home/User/userset
INFO: [ app_init ] --START--
INFO: Run Behavior\BuildLiteBehavior [ RunTime:0.000041s ]
INFO: [ app_init ] --END-- [ RunTime:0.002293s ]
INFO: [ app_begin ] --START--
INFO: Run Behavior\ReadHtmlCacheBehavior [ RunTime:0.001602s ]
INFO: [ app_begin ] --END-- [ RunTime:0.001732s ]
SQL: SHOW COLUMNS FROM `user` [ RunTime:0.0088s ]
SQL: SELECT `id`,`username`,`truename`,`password`,`email`,`start_year`,`phone`,`sex`,`introduction`,`rank`,`judger`,`start_time`,`userimg` FROM `user`  [ RunTime:0.0013s ]
INFO: [ view_parse ] --START--
INFO: [ template_filter ] --START--
INFO: Run Behavior\ContentReplaceBehavior [ RunTime:0.000167s ]
INFO: [ template_filter ] --END-- [ RunTime:0.000308s ]
INFO: Run Behavior\ParseTemplateBehavior [ RunTime:0.020441s ]
INFO: [ view_parse ] --END-- [ RunTime:0.020609s ]
INFO: [ view_filter ] --START--
INFO: Run Behavior\WriteHtmlCacheBehavior [ RunTime:0.001031s ]
INFO: [ view_filter ] --END-- [ RunTime:0.001122s ]
INFO: [ app_end ] --START--
INFO: Run Behavior\ShowPageTraceBehavior [ RunTime:0.002089s ]
INFO: [ app_end ] --END-- [ RunTime:0.002214s ]

[ 2016-09-09T20:44:58+08:00 ] 127.0.0.1 /alpha/index.php/Home/User/image/mei.jpg
INFO: [ app_init ] --START--
INFO: Run Behavior\BuildLiteBehavior [ RunTime:0.000085s ]
INFO: [ app_init ] --END-- [ RunTime:0.005525s ]

[ 2016-09-09T20:45:09+08:00 ] 127.0.0.1 /alpha/index.php/Home/Inward/index
INFO: [ app_init ] --START--
INFO: Run Behavior\BuildLiteBehavior [ RunTime:0.000025s ]
INFO: [ app_init ] --END-- [ RunTime:0.000769s ]
INFO: [ app_begin ] --START--
INFO: Run Behavior\ReadHtmlCacheBehavior [ RunTime:0.001007s ]
INFO: [ app_begin ] --END-- [ RunTime:0.001085s ]
INFO: [ view_parse ] --START--
INFO: [ template_filter ] --START--
INFO: Run Behavior\ContentReplaceBehavior [ RunTime:0.000140s ]
INFO: [ template_filter ] --END-- [ RunTime:0.000276s ]
INFO: Run Behavior\ParseTemplateBehavior [ RunTime:0.020475s ]
INFO: [ view_parse ] --END-- [ RunTime:0.020604s ]
INFO: [ view_filter ] --START--
INFO: Run Behavior\WriteHtmlCacheBehavior [ RunTime:0.000999s ]
INFO: [ view_filter ] --END-- [ RunTime:0.001150s ]
INFO: [ app_end ] --START--
INFO: Run Behavior\ShowPageTraceBehavior [ RunTime:0.001511s ]
INFO: [ app_end ] --END-- [ RunTime:0.001599s ]

[ 2016-09-09T20:45:11+08:00 ] 127.0.0.1 /alpha/index.php/Home/Main/index
INFO: [ app_init ] --START--
INFO: Run Behavior\BuildLiteBehavior [ RunTime:0.000028s ]
INFO: [ app_init ] --END-- [ RunTime:0.001172s ]
INFO: [ app_begin ] --START--
INFO: Run Behavior\ReadHtmlCacheBehavior [ RunTime:0.001369s ]
INFO: [ app_begin ] --END-- [ RunTime:0.001525s ]
INFO: [ view_parse ] --START--
INFO: [ template_filter ] --START--
INFO: Run Behavior\ContentReplaceBehavior [ RunTime:0.000372s ]
INFO: [ template_filter ] --END-- [ RunTime:0.000529s ]
INFO: Run Behavior\ParseTemplateBehavior [ RunTime:0.036005s ]
INFO: [ view_parse ] --END-- [ RunTime:0.036160s ]
INFO: [ view_filter ] --START--
INFO: Run Behavior\WriteHtmlCacheBehavior [ RunTime:0.003442s ]
INFO: [ view_filter ] --END-- [ RunTime:0.003836s ]
INFO: [ app_end ] --START--
INFO: Run Behavior\ShowPageTraceBehavior [ RunTime:0.007272s ]
INFO: [ app_end ] --END-- [ RunTime:0.007498s ]

[ 2016-09-09T20:45:35+08:00 ] 127.0.0.1 /alpha/index.php/Home/Inward/index
INFO: [ app_init ] --START--
INFO: Run Behavior\BuildLiteBehavior [ RunTime:0.000058s ]
INFO: [ app_init ] --END-- [ RunTime:0.001732s ]
INFO: [ app_begin ] --START--
INFO: Run Behavior\ReadHtmlCacheBehavior [ RunTime:0.003148s ]
INFO: [ app_begin ] --END-- [ RunTime:0.003301s ]
INFO: [ view_parse ] --START--
INFO: [ template_filter ] --START--
INFO: Run Behavior\ContentReplaceBehavior [ RunTime:0.000171s ]
INFO: [ template_filter ] --END-- [ RunTime:0.000340s ]
INFO: Run Behavior\ParseTemplateBehavior [ RunTime:0.034253s ]
INFO: [ view_parse ] --END-- [ RunTime:0.034548s ]
INFO: [ view_filter ] --START--
INFO: Run Behavior\WriteHtmlCacheBehavior [ RunTime:0.018356s ]
INFO: [ view_filter ] --END-- [ RunTime:0.018673s ]
INFO: [ app_end ] --START--
INFO: Run Behavior\ShowPageTraceBehavior [ RunTime:0.007745s ]
INFO: [ app_end ] --END-- [ RunTime:0.007915s ]

[ 2016-09-09T20:45:38+08:00 ] 127.0.0.1 /alpha/index.php/Home/Inward/signout
INFO: [ app_init ] --START--
INFO: Run Behavior\BuildLiteBehavior [ RunTime:0.000030s ]
INFO: [ app_init ] --END-- [ RunTime:0.000895s ]
INFO: [ app_begin ] --START--
INFO: Run Behavior\ReadHtmlCacheBehavior [ RunTime:0.001342s ]
INFO: [ app_begin ] --END-- [ RunTime:0.001458s ]
INFO: [ app_end ] --START--
INFO: Run Behavior\ShowPageTraceBehavior [ RunTime:0.001317s ]
INFO: [ app_end ] --END-- [ RunTime:0.001416s ]

[ 2016-09-09T20:45:38+08:00 ] 127.0.0.1 /alpha/index.php/Home/Main/index
INFO: [ app_init ] --START--
INFO: Run Behavior\BuildLiteBehavior [ RunTime:0.000028s ]
INFO: [ app_init ] --END-- [ RunTime:0.000903s ]
INFO: [ app_begin ] --START--
INFO: Run Behavior\ReadHtmlCacheBehavior [ RunTime:0.001215s ]
INFO: [ app_begin ] --END-- [ RunTime:0.001347s ]
INFO: [ view_parse ] --START--
INFO: [ template_filter ] --START--
INFO: Run Behavior\ContentReplaceBehavior [ RunTime:0.000391s ]
INFO: [ template_filter ] --END-- [ RunTime:0.000533s ]
INFO: Run Behavior\ParseTemplateBehavior [ RunTime:0.032425s ]
INFO: [ view_parse ] --END-- [ RunTime:0.032565s ]
INFO: [ view_filter ] --START--
INFO: Run Behavior\WriteHtmlCacheBehavior [ RunTime:0.001845s ]
INFO: [ view_filter ] --END-- [ RunTime:0.002006s ]
INFO: [ app_end ] --START--
INFO: Run Behavior\ShowPageTraceBehavior [ RunTime:0.012120s ]
INFO: [ app_end ] --END-- [ RunTime:0.012349s ]

