[ 2016-07-29T13:10:00+08:00 ] ::1 /alpha/index.php/Admin/Manage/index
INFO: [ app_init ] --START--
INFO: Run Behavior\BuildLiteBehavior [ RunTime:0.000026s ]
INFO: [ app_init ] --END-- [ RunTime:0.001025s ]
INFO: [ app_begin ] --START--
INFO: Run Behavior\ReadHtmlCacheBehavior [ RunTime:0.000837s ]
INFO: [ app_begin ] --END-- [ RunTime:0.000924s ]
NOTIC: [8] Undefined index: master E:\PHP\xampp\htdocs\alpha\Admin\Controller\ManageController.class.php 第 6 行.

[ 2016-07-29T13:10:00+08:00 ] ::1 /alpha/index.php/Admin/Index/index.html
INFO: [ app_init ] --START--
INFO: Run Behavior\BuildLiteBehavior [ RunTime:0.000019s ]
INFO: [ app_init ] --END-- [ RunTime:0.000726s ]
INFO: [ app_begin ] --START--
INFO: Run Behavior\ReadHtmlCacheBehavior [ RunTime:0.000736s ]
INFO: [ app_begin ] --END-- [ RunTime:0.000803s ]
INFO: [ view_parse ] --START--
INFO: [ template_filter ] --START--
INFO: Run Behavior\ContentReplaceBehavior [ RunTime:0.000119s ]
INFO: [ template_filter ] --END-- [ RunTime:0.000306s ]
INFO: Run Behavior\ParseTemplateBehavior [ RunTime:0.133046s ]
INFO: [ view_parse ] --END-- [ RunTime:0.133317s ]
INFO: [ view_filter ] --START--
INFO: Run Behavior\WriteHtmlCacheBehavior [ RunTime:0.001276s ]
INFO: [ view_filter ] --END-- [ RunTime:0.001431s ]
INFO: [ app_end ] --START--
INFO: Run Behavior\ShowPageTraceBehavior [ RunTime:0.004482s ]
INFO: [ app_end ] --END-- [ RunTime:0.004652s ]

[ 2016-07-29T13:10:15+08:00 ] ::1 /alpha/index.php/Admin/Index/login
INFO: [ app_init ] --START--
INFO: Run Behavior\BuildLiteBehavior [ RunTime:0.000043s ]
INFO: [ app_init ] --END-- [ RunTime:0.008082s ]
INFO: [ app_begin ] --START--
INFO: Run Behavior\ReadHtmlCacheBehavior [ RunTime:0.001937s ]
INFO: [ app_begin ] --END-- [ RunTime:0.002086s ]
SQL: SHOW COLUMNS FROM `user` [ RunTime:0.0686s ]
SQL: SELECT * FROM `user` WHERE `username` = '赵益石'  [ RunTime:0.0013s ]
SQL: SELECT * FROM `user` WHERE `truename` = '赵益石'  [ RunTime:0.0007s ]
INFO: [ app_end ] --START--
INFO: Run Behavior\ShowPageTraceBehavior [ RunTime:0.002317s ]
INFO: [ app_end ] --END-- [ RunTime:0.002465s ]

[ 2016-07-29T13:10:16+08:00 ] ::1 /alpha/index.php/Admin/Manage/index
INFO: [ app_init ] --START--
INFO: Run Behavior\BuildLiteBehavior [ RunTime:0.000024s ]
INFO: [ app_init ] --END-- [ RunTime:0.000906s ]
INFO: [ app_begin ] --START--
INFO: Run Behavior\ReadHtmlCacheBehavior [ RunTime:0.001364s ]
INFO: [ app_begin ] --END-- [ RunTime:0.001576s ]
INFO: [ view_parse ] --START--
INFO: [ template_filter ] --START--
INFO: Run Behavior\ContentReplaceBehavior [ RunTime:0.000072s ]
INFO: [ template_filter ] --END-- [ RunTime:0.000145s ]
INFO: Run Behavior\ParseTemplateBehavior [ RunTime:0.046942s ]
INFO: [ view_parse ] --END-- [ RunTime:0.047050s ]
INFO: [ view_filter ] --START--
INFO: Run Behavior\WriteHtmlCacheBehavior [ RunTime:0.000692s ]
INFO: [ view_filter ] --END-- [ RunTime:0.000742s ]
INFO: [ app_end ] --START--
INFO: Run Behavior\ShowPageTraceBehavior [ RunTime:0.000665s ]
INFO: [ app_end ] --END-- [ RunTime:0.000717s ]

[ 2016-07-29T13:10:16+08:00 ] ::1 /alpha/index.php/Admin/Manage/welcome.html
INFO: [ app_init ] --START--
INFO: Run Behavior\BuildLiteBehavior [ RunTime:0.000017s ]
INFO: [ app_init ] --END-- [ RunTime:0.000505s ]
INFO: [ app_begin ] --START--
INFO: Run Behavior\ReadHtmlCacheBehavior [ RunTime:0.000548s ]
INFO: [ app_begin ] --END-- [ RunTime:0.000596s ]
INFO: [ view_parse ] --START--
INFO: [ template_filter ] --START--
INFO: Run Behavior\ContentReplaceBehavior [ RunTime:0.000103s ]
INFO: [ template_filter ] --END-- [ RunTime:0.000205s ]
INFO: Run Behavior\ParseTemplateBehavior [ RunTime:0.071770s ]
INFO: [ view_parse ] --END-- [ RunTime:0.071891s ]
INFO: [ view_filter ] --START--
INFO: Run Behavior\WriteHtmlCacheBehavior [ RunTime:0.000495s ]
INFO: [ view_filter ] --END-- [ RunTime:0.000546s ]
INFO: [ app_end ] --START--
INFO: Run Behavior\ShowPageTraceBehavior [ RunTime:0.000635s ]
INFO: [ app_end ] --END-- [ RunTime:0.000688s ]

[ 2016-07-29T13:11:35+08:00 ] ::1 /alpha/index.php/Admin/User/register
INFO: [ app_init ] --START--
INFO: Run Behavior\BuildLiteBehavior [ RunTime:0.000027s ]
INFO: [ app_init ] --END-- [ RunTime:0.000806s ]
INFO: [ app_begin ] --START--
INFO: Run Behavior\ReadHtmlCacheBehavior [ RunTime:0.001716s ]
INFO: [ app_begin ] --END-- [ RunTime:0.001823s ]
INFO: [ view_parse ] --START--
INFO: [ template_filter ] --START--
INFO: Run Behavior\ContentReplaceBehavior [ RunTime:0.000249s ]
INFO: [ template_filter ] --END-- [ RunTime:0.000356s ]
INFO: Run Behavior\ParseTemplateBehavior [ RunTime:0.097030s ]
INFO: [ view_parse ] --END-- [ RunTime:0.097248s ]
INFO: [ view_filter ] --START--
INFO: Run Behavior\WriteHtmlCacheBehavior [ RunTime:0.000699s ]
INFO: [ view_filter ] --END-- [ RunTime:0.000791s ]
INFO: [ app_end ] --START--
INFO: Run Behavior\ShowPageTraceBehavior [ RunTime:0.000962s ]
INFO: [ app_end ] --END-- [ RunTime:0.001027s ]

[ 2016-07-29T14:33:42+08:00 ] ::1 /alpha/index.php/Admin/Index/index.html
INFO: [ app_init ] --START--
INFO: Run Behavior\BuildLiteBehavior [ RunTime:0.000018s ]
INFO: [ app_init ] --END-- [ RunTime:0.000657s ]
INFO: [ app_begin ] --START--
INFO: Run Behavior\ReadHtmlCacheBehavior [ RunTime:0.000676s ]
INFO: [ app_begin ] --END-- [ RunTime:0.000726s ]
INFO: [ view_parse ] --START--
INFO: [ template_filter ] --START--
INFO: Run Behavior\ContentReplaceBehavior [ RunTime:0.000068s ]
INFO: [ template_filter ] --END-- [ RunTime:0.000158s ]
INFO: Run Behavior\ParseTemplateBehavior [ RunTime:0.009315s ]
INFO: [ view_parse ] --END-- [ RunTime:0.009386s ]
INFO: [ view_filter ] --START--
INFO: Run Behavior\WriteHtmlCacheBehavior [ RunTime:0.000625s ]
INFO: [ view_filter ] --END-- [ RunTime:0.000677s ]
INFO: [ app_end ] --START--
INFO: Run Behavior\ShowPageTraceBehavior [ RunTime:0.000931s ]
INFO: [ app_end ] --END-- [ RunTime:0.000986s ]

[ 2016-07-29T14:33:46+08:00 ] ::1 /alpha/index.php/Admin/Index/login
INFO: [ app_init ] --START--
INFO: Run Behavior\BuildLiteBehavior [ RunTime:0.000021s ]
INFO: [ app_init ] --END-- [ RunTime:0.000849s ]
INFO: [ app_begin ] --START--
INFO: Run Behavior\ReadHtmlCacheBehavior [ RunTime:0.000893s ]
INFO: [ app_begin ] --END-- [ RunTime:0.000967s ]
SQL: SHOW COLUMNS FROM `user` [ RunTime:0.0042s ]
SQL: SELECT * FROM `user` WHERE `username` = '赵益石'  [ RunTime:0.0008s ]
SQL: SELECT * FROM `user` WHERE `truename` = '赵益石'  [ RunTime:0.0006s ]
INFO: [ app_end ] --START--
INFO: Run Behavior\ShowPageTraceBehavior [ RunTime:0.001595s ]
INFO: [ app_end ] --END-- [ RunTime:0.001664s ]

[ 2016-07-29T14:43:05+08:00 ] ::1 /alpha/index.php/Admin/Index/login
INFO: [ app_init ] --START--
INFO: Run Behavior\BuildLiteBehavior [ RunTime:0.000019s ]
INFO: [ app_init ] --END-- [ RunTime:0.000669s ]
INFO: [ app_begin ] --START--
INFO: Run Behavior\ReadHtmlCacheBehavior [ RunTime:0.000768s ]
INFO: [ app_begin ] --END-- [ RunTime:0.000818s ]
SQL: SHOW COLUMNS FROM `user` [ RunTime:0.0045s ]
SQL: SELECT * FROM `user` WHERE `username` = '赵益石'  [ RunTime:0.0006s ]
SQL: SELECT * FROM `user` WHERE `truename` = '赵益石'  [ RunTime:0.0003s ]
INFO: [ app_end ] --START--
INFO: Run Behavior\ShowPageTraceBehavior [ RunTime:0.001234s ]
INFO: [ app_end ] --END-- [ RunTime:0.001299s ]

[ 2016-07-29T14:43:15+08:00 ] ::1 /alpha/index.php/Admin/Index/login
INFO: [ app_init ] --START--
INFO: Run Behavior\BuildLiteBehavior [ RunTime:0.000025s ]
INFO: [ app_init ] --END-- [ RunTime:0.000844s ]
INFO: [ app_begin ] --START--
INFO: Run Behavior\ReadHtmlCacheBehavior [ RunTime:0.001423s ]
INFO: [ app_begin ] --END-- [ RunTime:0.001537s ]
SQL: SHOW COLUMNS FROM `user` [ RunTime:0.0036s ]
SQL: SELECT * FROM `user` WHERE `username` = '赵益石'  [ RunTime:0.0008s ]
SQL: SELECT * FROM `user` WHERE `truename` = '赵益石'  [ RunTime:0.0003s ]
INFO: [ app_end ] --START--
INFO: Run Behavior\ShowPageTraceBehavior [ RunTime:0.001172s ]
INFO: [ app_end ] --END-- [ RunTime:0.001225s ]

[ 2016-07-29T14:43:15+08:00 ] ::1 /alpha/index.php/Admin/Manage/index
INFO: [ app_init ] --START--
INFO: Run Behavior\BuildLiteBehavior [ RunTime:0.000021s ]
INFO: [ app_init ] --END-- [ RunTime:0.000743s ]
INFO: [ app_begin ] --START--
INFO: Run Behavior\ReadHtmlCacheBehavior [ RunTime:0.000936s ]
INFO: [ app_begin ] --END-- [ RunTime:0.001023s ]
INFO: [ view_parse ] --START--
INFO: [ template_filter ] --START--
INFO: Run Behavior\ContentReplaceBehavior [ RunTime:0.000276s ]
INFO: [ template_filter ] --END-- [ RunTime:0.000487s ]
INFO: Run Behavior\ParseTemplateBehavior [ RunTime:0.012664s ]
INFO: [ view_parse ] --END-- [ RunTime:0.012768s ]
INFO: [ view_filter ] --START--
INFO: Run Behavior\WriteHtmlCacheBehavior [ RunTime:0.001164s ]
INFO: [ view_filter ] --END-- [ RunTime:0.001263s ]
INFO: [ app_end ] --START--
INFO: Run Behavior\ShowPageTraceBehavior [ RunTime:0.001017s ]
INFO: [ app_end ] --END-- [ RunTime:0.001080s ]

[ 2016-07-29T14:43:15+08:00 ] ::1 /alpha/index.php/Admin/Manage/welcome.html
INFO: [ app_init ] --START--
INFO: Run Behavior\BuildLiteBehavior [ RunTime:0.000026s ]
INFO: [ app_init ] --END-- [ RunTime:0.000738s ]
INFO: [ app_begin ] --START--
INFO: Run Behavior\ReadHtmlCacheBehavior [ RunTime:0.001013s ]
INFO: [ app_begin ] --END-- [ RunTime:0.001118s ]
INFO: [ view_parse ] --START--
INFO: [ template_filter ] --START--
INFO: Run Behavior\ContentReplaceBehavior [ RunTime:0.000089s ]
INFO: [ template_filter ] --END-- [ RunTime:0.000169s ]
INFO: Run Behavior\ParseTemplateBehavior [ RunTime:0.009240s ]
INFO: [ view_parse ] --END-- [ RunTime:0.009342s ]
INFO: [ view_filter ] --START--
INFO: Run Behavior\WriteHtmlCacheBehavior [ RunTime:0.000879s ]
INFO: [ view_filter ] --END-- [ RunTime:0.000983s ]
INFO: [ app_end ] --START--
INFO: Run Behavior\ShowPageTraceBehavior [ RunTime:0.001402s ]
INFO: [ app_end ] --END-- [ RunTime:0.001464s ]

[ 2016-07-29T14:43:31+08:00 ] ::1 /alpha/index.php/Admin/Manage/welcome
INFO: [ app_init ] --START--
INFO: Run Behavior\BuildLiteBehavior [ RunTime:0.000026s ]
INFO: [ app_init ] --END-- [ RunTime:0.000996s ]
INFO: [ app_begin ] --START--
INFO: Run Behavior\ReadHtmlCacheBehavior [ RunTime:0.001260s ]
INFO: [ app_begin ] --END-- [ RunTime:0.001367s ]
INFO: [ view_parse ] --START--
INFO: [ template_filter ] --START--
INFO: Run Behavior\ContentReplaceBehavior [ RunTime:0.000076s ]
INFO: [ template_filter ] --END-- [ RunTime:0.000131s ]
INFO: Run Behavior\ParseTemplateBehavior [ RunTime:0.009547s ]
INFO: [ view_parse ] --END-- [ RunTime:0.009650s ]
INFO: [ view_filter ] --START--
INFO: Run Behavior\WriteHtmlCacheBehavior [ RunTime:0.000747s ]
INFO: [ view_filter ] --END-- [ RunTime:0.000802s ]
INFO: [ app_end ] --START--
INFO: Run Behavior\ShowPageTraceBehavior [ RunTime:0.001063s ]
INFO: [ app_end ] --END-- [ RunTime:0.001195s ]

[ 2016-07-29T14:43:33+08:00 ] ::1 /alpha/index.php/Admin/Manage/existmemer
INFO: [ app_init ] --START--
INFO: Run Behavior\BuildLiteBehavior [ RunTime:0.000020s ]
INFO: [ app_init ] --END-- [ RunTime:0.000849s ]
INFO: [ app_begin ] --START--
INFO: Run Behavior\ReadHtmlCacheBehavior [ RunTime:0.000843s ]
INFO: [ app_begin ] --END-- [ RunTime:0.000901s ]
SQL: SHOW COLUMNS FROM `user` [ RunTime:0.0035s ]
SQL: SELECT COUNT(*) AS tp_count FROM `user` WHERE ( rank!=0 ) LIMIT 1   [ RunTime:0.0471s ]
SQL: SELECT COUNT(*) AS tp_count FROM `user` WHERE ( rank>3 ) LIMIT 1   [ RunTime:0.0006s ]
SQL: SELECT `id`,`username`,`truename`,`password`,`email`,`start_year`,`phone`,`sex`,`introduction`,`rank`,`judger`,`start_time` FROM `user` WHERE ( rank!=0 ) ORDER BY rank desc LIMIT 0,15   [ RunTime:0.0092s ]
INFO: [ view_parse ] --START--
INFO: [ template_filter ] --START--
INFO: Run Behavior\ContentReplaceBehavior [ RunTime:0.000110s ]
INFO: [ template_filter ] --END-- [ RunTime:0.000210s ]
INFO: Run Behavior\ParseTemplateBehavior [ RunTime:0.060864s ]
INFO: [ view_parse ] --END-- [ RunTime:0.060967s ]
INFO: [ view_filter ] --START--
INFO: Run Behavior\WriteHtmlCacheBehavior [ RunTime:0.000504s ]
INFO: [ view_filter ] --END-- [ RunTime:0.000557s ]
INFO: [ app_end ] --START--
INFO: Run Behavior\ShowPageTraceBehavior [ RunTime:0.000703s ]
INFO: [ app_end ] --END-- [ RunTime:0.000760s ]

[ 2016-07-29T14:43:36+08:00 ] ::1 /alpha/index.php/Admin/Manage/examinememer
INFO: [ app_init ] --START--
INFO: Run Behavior\BuildLiteBehavior [ RunTime:0.000029s ]
INFO: [ app_init ] --END-- [ RunTime:0.000859s ]
INFO: [ app_begin ] --START--
INFO: Run Behavior\ReadHtmlCacheBehavior [ RunTime:0.001846s ]
INFO: [ app_begin ] --END-- [ RunTime:0.001993s ]
SQL: SHOW COLUMNS FROM `user` [ RunTime:0.0039s ]
SQL: SELECT COUNT(*) AS tp_count FROM `user` WHERE ( rank=0 ) LIMIT 1   [ RunTime:0.0005s ]
SQL: SELECT `id`,`username`,`truename`,`password`,`email`,`start_year`,`phone`,`sex`,`introduction`,`rank`,`judger`,`start_time` FROM `user` WHERE ( rank=0 ) LIMIT 0,20   [ RunTime:0.0007s ]
INFO: [ view_parse ] --START--
INFO: [ template_filter ] --START--
INFO: Run Behavior\ContentReplaceBehavior [ RunTime:0.000096s ]
INFO: [ template_filter ] --END-- [ RunTime:0.000186s ]
INFO: Run Behavior\ParseTemplateBehavior [ RunTime:0.012060s ]
INFO: [ view_parse ] --END-- [ RunTime:0.012136s ]
INFO: [ view_filter ] --START--
INFO: Run Behavior\WriteHtmlCacheBehavior [ RunTime:0.000453s ]
INFO: [ view_filter ] --END-- [ RunTime:0.000508s ]
INFO: [ app_end ] --START--
INFO: Run Behavior\ShowPageTraceBehavior [ RunTime:0.000656s ]
INFO: [ app_end ] --END-- [ RunTime:0.000709s ]

[ 2016-07-29T14:45:00+08:00 ] ::1 /alpha/index.php/Admin/Manage/index
INFO: [ app_init ] --START--
INFO: Run Behavior\BuildLiteBehavior [ RunTime:0.000019s ]
INFO: [ app_init ] --END-- [ RunTime:0.000622s ]
INFO: [ app_begin ] --START--
INFO: Run Behavior\ReadHtmlCacheBehavior [ RunTime:0.000670s ]
INFO: [ app_begin ] --END-- [ RunTime:0.000729s ]
INFO: [ view_parse ] --START--
INFO: [ template_filter ] --START--
INFO: Run Behavior\ContentReplaceBehavior [ RunTime:0.000080s ]
INFO: [ template_filter ] --END-- [ RunTime:0.000150s ]
INFO: Run Behavior\ParseTemplateBehavior [ RunTime:0.009441s ]
INFO: [ view_parse ] --END-- [ RunTime:0.009570s ]
INFO: [ view_filter ] --START--
INFO: Run Behavior\WriteHtmlCacheBehavior [ RunTime:0.000749s ]
INFO: [ view_filter ] --END-- [ RunTime:0.000812s ]
INFO: [ app_end ] --START--
INFO: Run Behavior\ShowPageTraceBehavior [ RunTime:0.002612s ]
INFO: [ app_end ] --END-- [ RunTime:0.003390s ]

[ 2016-07-29T14:45:00+08:00 ] ::1 /alpha/index.php/Admin/Manage/welcome.html
INFO: [ app_init ] --START--
INFO: Run Behavior\BuildLiteBehavior [ RunTime:0.000017s ]
INFO: [ app_init ] --END-- [ RunTime:0.000765s ]
INFO: [ app_begin ] --START--
INFO: Run Behavior\ReadHtmlCacheBehavior [ RunTime:0.000821s ]
INFO: [ app_begin ] --END-- [ RunTime:0.000885s ]
INFO: [ view_parse ] --START--
INFO: [ template_filter ] --START--
INFO: Run Behavior\ContentReplaceBehavior [ RunTime:0.000087s ]
INFO: [ template_filter ] --END-- [ RunTime:0.000168s ]
INFO: Run Behavior\ParseTemplateBehavior [ RunTime:0.010703s ]
INFO: [ view_parse ] --END-- [ RunTime:0.010809s ]
INFO: [ view_filter ] --START--
INFO: Run Behavior\WriteHtmlCacheBehavior [ RunTime:0.000647s ]
INFO: [ view_filter ] --END-- [ RunTime:0.000709s ]
INFO: [ app_end ] --START--
INFO: Run Behavior\ShowPageTraceBehavior [ RunTime:0.000864s ]
INFO: [ app_end ] --END-- [ RunTime:0.000925s ]

[ 2016-07-29T14:45:14+08:00 ] ::1 /alpha/index.php/Admin/Manage/existmemer
INFO: [ app_init ] --START--
INFO: Run Behavior\BuildLiteBehavior [ RunTime:0.000017s ]
INFO: [ app_init ] --END-- [ RunTime:0.000576s ]
INFO: [ app_begin ] --START--
INFO: Run Behavior\ReadHtmlCacheBehavior [ RunTime:0.000685s ]
INFO: [ app_begin ] --END-- [ RunTime:0.000747s ]
SQL: SHOW COLUMNS FROM `user` [ RunTime:0.0034s ]
SQL: SELECT COUNT(*) AS tp_count FROM `user` WHERE ( rank!=0 ) LIMIT 1   [ RunTime:0.0006s ]
SQL: SELECT COUNT(*) AS tp_count FROM `user` WHERE ( rank>3 ) LIMIT 1   [ RunTime:0.0002s ]
SQL: SELECT `id`,`username`,`truename`,`password`,`email`,`start_year`,`phone`,`sex`,`introduction`,`rank`,`judger`,`start_time` FROM `user` WHERE ( rank!=0 ) ORDER BY rank desc LIMIT 0,15   [ RunTime:0.0004s ]
INFO: [ view_parse ] --START--
INFO: [ template_filter ] --START--
INFO: Run Behavior\ContentReplaceBehavior [ RunTime:0.000106s ]
INFO: [ template_filter ] --END-- [ RunTime:0.000194s ]
INFO: Run Behavior\ParseTemplateBehavior [ RunTime:0.013011s ]
INFO: [ view_parse ] --END-- [ RunTime:0.013077s ]
INFO: [ view_filter ] --START--
INFO: Run Behavior\WriteHtmlCacheBehavior [ RunTime:0.000403s ]
INFO: [ view_filter ] --END-- [ RunTime:0.000453s ]
INFO: [ app_end ] --START--
INFO: Run Behavior\ShowPageTraceBehavior [ RunTime:0.000786s ]
INFO: [ app_end ] --END-- [ RunTime:0.000851s ]

[ 2016-07-29T14:45:14+08:00 ] ::1 /alpha/index.php/Admin/Manage/examinememer
INFO: [ app_init ] --START--
INFO: Run Behavior\BuildLiteBehavior [ RunTime:0.000027s ]
INFO: [ app_init ] --END-- [ RunTime:0.000999s ]
INFO: [ app_begin ] --START--
INFO: Run Behavior\ReadHtmlCacheBehavior [ RunTime:0.000723s ]
INFO: [ app_begin ] --END-- [ RunTime:0.000788s ]
SQL: SHOW COLUMNS FROM `user` [ RunTime:0.0042s ]
SQL: SELECT COUNT(*) AS tp_count FROM `user` WHERE ( rank=0 ) LIMIT 1   [ RunTime:0.0007s ]
SQL: SELECT `id`,`username`,`truename`,`password`,`email`,`start_year`,`phone`,`sex`,`introduction`,`rank`,`judger`,`start_time` FROM `user` WHERE ( rank=0 ) LIMIT 0,20   [ RunTime:0.0004s ]
INFO: [ view_parse ] --START--
INFO: [ template_filter ] --START--
INFO: Run Behavior\ContentReplaceBehavior [ RunTime:0.000100s ]
INFO: [ template_filter ] --END-- [ RunTime:0.000186s ]
INFO: Run Behavior\ParseTemplateBehavior [ RunTime:0.012265s ]
INFO: [ view_parse ] --END-- [ RunTime:0.012346s ]
INFO: [ view_filter ] --START--
INFO: Run Behavior\WriteHtmlCacheBehavior [ RunTime:0.000711s ]
INFO: [ view_filter ] --END-- [ RunTime:0.000771s ]
INFO: [ app_end ] --START--
INFO: Run Behavior\ShowPageTraceBehavior [ RunTime:0.000762s ]
INFO: [ app_end ] --END-- [ RunTime:0.000814s ]

[ 2016-07-29T14:45:22+08:00 ] ::1 /alpha/index.php/Admin/Manage/outwardadvise
INFO: [ app_init ] --START--
INFO: Run Behavior\BuildLiteBehavior [ RunTime:0.000015s ]
INFO: [ app_init ] --END-- [ RunTime:0.000504s ]
INFO: [ app_begin ] --START--
INFO: Run Behavior\ReadHtmlCacheBehavior [ RunTime:0.001057s ]
INFO: [ app_begin ] --END-- [ RunTime:0.001162s ]
SQL: SHOW COLUMNS FROM `advise` [ RunTime:0.2379s ]
SQL: SELECT COUNT(*) AS tp_count FROM `advise` WHERE ( m_type=0 ) LIMIT 1   [ RunTime:0.0008s ]
SQL: SELECT COUNT(*) AS tp_count FROM `advise` WHERE `m_type` = 0 AND `reply` is null LIMIT 1   [ RunTime:0.0005s ]
SQL: SELECT `id`,`truename`,`phone`,`email`,`message`,`m_type`,`start_time`,`reply`,`username` FROM `advise` WHERE ( m_type=0 ) ORDER BY id desc LIMIT 0,5   [ RunTime:0.0007s ]
INFO: [ view_parse ] --START--
INFO: [ template_filter ] --START--
INFO: Run Behavior\ContentReplaceBehavior [ RunTime:0.000159s ]
INFO: [ template_filter ] --END-- [ RunTime:0.000303s ]
INFO: Run Behavior\ParseTemplateBehavior [ RunTime:0.024747s ]
INFO: [ view_parse ] --END-- [ RunTime:0.024907s ]
INFO: [ view_filter ] --START--
INFO: Run Behavior\WriteHtmlCacheBehavior [ RunTime:0.001119s ]
INFO: [ view_filter ] --END-- [ RunTime:0.001232s ]
INFO: [ app_end ] --START--
INFO: Run Behavior\ShowPageTraceBehavior [ RunTime:0.001892s ]
INFO: [ app_end ] --END-- [ RunTime:0.002014s ]

[ 2016-07-29T14:45:23+08:00 ] ::1 /alpha/index.php/Admin/Manage/inwardadvise
INFO: [ app_init ] --START--
INFO: Run Behavior\BuildLiteBehavior [ RunTime:0.000017s ]
INFO: [ app_init ] --END-- [ RunTime:0.000511s ]
INFO: [ app_begin ] --START--
INFO: Run Behavior\ReadHtmlCacheBehavior [ RunTime:0.001040s ]
INFO: [ app_begin ] --END-- [ RunTime:0.001097s ]
SQL: SHOW COLUMNS FROM `advise` [ RunTime:0.0069s ]
SQL: SELECT COUNT(*) AS tp_count FROM `advise` WHERE ( m_type=1 ) LIMIT 1   [ RunTime:0.0009s ]
SQL: SELECT COUNT(*) AS tp_count FROM `advise` WHERE `m_type` = 1 AND `reply` is null LIMIT 1   [ RunTime:0.0008s ]
SQL: SELECT `id`,`truename`,`phone`,`email`,`message`,`m_type`,`start_time`,`reply`,`username` FROM `advise` WHERE ( m_type=1 ) ORDER BY id desc LIMIT 0,5   [ RunTime:0.0008s ]
INFO: [ view_parse ] --START--
INFO: [ template_filter ] --START--
INFO: Run Behavior\ContentReplaceBehavior [ RunTime:0.000082s ]
INFO: [ template_filter ] --END-- [ RunTime:0.000170s ]
INFO: Run Behavior\ParseTemplateBehavior [ RunTime:0.018349s ]
INFO: [ view_parse ] --END-- [ RunTime:0.018472s ]
INFO: [ view_filter ] --START--
INFO: Run Behavior\WriteHtmlCacheBehavior [ RunTime:0.000395s ]
INFO: [ view_filter ] --END-- [ RunTime:0.000446s ]
INFO: [ app_end ] --START--
INFO: Run Behavior\ShowPageTraceBehavior [ RunTime:0.000647s ]
INFO: [ app_end ] --END-- [ RunTime:0.000704s ]

[ 2016-07-29T14:55:38+08:00 ] ::1 /alpha/index.php/Admin/Manage/examinememer
INFO: [ app_init ] --START--
INFO: Run Behavior\BuildLiteBehavior [ RunTime:0.000017s ]
INFO: [ app_init ] --END-- [ RunTime:0.000562s ]
INFO: [ app_begin ] --START--
INFO: Run Behavior\ReadHtmlCacheBehavior [ RunTime:0.000782s ]
INFO: [ app_begin ] --END-- [ RunTime:0.000839s ]
SQL: SHOW COLUMNS FROM `user` [ RunTime:0.0044s ]
SQL: SELECT COUNT(*) AS tp_count FROM `user` WHERE ( rank=0 ) LIMIT 1   [ RunTime:0.0006s ]
SQL: SELECT `id`,`username`,`truename`,`password`,`email`,`start_year`,`phone`,`sex`,`introduction`,`rank`,`judger`,`start_time` FROM `user` WHERE ( rank=0 ) LIMIT 0,20   [ RunTime:0.0006s ]
INFO: [ view_parse ] --START--
INFO: [ template_filter ] --START--
INFO: Run Behavior\ContentReplaceBehavior [ RunTime:0.000073s ]
INFO: [ template_filter ] --END-- [ RunTime:0.000134s ]
INFO: Run Behavior\ParseTemplateBehavior [ RunTime:0.010495s ]
INFO: [ view_parse ] --END-- [ RunTime:0.010556s ]
INFO: [ view_filter ] --START--
INFO: Run Behavior\WriteHtmlCacheBehavior [ RunTime:0.000660s ]
INFO: [ view_filter ] --END-- [ RunTime:0.000711s ]
INFO: [ app_end ] --START--
INFO: Run Behavior\ShowPageTraceBehavior [ RunTime:0.000624s ]
INFO: [ app_end ] --END-- [ RunTime:0.000672s ]

