[ 2016-08-01T16:24:44+08:00 ] ::1 /alpha/index.php/Admin/Manage/index
INFO: [ app_init ] --START--
INFO: Run Behavior\BuildLiteBehavior [ RunTime:0.000069s ]
INFO: [ app_init ] --END-- [ RunTime:0.001271s ]
INFO: [ app_begin ] --START--
INFO: Run Behavior\ReadHtmlCacheBehavior [ RunTime:0.001324s ]
INFO: [ app_begin ] --END-- [ RunTime:0.001434s ]
NOTIC: [8] Undefined index: master E:\PHP\xampp\htdocs\alpha\Admin\Controller\ManageController.class.php 第 6 行.

[ 2016-08-01T16:24:44+08:00 ] ::1 /alpha/index.php/Admin/Index/index.html
INFO: [ app_init ] --START--
INFO: Run Behavior\BuildLiteBehavior [ RunTime:0.000019s ]
INFO: [ app_init ] --END-- [ RunTime:0.000630s ]
INFO: [ app_begin ] --START--
INFO: Run Behavior\ReadHtmlCacheBehavior [ RunTime:0.000707s ]
INFO: [ app_begin ] --END-- [ RunTime:0.000802s ]
INFO: [ view_parse ] --START--
INFO: [ template_filter ] --START--
INFO: Run Behavior\ContentReplaceBehavior [ RunTime:0.000069s ]
INFO: [ template_filter ] --END-- [ RunTime:0.000167s ]
INFO: Run Behavior\ParseTemplateBehavior [ RunTime:0.037075s ]
INFO: [ view_parse ] --END-- [ RunTime:0.037661s ]
INFO: [ view_filter ] --START--
INFO: Run Behavior\WriteHtmlCacheBehavior [ RunTime:0.000965s ]
INFO: [ view_filter ] --END-- [ RunTime:0.001137s ]
INFO: [ app_end ] --START--
INFO: Run Behavior\ShowPageTraceBehavior [ RunTime:0.001178s ]
INFO: [ app_end ] --END-- [ RunTime:0.001249s ]

[ 2016-08-01T16:29:04+08:00 ] ::1 /alpha/index.php/Admin/Index/login
INFO: [ app_init ] --START--
INFO: Run Behavior\BuildLiteBehavior [ RunTime:0.000034s ]
INFO: [ app_init ] --END-- [ RunTime:0.001058s ]
INFO: [ app_begin ] --START--
INFO: Run Behavior\ReadHtmlCacheBehavior [ RunTime:0.001132s ]
INFO: [ app_begin ] --END-- [ RunTime:0.001199s ]
SQL: SHOW COLUMNS FROM `user` [ RunTime:0.0060s ]
SQL: SELECT * FROM `user` WHERE `username` = '赵益石'  [ RunTime:0.0007s ]
SQL: SELECT * FROM `user` WHERE `truename` = '赵益石'  [ RunTime:0.0005s ]
INFO: [ app_end ] --START--
INFO: Run Behavior\ShowPageTraceBehavior [ RunTime:0.001376s ]
INFO: [ app_end ] --END-- [ RunTime:0.001435s ]

[ 2016-08-01T16:29:04+08:00 ] ::1 /alpha/index.php/Admin/Manage/index
INFO: [ app_init ] --START--
INFO: Run Behavior\BuildLiteBehavior [ RunTime:0.000028s ]
INFO: [ app_init ] --END-- [ RunTime:0.001068s ]
INFO: [ app_begin ] --START--
INFO: Run Behavior\ReadHtmlCacheBehavior [ RunTime:0.001861s ]
INFO: [ app_begin ] --END-- [ RunTime:0.001988s ]
INFO: [ view_parse ] --START--
INFO: [ template_filter ] --START--
INFO: Run Behavior\ContentReplaceBehavior [ RunTime:0.000198s ]
INFO: [ template_filter ] --END-- [ RunTime:0.000307s ]
INFO: Run Behavior\ParseTemplateBehavior [ RunTime:0.055924s ]
INFO: [ view_parse ] --END-- [ RunTime:0.056043s ]
INFO: [ view_filter ] --START--
INFO: Run Behavior\WriteHtmlCacheBehavior [ RunTime:0.000834s ]
INFO: [ view_filter ] --END-- [ RunTime:0.000886s ]
INFO: [ app_end ] --START--
INFO: Run Behavior\ShowPageTraceBehavior [ RunTime:0.001046s ]
INFO: [ app_end ] --END-- [ RunTime:0.001105s ]

[ 2016-08-01T16:29:04+08:00 ] ::1 /alpha/index.php/Admin/Manage/welcome.html
INFO: [ app_init ] --START--
INFO: Run Behavior\BuildLiteBehavior [ RunTime:0.000022s ]
INFO: [ app_init ] --END-- [ RunTime:0.000831s ]
INFO: [ app_begin ] --START--
INFO: Run Behavior\ReadHtmlCacheBehavior [ RunTime:0.006917s ]
INFO: [ app_begin ] --END-- [ RunTime:0.007049s ]
INFO: [ view_parse ] --START--
INFO: [ template_filter ] --START--
INFO: Run Behavior\ContentReplaceBehavior [ RunTime:0.000123s ]
INFO: [ template_filter ] --END-- [ RunTime:0.000236s ]
INFO: Run Behavior\ParseTemplateBehavior [ RunTime:0.063137s ]
INFO: [ view_parse ] --END-- [ RunTime:0.063262s ]
INFO: [ view_filter ] --START--
INFO: Run Behavior\WriteHtmlCacheBehavior [ RunTime:0.001023s ]
INFO: [ view_filter ] --END-- [ RunTime:0.001094s ]
INFO: [ app_end ] --START--
INFO: Run Behavior\ShowPageTraceBehavior [ RunTime:0.001279s ]
INFO: [ app_end ] --END-- [ RunTime:0.001352s ]

[ 2016-08-01T16:29:13+08:00 ] ::1 /alpha/index.php/Admin/Manage/existmemer
INFO: [ app_init ] --START--
INFO: Run Behavior\BuildLiteBehavior [ RunTime:0.000022s ]
INFO: [ app_init ] --END-- [ RunTime:0.001030s ]
INFO: [ app_begin ] --START--
INFO: Run Behavior\ReadHtmlCacheBehavior [ RunTime:0.001344s ]
INFO: [ app_begin ] --END-- [ RunTime:0.001442s ]
SQL: SHOW COLUMNS FROM `user` [ RunTime:0.0052s ]
SQL: SELECT COUNT(*) AS tp_count FROM `user` WHERE ( rank!=0 ) LIMIT 1   [ RunTime:0.1782s ]
SQL: SELECT COUNT(*) AS tp_count FROM `user` WHERE ( rank>3 ) LIMIT 1   [ RunTime:0.0006s ]
SQL: SELECT `id`,`username`,`truename`,`password`,`email`,`start_year`,`phone`,`sex`,`introduction`,`rank`,`judger`,`start_time` FROM `user` WHERE ( rank!=0 ) ORDER BY rank desc LIMIT 0,15   [ RunTime:0.0095s ]
INFO: [ view_parse ] --START--
INFO: [ template_filter ] --START--
INFO: Run Behavior\ContentReplaceBehavior [ RunTime:0.000097s ]
INFO: [ template_filter ] --END-- [ RunTime:0.000168s ]
INFO: Run Behavior\ParseTemplateBehavior [ RunTime:0.025977s ]
INFO: [ view_parse ] --END-- [ RunTime:0.026059s ]
INFO: [ view_filter ] --START--
INFO: Run Behavior\WriteHtmlCacheBehavior [ RunTime:0.000751s ]
INFO: [ view_filter ] --END-- [ RunTime:0.000805s ]
INFO: [ app_end ] --START--
INFO: Run Behavior\ShowPageTraceBehavior [ RunTime:0.001953s ]
INFO: [ app_end ] --END-- [ RunTime:0.002030s ]

[ 2016-08-01T16:29:19+08:00 ] ::1 /alpha/index.php/Admin/Manage/examinememer
INFO: [ app_init ] --START--
INFO: Run Behavior\BuildLiteBehavior [ RunTime:0.000022s ]
INFO: [ app_init ] --END-- [ RunTime:0.000899s ]
INFO: [ app_begin ] --START--
INFO: Run Behavior\ReadHtmlCacheBehavior [ RunTime:0.001856s ]
INFO: [ app_begin ] --END-- [ RunTime:0.002017s ]
SQL: SHOW COLUMNS FROM `user` [ RunTime:0.0067s ]
SQL: SELECT COUNT(*) AS tp_count FROM `user` WHERE ( rank=0 ) LIMIT 1   [ RunTime:0.0011s ]
SQL: SELECT `id`,`username`,`truename`,`password`,`email`,`start_year`,`phone`,`sex`,`introduction`,`rank`,`judger`,`start_time` FROM `user` WHERE ( rank=0 ) LIMIT 0,20   [ RunTime:0.0010s ]
INFO: [ view_parse ] --START--
INFO: [ template_filter ] --START--
INFO: Run Behavior\ContentReplaceBehavior [ RunTime:0.000097s ]
INFO: [ template_filter ] --END-- [ RunTime:0.000193s ]
INFO: Run Behavior\ParseTemplateBehavior [ RunTime:0.032520s ]
INFO: [ view_parse ] --END-- [ RunTime:0.032666s ]
INFO: [ view_filter ] --START--
INFO: Run Behavior\WriteHtmlCacheBehavior [ RunTime:0.001891s ]
INFO: [ view_filter ] --END-- [ RunTime:0.001977s ]
INFO: [ app_end ] --START--
INFO: Run Behavior\ShowPageTraceBehavior [ RunTime:0.001191s ]
INFO: [ app_end ] --END-- [ RunTime:0.001262s ]

[ 2016-08-01T16:29:54+08:00 ] ::1 /alpha/index.php/Admin/Manage/examinememer
INFO: [ app_init ] --START--
INFO: Run Behavior\BuildLiteBehavior [ RunTime:0.000020s ]
INFO: [ app_init ] --END-- [ RunTime:0.000723s ]
INFO: [ app_begin ] --START--
INFO: Run Behavior\ReadHtmlCacheBehavior [ RunTime:0.000999s ]
INFO: [ app_begin ] --END-- [ RunTime:0.001081s ]
SQL: SHOW COLUMNS FROM `user` [ RunTime:0.0050s ]
SQL: SELECT COUNT(*) AS tp_count FROM `user` WHERE ( rank=0 ) LIMIT 1   [ RunTime:0.0006s ]
SQL: SELECT `id`,`username`,`truename`,`password`,`email`,`start_year`,`phone`,`sex`,`introduction`,`rank`,`judger`,`start_time` FROM `user` WHERE ( rank=0 ) LIMIT 0,20   [ RunTime:0.0004s ]
INFO: [ view_parse ] --START--
INFO: [ template_filter ] --START--
INFO: Run Behavior\ContentReplaceBehavior [ RunTime:0.000114s ]
INFO: [ template_filter ] --END-- [ RunTime:0.000233s ]
INFO: Run Behavior\ParseTemplateBehavior [ RunTime:0.014069s ]
INFO: [ view_parse ] --END-- [ RunTime:0.014163s ]
INFO: [ view_filter ] --START--
INFO: Run Behavior\WriteHtmlCacheBehavior [ RunTime:0.000801s ]
INFO: [ view_filter ] --END-- [ RunTime:0.000858s ]
INFO: [ app_end ] --START--
INFO: Run Behavior\ShowPageTraceBehavior [ RunTime:0.001353s ]
INFO: [ app_end ] --END-- [ RunTime:0.001446s ]

[ 2016-08-01T16:55:02+08:00 ] ::1 /alpha/index.php/Admin/Manage/index
INFO: [ app_init ] --START--
INFO: Run Behavior\BuildLiteBehavior [ RunTime:0.000022s ]
INFO: [ app_init ] --END-- [ RunTime:0.001006s ]
INFO: [ app_begin ] --START--
INFO: Run Behavior\ReadHtmlCacheBehavior [ RunTime:0.003322s ]
INFO: [ app_begin ] --END-- [ RunTime:0.003535s ]
INFO: [ view_parse ] --START--
INFO: [ template_filter ] --START--
INFO: Run Behavior\ContentReplaceBehavior [ RunTime:0.000199s ]
INFO: [ template_filter ] --END-- [ RunTime:0.000379s ]
INFO: Run Behavior\ParseTemplateBehavior [ RunTime:0.016496s ]
INFO: [ view_parse ] --END-- [ RunTime:0.016603s ]
INFO: [ view_filter ] --START--
INFO: Run Behavior\WriteHtmlCacheBehavior [ RunTime:0.000567s ]
INFO: [ view_filter ] --END-- [ RunTime:0.000623s ]
INFO: [ app_end ] --START--
INFO: Run Behavior\ShowPageTraceBehavior [ RunTime:0.000801s ]
INFO: [ app_end ] --END-- [ RunTime:0.000859s ]

[ 2016-08-01T16:55:02+08:00 ] ::1 /alpha/index.php/Admin/Manage/welcome.html
INFO: [ app_init ] --START--
INFO: Run Behavior\BuildLiteBehavior [ RunTime:0.000028s ]
INFO: [ app_init ] --END-- [ RunTime:0.001129s ]
INFO: [ app_begin ] --START--
INFO: Run Behavior\ReadHtmlCacheBehavior [ RunTime:0.001081s ]
INFO: [ app_begin ] --END-- [ RunTime:0.001180s ]
INFO: [ view_parse ] --START--
INFO: [ template_filter ] --START--
INFO: Run Behavior\ContentReplaceBehavior [ RunTime:0.000129s ]
INFO: [ template_filter ] --END-- [ RunTime:0.000246s ]
INFO: Run Behavior\ParseTemplateBehavior [ RunTime:0.018929s ]
INFO: [ view_parse ] --END-- [ RunTime:0.019023s ]
INFO: [ view_filter ] --START--
INFO: Run Behavior\WriteHtmlCacheBehavior [ RunTime:0.000539s ]
INFO: [ view_filter ] --END-- [ RunTime:0.000602s ]
INFO: [ app_end ] --START--
INFO: Run Behavior\ShowPageTraceBehavior [ RunTime:0.002138s ]
INFO: [ app_end ] --END-- [ RunTime:0.002281s ]

[ 2016-08-01T16:55:04+08:00 ] ::1 /alpha/index.php/Admin/Manage/existfiles
INFO: [ app_init ] --START--
INFO: Run Behavior\BuildLiteBehavior [ RunTime:0.000020s ]
INFO: [ app_init ] --END-- [ RunTime:0.000747s ]
INFO: [ app_begin ] --START--
INFO: Run Behavior\ReadHtmlCacheBehavior [ RunTime:0.001384s ]
INFO: [ app_begin ] --END-- [ RunTime:0.001502s ]
INFO: [ view_parse ] --START--
INFO: [ template_filter ] --START--
INFO: Run Behavior\ContentReplaceBehavior [ RunTime:0.000070s ]
INFO: [ template_filter ] --END-- [ RunTime:0.000277s ]
INFO: Run Behavior\ParseTemplateBehavior [ RunTime:0.012048s ]
INFO: [ view_parse ] --END-- [ RunTime:0.012167s ]
INFO: [ view_filter ] --START--
INFO: Run Behavior\WriteHtmlCacheBehavior [ RunTime:0.000664s ]
INFO: [ view_filter ] --END-- [ RunTime:0.000744s ]
INFO: [ app_end ] --START--
INFO: Run Behavior\ShowPageTraceBehavior [ RunTime:0.001738s ]
INFO: [ app_end ] --END-- [ RunTime:0.001901s ]

[ 2016-08-01T16:55:05+08:00 ] ::1 /alpha/index.php/Admin/Manage/examinefiles
INFO: [ app_init ] --START--
INFO: Run Behavior\BuildLiteBehavior [ RunTime:0.000019s ]
INFO: [ app_init ] --END-- [ RunTime:0.000642s ]
INFO: [ app_begin ] --START--
INFO: Run Behavior\ReadHtmlCacheBehavior [ RunTime:0.000882s ]
INFO: [ app_begin ] --END-- [ RunTime:0.000956s ]
INFO: [ view_parse ] --START--
INFO: [ template_filter ] --START--
INFO: Run Behavior\ContentReplaceBehavior [ RunTime:0.000050s ]
INFO: [ template_filter ] --END-- [ RunTime:0.000146s ]
INFO: Run Behavior\ParseTemplateBehavior [ RunTime:0.034935s ]
INFO: [ view_parse ] --END-- [ RunTime:0.035060s ]
INFO: [ view_filter ] --START--
INFO: Run Behavior\WriteHtmlCacheBehavior [ RunTime:0.000707s ]
INFO: [ view_filter ] --END-- [ RunTime:0.000776s ]
INFO: [ app_end ] --START--
INFO: Run Behavior\ShowPageTraceBehavior [ RunTime:0.001422s ]
INFO: [ app_end ] --END-- [ RunTime:0.001507s ]

[ 2016-08-01T16:55:22+08:00 ] ::1 /alpha/index.php/Admin/Manage/existmemer
INFO: [ app_init ] --START--
INFO: Run Behavior\BuildLiteBehavior [ RunTime:0.000038s ]
INFO: [ app_init ] --END-- [ RunTime:0.003461s ]
INFO: [ app_begin ] --START--
INFO: Run Behavior\ReadHtmlCacheBehavior [ RunTime:0.001022s ]
INFO: [ app_begin ] --END-- [ RunTime:0.001130s ]
SQL: SHOW COLUMNS FROM `user` [ RunTime:0.0089s ]
SQL: SELECT COUNT(*) AS tp_count FROM `user` WHERE ( rank!=0 ) LIMIT 1   [ RunTime:0.0008s ]
SQL: SELECT COUNT(*) AS tp_count FROM `user` WHERE ( rank>3 ) LIMIT 1   [ RunTime:0.0004s ]
SQL: SELECT `id`,`username`,`truename`,`password`,`email`,`start_year`,`phone`,`sex`,`introduction`,`rank`,`judger`,`start_time` FROM `user` WHERE ( rank!=0 ) ORDER BY rank desc LIMIT 0,15   [ RunTime:0.0007s ]
INFO: [ view_parse ] --START--
INFO: [ template_filter ] --START--
INFO: Run Behavior\ContentReplaceBehavior [ RunTime:0.000123s ]
INFO: [ template_filter ] --END-- [ RunTime:0.000214s ]
INFO: Run Behavior\ParseTemplateBehavior [ RunTime:0.020921s ]
INFO: [ view_parse ] --END-- [ RunTime:0.021028s ]
INFO: [ view_filter ] --START--
INFO: Run Behavior\WriteHtmlCacheBehavior [ RunTime:0.001714s ]
INFO: [ view_filter ] --END-- [ RunTime:0.001852s ]
INFO: [ app_end ] --START--
INFO: Run Behavior\ShowPageTraceBehavior [ RunTime:0.001241s ]
INFO: [ app_end ] --END-- [ RunTime:0.001330s ]

[ 2016-08-01T16:55:25+08:00 ] ::1 /alpha/index.php/Admin/Manage/examinememer
INFO: [ app_init ] --START--
INFO: Run Behavior\BuildLiteBehavior [ RunTime:0.000025s ]
INFO: [ app_init ] --END-- [ RunTime:0.001001s ]
INFO: [ app_begin ] --START--
INFO: Run Behavior\ReadHtmlCacheBehavior [ RunTime:0.001050s ]
INFO: [ app_begin ] --END-- [ RunTime:0.001151s ]
SQL: SHOW COLUMNS FROM `user` [ RunTime:0.0069s ]
SQL: SELECT COUNT(*) AS tp_count FROM `user` WHERE ( rank=0 ) LIMIT 1   [ RunTime:0.0005s ]
SQL: SELECT `id`,`username`,`truename`,`password`,`email`,`start_year`,`phone`,`sex`,`introduction`,`rank`,`judger`,`start_time` FROM `user` WHERE ( rank=0 ) LIMIT 0,20   [ RunTime:0.0005s ]
INFO: [ view_parse ] --START--
INFO: [ template_filter ] --START--
INFO: Run Behavior\ContentReplaceBehavior [ RunTime:0.000284s ]
INFO: [ template_filter ] --END-- [ RunTime:0.000602s ]
INFO: Run Behavior\ParseTemplateBehavior [ RunTime:0.017332s ]
INFO: [ view_parse ] --END-- [ RunTime:0.017437s ]
INFO: [ view_filter ] --START--
INFO: Run Behavior\WriteHtmlCacheBehavior [ RunTime:0.000539s ]
INFO: [ view_filter ] --END-- [ RunTime:0.000595s ]
INFO: [ app_end ] --START--
INFO: Run Behavior\ShowPageTraceBehavior [ RunTime:0.000717s ]
INFO: [ app_end ] --END-- [ RunTime:0.000774s ]

[ 2016-08-01T16:55:27+08:00 ] ::1 /alpha/index.php/Admin/Manage/existmemer
INFO: [ app_init ] --START--
INFO: Run Behavior\BuildLiteBehavior [ RunTime:0.000058s ]
INFO: [ app_init ] --END-- [ RunTime:0.002938s ]
INFO: [ app_begin ] --START--
INFO: Run Behavior\ReadHtmlCacheBehavior [ RunTime:0.000799s ]
INFO: [ app_begin ] --END-- [ RunTime:0.000954s ]
SQL: SHOW COLUMNS FROM `user` [ RunTime:0.0054s ]
SQL: SELECT COUNT(*) AS tp_count FROM `user` WHERE ( rank!=0 ) LIMIT 1   [ RunTime:0.0006s ]
SQL: SELECT COUNT(*) AS tp_count FROM `user` WHERE ( rank>3 ) LIMIT 1   [ RunTime:0.0004s ]
SQL: SELECT `id`,`username`,`truename`,`password`,`email`,`start_year`,`phone`,`sex`,`introduction`,`rank`,`judger`,`start_time` FROM `user` WHERE ( rank!=0 ) ORDER BY rank desc LIMIT 0,15   [ RunTime:0.0011s ]
INFO: [ view_parse ] --START--
INFO: [ template_filter ] --START--
INFO: Run Behavior\ContentReplaceBehavior [ RunTime:0.000111s ]
INFO: [ template_filter ] --END-- [ RunTime:0.000188s ]
INFO: Run Behavior\ParseTemplateBehavior [ RunTime:0.019420s ]
INFO: [ view_parse ] --END-- [ RunTime:0.019529s ]
INFO: [ view_filter ] --START--
INFO: Run Behavior\WriteHtmlCacheBehavior [ RunTime:0.000815s ]
INFO: [ view_filter ] --END-- [ RunTime:0.000902s ]
INFO: [ app_end ] --START--
INFO: Run Behavior\ShowPageTraceBehavior [ RunTime:0.005805s ]
INFO: [ app_end ] --END-- [ RunTime:0.005933s ]

[ 2016-08-01T16:55:30+08:00 ] ::1 /alpha/index.php/Admin/Manage/examinememer
INFO: [ app_init ] --START--
INFO: Run Behavior\BuildLiteBehavior [ RunTime:0.000025s ]
INFO: [ app_init ] --END-- [ RunTime:0.000868s ]
INFO: [ app_begin ] --START--
INFO: Run Behavior\ReadHtmlCacheBehavior [ RunTime:0.001111s ]
INFO: [ app_begin ] --END-- [ RunTime:0.001213s ]
SQL: SHOW COLUMNS FROM `user` [ RunTime:0.0054s ]
SQL: SELECT COUNT(*) AS tp_count FROM `user` WHERE ( rank=0 ) LIMIT 1   [ RunTime:0.0004s ]
SQL: SELECT `id`,`username`,`truename`,`password`,`email`,`start_year`,`phone`,`sex`,`introduction`,`rank`,`judger`,`start_time` FROM `user` WHERE ( rank=0 ) LIMIT 0,20   [ RunTime:0.0003s ]
INFO: [ view_parse ] --START--
INFO: [ template_filter ] --START--
INFO: Run Behavior\ContentReplaceBehavior [ RunTime:0.000114s ]
INFO: [ template_filter ] --END-- [ RunTime:0.000214s ]
INFO: Run Behavior\ParseTemplateBehavior [ RunTime:0.016441s ]
INFO: [ view_parse ] --END-- [ RunTime:0.016515s ]
INFO: [ view_filter ] --START--
INFO: Run Behavior\WriteHtmlCacheBehavior [ RunTime:0.000443s ]
INFO: [ view_filter ] --END-- [ RunTime:0.000500s ]
INFO: [ app_end ] --START--
INFO: Run Behavior\ShowPageTraceBehavior [ RunTime:0.000856s ]
INFO: [ app_end ] --END-- [ RunTime:0.000921s ]

[ 2016-08-01T16:59:21+08:00 ] ::1 /alpha/index.php/Admin/Manage/existfiles
INFO: [ app_init ] --START--
INFO: Run Behavior\BuildLiteBehavior [ RunTime:0.000017s ]
INFO: [ app_init ] --END-- [ RunTime:0.000695s ]
INFO: [ app_begin ] --START--
INFO: Run Behavior\ReadHtmlCacheBehavior [ RunTime:0.000979s ]
INFO: [ app_begin ] --END-- [ RunTime:0.001084s ]
INFO: [ view_parse ] --START--
INFO: [ template_filter ] --START--
INFO: Run Behavior\ContentReplaceBehavior [ RunTime:0.000086s ]
INFO: [ template_filter ] --END-- [ RunTime:0.000178s ]
NOTIC: [8] Undefined variable: count E:\PHP\xampp\htdocs\alpha\Runtime\Cache\Admin\425d04a1bdd3e10425388cf9c21d4e76.php 第 21 行.
NOTIC: [8] Undefined variable: select E:\PHP\xampp\htdocs\alpha\Runtime\Cache\Admin\425d04a1bdd3e10425388cf9c21d4e76.php 第 61 行.
NOTIC: [8] Undefined variable: page E:\PHP\xampp\htdocs\alpha\Runtime\Cache\Admin\425d04a1bdd3e10425388cf9c21d4e76.php 第 87 行.
INFO: Run Behavior\ParseTemplateBehavior [ RunTime:0.029276s ]
INFO: [ view_parse ] --END-- [ RunTime:0.029346s ]
INFO: [ view_filter ] --START--
INFO: Run Behavior\WriteHtmlCacheBehavior [ RunTime:0.001211s ]
INFO: [ view_filter ] --END-- [ RunTime:0.001300s ]
INFO: [ app_end ] --START--
INFO: Run Behavior\ShowPageTraceBehavior [ RunTime:0.001204s ]
INFO: [ app_end ] --END-- [ RunTime:0.001262s ]

[ 2016-08-01T17:05:51+08:00 ] ::1 /alpha/index.php/Admin/Manage/existfiles
INFO: [ app_init ] --START--
INFO: Run Behavior\BuildLiteBehavior [ RunTime:0.000016s ]
INFO: [ app_init ] --END-- [ RunTime:0.000702s ]
INFO: [ app_begin ] --START--
INFO: Run Behavior\ReadHtmlCacheBehavior [ RunTime:0.001097s ]
INFO: [ app_begin ] --END-- [ RunTime:0.001165s ]
INFO: [ view_parse ] --START--
INFO: [ template_filter ] --START--
INFO: Run Behavior\ContentReplaceBehavior [ RunTime:0.000080s ]
INFO: [ template_filter ] --END-- [ RunTime:0.000167s ]
NOTIC: [8] Undefined variable: count E:\PHP\xampp\htdocs\alpha\Runtime\Cache\Admin\425d04a1bdd3e10425388cf9c21d4e76.php 第 21 行.
NOTIC: [8] Undefined variable: select E:\PHP\xampp\htdocs\alpha\Runtime\Cache\Admin\425d04a1bdd3e10425388cf9c21d4e76.php 第 60 行.
NOTIC: [8] Undefined variable: page E:\PHP\xampp\htdocs\alpha\Runtime\Cache\Admin\425d04a1bdd3e10425388cf9c21d4e76.php 第 86 行.
INFO: Run Behavior\ParseTemplateBehavior [ RunTime:0.012700s ]
INFO: [ view_parse ] --END-- [ RunTime:0.012777s ]
INFO: [ view_filter ] --START--
INFO: Run Behavior\WriteHtmlCacheBehavior [ RunTime:0.000830s ]
INFO: [ view_filter ] --END-- [ RunTime:0.000885s ]
INFO: [ app_end ] --START--
INFO: Run Behavior\ShowPageTraceBehavior [ RunTime:0.000891s ]
INFO: [ app_end ] --END-- [ RunTime:0.000950s ]

[ 2016-08-01T17:06:44+08:00 ] ::1 /alpha/index.php/Admin/Manage/existmemer
INFO: [ app_init ] --START--
INFO: Run Behavior\BuildLiteBehavior [ RunTime:0.000017s ]
INFO: [ app_init ] --END-- [ RunTime:0.000540s ]
INFO: [ app_begin ] --START--
INFO: Run Behavior\ReadHtmlCacheBehavior [ RunTime:0.000639s ]
INFO: [ app_begin ] --END-- [ RunTime:0.000744s ]
SQL: SHOW COLUMNS FROM `user` [ RunTime:0.0054s ]
SQL: SELECT COUNT(*) AS tp_count FROM `user` WHERE ( rank!=0 ) LIMIT 1   [ RunTime:0.0006s ]
SQL: SELECT COUNT(*) AS tp_count FROM `user` WHERE ( rank>3 ) LIMIT 1   [ RunTime:0.0002s ]
SQL: SELECT `id`,`username`,`truename`,`password`,`email`,`start_year`,`phone`,`sex`,`introduction`,`rank`,`judger`,`start_time` FROM `user` WHERE ( rank!=0 ) ORDER BY rank desc LIMIT 0,15   [ RunTime:0.0006s ]
INFO: [ view_parse ] --START--
INFO: [ template_filter ] --START--
INFO: Run Behavior\ContentReplaceBehavior [ RunTime:0.000100s ]
INFO: [ template_filter ] --END-- [ RunTime:0.000169s ]
INFO: Run Behavior\ParseTemplateBehavior [ RunTime:0.013200s ]
INFO: [ view_parse ] --END-- [ RunTime:0.013303s ]
INFO: [ view_filter ] --START--
INFO: Run Behavior\WriteHtmlCacheBehavior [ RunTime:0.000790s ]
INFO: [ view_filter ] --END-- [ RunTime:0.000853s ]
INFO: [ app_end ] --START--
INFO: Run Behavior\ShowPageTraceBehavior [ RunTime:0.001029s ]
INFO: [ app_end ] --END-- [ RunTime:0.001112s ]

[ 2016-08-01T17:07:02+08:00 ] ::1 /alpha/index.php/Admin/Manage/existfiles
INFO: [ app_init ] --START--
INFO: Run Behavior\BuildLiteBehavior [ RunTime:0.000027s ]
INFO: [ app_init ] --END-- [ RunTime:0.001688s ]
INFO: [ app_begin ] --START--
INFO: Run Behavior\ReadHtmlCacheBehavior [ RunTime:0.001250s ]
INFO: [ app_begin ] --END-- [ RunTime:0.001378s ]
INFO: [ view_parse ] --START--
INFO: [ template_filter ] --START--
INFO: Run Behavior\ContentReplaceBehavior [ RunTime:0.000116s ]
INFO: [ template_filter ] --END-- [ RunTime:0.000239s ]
NOTIC: [8] Undefined variable: count E:\PHP\xampp\htdocs\alpha\Runtime\Cache\Admin\425d04a1bdd3e10425388cf9c21d4e76.php 第 21 行.
NOTIC: [8] Undefined variable: select E:\PHP\xampp\htdocs\alpha\Runtime\Cache\Admin\425d04a1bdd3e10425388cf9c21d4e76.php 第 60 行.
NOTIC: [8] Undefined variable: page E:\PHP\xampp\htdocs\alpha\Runtime\Cache\Admin\425d04a1bdd3e10425388cf9c21d4e76.php 第 86 行.
INFO: Run Behavior\ParseTemplateBehavior [ RunTime:0.020518s ]
INFO: [ view_parse ] --END-- [ RunTime:0.020630s ]
INFO: [ view_filter ] --START--
INFO: Run Behavior\WriteHtmlCacheBehavior [ RunTime:0.000631s ]
INFO: [ view_filter ] --END-- [ RunTime:0.000702s ]
INFO: [ app_end ] --START--
INFO: Run Behavior\ShowPageTraceBehavior [ RunTime:0.001417s ]
INFO: [ app_end ] --END-- [ RunTime:0.001493s ]

[ 2016-08-01T17:08:13+08:00 ] ::1 /alpha/index.php/Admin/Manage/outwardadvise
INFO: [ app_init ] --START--
INFO: Run Behavior\BuildLiteBehavior [ RunTime:0.000020s ]
INFO: [ app_init ] --END-- [ RunTime:0.000790s ]
INFO: [ app_begin ] --START--
INFO: Run Behavior\ReadHtmlCacheBehavior [ RunTime:0.000977s ]
INFO: [ app_begin ] --END-- [ RunTime:0.001043s ]
SQL: SHOW COLUMNS FROM `advise` [ RunTime:0.0666s ]
SQL: SELECT COUNT(*) AS tp_count FROM `advise` WHERE ( m_type=0 ) LIMIT 1   [ RunTime:0.0009s ]
SQL: SELECT COUNT(*) AS tp_count FROM `advise` WHERE `m_type` = 0 AND `reply` is null LIMIT 1   [ RunTime:0.0338s ]
SQL: SELECT `id`,`truename`,`phone`,`email`,`message`,`m_type`,`start_time`,`reply`,`username` FROM `advise` WHERE ( m_type=0 ) ORDER BY id desc LIMIT 0,5   [ RunTime:0.0007s ]
INFO: [ view_parse ] --START--
INFO: [ template_filter ] --START--
INFO: Run Behavior\ContentReplaceBehavior [ RunTime:0.000083s ]
INFO: [ template_filter ] --END-- [ RunTime:0.000173s ]
INFO: Run Behavior\ParseTemplateBehavior [ RunTime:0.012320s ]
INFO: [ view_parse ] --END-- [ RunTime:0.012501s ]
INFO: [ view_filter ] --START--
INFO: Run Behavior\WriteHtmlCacheBehavior [ RunTime:0.001215s ]
INFO: [ view_filter ] --END-- [ RunTime:0.001378s ]
INFO: [ app_end ] --START--
INFO: Run Behavior\ShowPageTraceBehavior [ RunTime:0.001202s ]
INFO: [ app_end ] --END-- [ RunTime:0.001256s ]

[ 2016-08-01T17:09:04+08:00 ] ::1 /alpha/index.php/Admin/Manage/existfiles
INFO: [ app_init ] --START--
INFO: Run Behavior\BuildLiteBehavior [ RunTime:0.000021s ]
INFO: [ app_init ] --END-- [ RunTime:0.000785s ]
INFO: [ app_begin ] --START--
INFO: Run Behavior\ReadHtmlCacheBehavior [ RunTime:0.000857s ]
INFO: [ app_begin ] --END-- [ RunTime:0.000924s ]
INFO: [ view_parse ] --START--
INFO: [ template_filter ] --START--
INFO: Run Behavior\ContentReplaceBehavior [ RunTime:0.000078s ]
INFO: [ template_filter ] --END-- [ RunTime:0.000154s ]
NOTIC: [8] Undefined variable: count E:\PHP\xampp\htdocs\alpha\Runtime\Cache\Admin\425d04a1bdd3e10425388cf9c21d4e76.php 第 21 行.
NOTIC: [8] Undefined variable: select E:\PHP\xampp\htdocs\alpha\Runtime\Cache\Admin\425d04a1bdd3e10425388cf9c21d4e76.php 第 60 行.
NOTIC: [8] Undefined variable: page E:\PHP\xampp\htdocs\alpha\Runtime\Cache\Admin\425d04a1bdd3e10425388cf9c21d4e76.php 第 86 行.
INFO: Run Behavior\ParseTemplateBehavior [ RunTime:0.015047s ]
INFO: [ view_parse ] --END-- [ RunTime:0.015133s ]
INFO: [ view_filter ] --START--
INFO: Run Behavior\WriteHtmlCacheBehavior [ RunTime:0.003168s ]
INFO: [ view_filter ] --END-- [ RunTime:0.003297s ]
INFO: [ app_end ] --START--
INFO: Run Behavior\ShowPageTraceBehavior [ RunTime:0.002048s ]
INFO: [ app_end ] --END-- [ RunTime:0.002150s ]

[ 2016-08-01T17:13:38+08:00 ] ::1 /alpha/index.php/Admin/Manage/existfiles
INFO: [ app_init ] --START--
INFO: Run Behavior\BuildLiteBehavior [ RunTime:0.000018s ]
INFO: [ app_init ] --END-- [ RunTime:0.000781s ]
INFO: [ app_begin ] --START--
INFO: Run Behavior\ReadHtmlCacheBehavior [ RunTime:0.001330s ]
INFO: [ app_begin ] --END-- [ RunTime:0.001435s ]
SQL: SHOW COLUMNS FROM `files` [ RunTime:0.0049s ]
SQL: SELECT COUNT(*) AS tp_count FROM `files` WHERE ( ifshow=0 ) LIMIT 1   [ RunTime:0.0006s ]
SQL: SELECT `id`,`filename`,`filesrc`,`user`,`ifshow`,`master`,`filedesc` FROM `files` WHERE ( ifshow=0 ) ORDER BY id asc LIMIT 0,5   [ RunTime:0.0004s ]
INFO: [ view_parse ] --START--
INFO: [ template_filter ] --START--
INFO: Run Behavior\ContentReplaceBehavior [ RunTime:0.000078s ]
INFO: [ template_filter ] --END-- [ RunTime:0.000152s ]
NOTIC: [8] Undefined variable: count E:\PHP\xampp\htdocs\alpha\Runtime\Cache\Admin\425d04a1bdd3e10425388cf9c21d4e76.php 第 21 行.
NOTIC: [8] Undefined index: username E:\PHP\xampp\htdocs\alpha\Runtime\Cache\Admin\425d04a1bdd3e10425388cf9c21d4e76.php 第 61 行.
NOTIC: [8] Undefined index: truename E:\PHP\xampp\htdocs\alpha\Runtime\Cache\Admin\425d04a1bdd3e10425388cf9c21d4e76.php 第 62 行.
NOTIC: [8] Undefined index: email E:\PHP\xampp\htdocs\alpha\Runtime\Cache\Admin\425d04a1bdd3e10425388cf9c21d4e76.php 第 63 行.
NOTIC: [8] Undefined index: start_year E:\PHP\xampp\htdocs\alpha\Runtime\Cache\Admin\425d04a1bdd3e10425388cf9c21d4e76.php 第 64 行.
NOTIC: [8] Undefined index: start_time E:\PHP\xampp\htdocs\alpha\Runtime\Cache\Admin\425d04a1bdd3e10425388cf9c21d4e76.php 第 82 行.
NOTIC: [8] Undefined index: username E:\PHP\xampp\htdocs\alpha\Runtime\Cache\Admin\425d04a1bdd3e10425388cf9c21d4e76.php 第 61 行.
NOTIC: [8] Undefined index: truename E:\PHP\xampp\htdocs\alpha\Runtime\Cache\Admin\425d04a1bdd3e10425388cf9c21d4e76.php 第 62 行.
NOTIC: [8] Undefined index: email E:\PHP\xampp\htdocs\alpha\Runtime\Cache\Admin\425d04a1bdd3e10425388cf9c21d4e76.php 第 63 行.
NOTIC: [8] Undefined index: start_year E:\PHP\xampp\htdocs\alpha\Runtime\Cache\Admin\425d04a1bdd3e10425388cf9c21d4e76.php 第 64 行.
NOTIC: [8] Undefined index: start_time E:\PHP\xampp\htdocs\alpha\Runtime\Cache\Admin\425d04a1bdd3e10425388cf9c21d4e76.php 第 82 行.
NOTIC: [8] Undefined index: username E:\PHP\xampp\htdocs\alpha\Runtime\Cache\Admin\425d04a1bdd3e10425388cf9c21d4e76.php 第 61 行.
NOTIC: [8] Undefined index: truename E:\PHP\xampp\htdocs\alpha\Runtime\Cache\Admin\425d04a1bdd3e10425388cf9c21d4e76.php 第 62 行.
NOTIC: [8] Undefined index: email E:\PHP\xampp\htdocs\alpha\Runtime\Cache\Admin\425d04a1bdd3e10425388cf9c21d4e76.php 第 63 行.
NOTIC: [8] Undefined index: start_year E:\PHP\xampp\htdocs\alpha\Runtime\Cache\Admin\425d04a1bdd3e10425388cf9c21d4e76.php 第 64 行.
NOTIC: [8] Undefined index: start_time E:\PHP\xampp\htdocs\alpha\Runtime\Cache\Admin\425d04a1bdd3e10425388cf9c21d4e76.php 第 82 行.
NOTIC: [8] Undefined index: username E:\PHP\xampp\htdocs\alpha\Runtime\Cache\Admin\425d04a1bdd3e10425388cf9c21d4e76.php 第 61 行.
NOTIC: [8] Undefined index: truename E:\PHP\xampp\htdocs\alpha\Runtime\Cache\Admin\425d04a1bdd3e10425388cf9c21d4e76.php 第 62 行.
NOTIC: [8] Undefined index: email E:\PHP\xampp\htdocs\alpha\Runtime\Cache\Admin\425d04a1bdd3e10425388cf9c21d4e76.php 第 63 行.
NOTIC: [8] Undefined index: start_year E:\PHP\xampp\htdocs\alpha\Runtime\Cache\Admin\425d04a1bdd3e10425388cf9c21d4e76.php 第 64 行.
NOTIC: [8] Undefined index: start_time E:\PHP\xampp\htdocs\alpha\Runtime\Cache\Admin\425d04a1bdd3e10425388cf9c21d4e76.php 第 82 行.
NOTIC: [8] Undefined index: username E:\PHP\xampp\htdocs\alpha\Runtime\Cache\Admin\425d04a1bdd3e10425388cf9c21d4e76.php 第 61 行.
NOTIC: [8] Undefined index: truename E:\PHP\xampp\htdocs\alpha\Runtime\Cache\Admin\425d04a1bdd3e10425388cf9c21d4e76.php 第 62 行.
NOTIC: [8] Undefined index: email E:\PHP\xampp\htdocs\alpha\Runtime\Cache\Admin\425d04a1bdd3e10425388cf9c21d4e76.php 第 63 行.
NOTIC: [8] Undefined index: start_year E:\PHP\xampp\htdocs\alpha\Runtime\Cache\Admin\425d04a1bdd3e10425388cf9c21d4e76.php 第 64 行.
NOTIC: [8] Undefined index: start_time E:\PHP\xampp\htdocs\alpha\Runtime\Cache\Admin\425d04a1bdd3e10425388cf9c21d4e76.php 第 82 行.
INFO: Run Behavior\ParseTemplateBehavior [ RunTime:0.013484s ]
INFO: [ view_parse ] --END-- [ RunTime:0.013578s ]
INFO: [ view_filter ] --START--
INFO: Run Behavior\WriteHtmlCacheBehavior [ RunTime:0.001056s ]
INFO: [ view_filter ] --END-- [ RunTime:0.001143s ]
INFO: [ app_end ] --START--
INFO: Run Behavior\ShowPageTraceBehavior [ RunTime:0.001143s ]
INFO: [ app_end ] --END-- [ RunTime:0.001214s ]

[ 2016-08-01T17:13:39+08:00 ] ::1 /alpha/index.php/Admin/Manage/existfiles
INFO: [ app_init ] --START--
INFO: Run Behavior\BuildLiteBehavior [ RunTime:0.000021s ]
INFO: [ app_init ] --END-- [ RunTime:0.000748s ]
INFO: [ app_begin ] --START--
INFO: Run Behavior\ReadHtmlCacheBehavior [ RunTime:0.000770s ]
INFO: [ app_begin ] --END-- [ RunTime:0.000840s ]
SQL: SHOW COLUMNS FROM `files` [ RunTime:0.0071s ]
SQL: SELECT COUNT(*) AS tp_count FROM `files` WHERE ( ifshow=0 ) LIMIT 1   [ RunTime:0.0005s ]
SQL: SELECT `id`,`filename`,`filesrc`,`user`,`ifshow`,`master`,`filedesc` FROM `files` WHERE ( ifshow=0 ) ORDER BY id asc LIMIT 0,5   [ RunTime:0.0004s ]
INFO: [ view_parse ] --START--
INFO: [ template_filter ] --START--
INFO: Run Behavior\ContentReplaceBehavior [ RunTime:0.000095s ]
INFO: [ template_filter ] --END-- [ RunTime:0.000191s ]
NOTIC: [8] Undefined variable: count E:\PHP\xampp\htdocs\alpha\Runtime\Cache\Admin\425d04a1bdd3e10425388cf9c21d4e76.php 第 21 行.
NOTIC: [8] Undefined index: username E:\PHP\xampp\htdocs\alpha\Runtime\Cache\Admin\425d04a1bdd3e10425388cf9c21d4e76.php 第 61 行.
NOTIC: [8] Undefined index: truename E:\PHP\xampp\htdocs\alpha\Runtime\Cache\Admin\425d04a1bdd3e10425388cf9c21d4e76.php 第 62 行.
NOTIC: [8] Undefined index: email E:\PHP\xampp\htdocs\alpha\Runtime\Cache\Admin\425d04a1bdd3e10425388cf9c21d4e76.php 第 63 行.
NOTIC: [8] Undefined index: start_year E:\PHP\xampp\htdocs\alpha\Runtime\Cache\Admin\425d04a1bdd3e10425388cf9c21d4e76.php 第 64 行.
NOTIC: [8] Undefined index: start_time E:\PHP\xampp\htdocs\alpha\Runtime\Cache\Admin\425d04a1bdd3e10425388cf9c21d4e76.php 第 82 行.
NOTIC: [8] Undefined index: username E:\PHP\xampp\htdocs\alpha\Runtime\Cache\Admin\425d04a1bdd3e10425388cf9c21d4e76.php 第 61 行.
NOTIC: [8] Undefined index: truename E:\PHP\xampp\htdocs\alpha\Runtime\Cache\Admin\425d04a1bdd3e10425388cf9c21d4e76.php 第 62 行.
NOTIC: [8] Undefined index: email E:\PHP\xampp\htdocs\alpha\Runtime\Cache\Admin\425d04a1bdd3e10425388cf9c21d4e76.php 第 63 行.
NOTIC: [8] Undefined index: start_year E:\PHP\xampp\htdocs\alpha\Runtime\Cache\Admin\425d04a1bdd3e10425388cf9c21d4e76.php 第 64 行.
NOTIC: [8] Undefined index: start_time E:\PHP\xampp\htdocs\alpha\Runtime\Cache\Admin\425d04a1bdd3e10425388cf9c21d4e76.php 第 82 行.
NOTIC: [8] Undefined index: username E:\PHP\xampp\htdocs\alpha\Runtime\Cache\Admin\425d04a1bdd3e10425388cf9c21d4e76.php 第 61 行.
NOTIC: [8] Undefined index: truename E:\PHP\xampp\htdocs\alpha\Runtime\Cache\Admin\425d04a1bdd3e10425388cf9c21d4e76.php 第 62 行.
NOTIC: [8] Undefined index: email E:\PHP\xampp\htdocs\alpha\Runtime\Cache\Admin\425d04a1bdd3e10425388cf9c21d4e76.php 第 63 行.
NOTIC: [8] Undefined index: start_year E:\PHP\xampp\htdocs\alpha\Runtime\Cache\Admin\425d04a1bdd3e10425388cf9c21d4e76.php 第 64 行.
NOTIC: [8] Undefined index: start_time E:\PHP\xampp\htdocs\alpha\Runtime\Cache\Admin\425d04a1bdd3e10425388cf9c21d4e76.php 第 82 行.
NOTIC: [8] Undefined index: username E:\PHP\xampp\htdocs\alpha\Runtime\Cache\Admin\425d04a1bdd3e10425388cf9c21d4e76.php 第 61 行.
NOTIC: [8] Undefined index: truename E:\PHP\xampp\htdocs\alpha\Runtime\Cache\Admin\425d04a1bdd3e10425388cf9c21d4e76.php 第 62 行.
NOTIC: [8] Undefined index: email E:\PHP\xampp\htdocs\alpha\Runtime\Cache\Admin\425d04a1bdd3e10425388cf9c21d4e76.php 第 63 行.
NOTIC: [8] Undefined index: start_year E:\PHP\xampp\htdocs\alpha\Runtime\Cache\Admin\425d04a1bdd3e10425388cf9c21d4e76.php 第 64 行.
NOTIC: [8] Undefined index: start_time E:\PHP\xampp\htdocs\alpha\Runtime\Cache\Admin\425d04a1bdd3e10425388cf9c21d4e76.php 第 82 行.
NOTIC: [8] Undefined index: username E:\PHP\xampp\htdocs\alpha\Runtime\Cache\Admin\425d04a1bdd3e10425388cf9c21d4e76.php 第 61 行.
NOTIC: [8] Undefined index: truename E:\PHP\xampp\htdocs\alpha\Runtime\Cache\Admin\425d04a1bdd3e10425388cf9c21d4e76.php 第 62 行.
NOTIC: [8] Undefined index: email E:\PHP\xampp\htdocs\alpha\Runtime\Cache\Admin\425d04a1bdd3e10425388cf9c21d4e76.php 第 63 行.
NOTIC: [8] Undefined index: start_year E:\PHP\xampp\htdocs\alpha\Runtime\Cache\Admin\425d04a1bdd3e10425388cf9c21d4e76.php 第 64 行.
NOTIC: [8] Undefined index: start_time E:\PHP\xampp\htdocs\alpha\Runtime\Cache\Admin\425d04a1bdd3e10425388cf9c21d4e76.php 第 82 行.
INFO: Run Behavior\ParseTemplateBehavior [ RunTime:0.015265s ]
INFO: [ view_parse ] --END-- [ RunTime:0.015373s ]
INFO: [ view_filter ] --START--
INFO: Run Behavior\WriteHtmlCacheBehavior [ RunTime:0.000609s ]
INFO: [ view_filter ] --END-- [ RunTime:0.000670s ]
INFO: [ app_end ] --START--
INFO: Run Behavior\ShowPageTraceBehavior [ RunTime:0.000810s ]
INFO: [ app_end ] --END-- [ RunTime:0.000874s ]

[ 2016-08-01T17:15:07+08:00 ] ::1 /alpha/index.php/Admin/Manage/existfiles
INFO: [ app_init ] --START--
INFO: Run Behavior\BuildLiteBehavior [ RunTime:0.000026s ]
INFO: [ app_init ] --END-- [ RunTime:0.001242s ]
INFO: [ app_begin ] --START--
INFO: Run Behavior\ReadHtmlCacheBehavior [ RunTime:0.000882s ]
INFO: [ app_begin ] --END-- [ RunTime:0.000951s ]
SQL: SHOW COLUMNS FROM `files` [ RunTime:0.0053s ]
SQL: SELECT COUNT(*) AS tp_count FROM `files` WHERE ( ifshow=0 ) LIMIT 1   [ RunTime:0.0005s ]
SQL: SELECT `id`,`filename`,`filesrc`,`user`,`ifshow`,`master`,`filedesc` FROM `files` WHERE ( ifshow=0 ) ORDER BY id asc LIMIT 0,5   [ RunTime:0.0003s ]
INFO: [ view_parse ] --START--
INFO: [ template_filter ] --START--
INFO: Run Behavior\ContentReplaceBehavior [ RunTime:0.000082s ]
INFO: [ template_filter ] --END-- [ RunTime:0.000161s ]
NOTIC: [8] Undefined index: username E:\PHP\xampp\htdocs\alpha\Runtime\Cache\Admin\425d04a1bdd3e10425388cf9c21d4e76.php 第 61 行.
NOTIC: [8] Undefined index: truename E:\PHP\xampp\htdocs\alpha\Runtime\Cache\Admin\425d04a1bdd3e10425388cf9c21d4e76.php 第 62 行.
NOTIC: [8] Undefined index: email E:\PHP\xampp\htdocs\alpha\Runtime\Cache\Admin\425d04a1bdd3e10425388cf9c21d4e76.php 第 63 行.
NOTIC: [8] Undefined index: start_year E:\PHP\xampp\htdocs\alpha\Runtime\Cache\Admin\425d04a1bdd3e10425388cf9c21d4e76.php 第 64 行.
NOTIC: [8] Undefined index: start_time E:\PHP\xampp\htdocs\alpha\Runtime\Cache\Admin\425d04a1bdd3e10425388cf9c21d4e76.php 第 82 行.
NOTIC: [8] Undefined index: username E:\PHP\xampp\htdocs\alpha\Runtime\Cache\Admin\425d04a1bdd3e10425388cf9c21d4e76.php 第 61 行.
NOTIC: [8] Undefined index: truename E:\PHP\xampp\htdocs\alpha\Runtime\Cache\Admin\425d04a1bdd3e10425388cf9c21d4e76.php 第 62 行.
NOTIC: [8] Undefined index: email E:\PHP\xampp\htdocs\alpha\Runtime\Cache\Admin\425d04a1bdd3e10425388cf9c21d4e76.php 第 63 行.
NOTIC: [8] Undefined index: start_year E:\PHP\xampp\htdocs\alpha\Runtime\Cache\Admin\425d04a1bdd3e10425388cf9c21d4e76.php 第 64 行.
NOTIC: [8] Undefined index: start_time E:\PHP\xampp\htdocs\alpha\Runtime\Cache\Admin\425d04a1bdd3e10425388cf9c21d4e76.php 第 82 行.
NOTIC: [8] Undefined index: username E:\PHP\xampp\htdocs\alpha\Runtime\Cache\Admin\425d04a1bdd3e10425388cf9c21d4e76.php 第 61 行.
NOTIC: [8] Undefined index: truename E:\PHP\xampp\htdocs\alpha\Runtime\Cache\Admin\425d04a1bdd3e10425388cf9c21d4e76.php 第 62 行.
NOTIC: [8] Undefined index: email E:\PHP\xampp\htdocs\alpha\Runtime\Cache\Admin\425d04a1bdd3e10425388cf9c21d4e76.php 第 63 行.
NOTIC: [8] Undefined index: start_year E:\PHP\xampp\htdocs\alpha\Runtime\Cache\Admin\425d04a1bdd3e10425388cf9c21d4e76.php 第 64 行.
NOTIC: [8] Undefined index: start_time E:\PHP\xampp\htdocs\alpha\Runtime\Cache\Admin\425d04a1bdd3e10425388cf9c21d4e76.php 第 82 行.
NOTIC: [8] Undefined index: username E:\PHP\xampp\htdocs\alpha\Runtime\Cache\Admin\425d04a1bdd3e10425388cf9c21d4e76.php 第 61 行.
NOTIC: [8] Undefined index: truename E:\PHP\xampp\htdocs\alpha\Runtime\Cache\Admin\425d04a1bdd3e10425388cf9c21d4e76.php 第 62 行.
NOTIC: [8] Undefined index: email E:\PHP\xampp\htdocs\alpha\Runtime\Cache\Admin\425d04a1bdd3e10425388cf9c21d4e76.php 第 63 行.
NOTIC: [8] Undefined index: start_year E:\PHP\xampp\htdocs\alpha\Runtime\Cache\Admin\425d04a1bdd3e10425388cf9c21d4e76.php 第 64 行.
NOTIC: [8] Undefined index: start_time E:\PHP\xampp\htdocs\alpha\Runtime\Cache\Admin\425d04a1bdd3e10425388cf9c21d4e76.php 第 82 行.
NOTIC: [8] Undefined index: username E:\PHP\xampp\htdocs\alpha\Runtime\Cache\Admin\425d04a1bdd3e10425388cf9c21d4e76.php 第 61 行.
NOTIC: [8] Undefined index: truename E:\PHP\xampp\htdocs\alpha\Runtime\Cache\Admin\425d04a1bdd3e10425388cf9c21d4e76.php 第 62 行.
NOTIC: [8] Undefined index: email E:\PHP\xampp\htdocs\alpha\Runtime\Cache\Admin\425d04a1bdd3e10425388cf9c21d4e76.php 第 63 行.
NOTIC: [8] Undefined index: start_year E:\PHP\xampp\htdocs\alpha\Runtime\Cache\Admin\425d04a1bdd3e10425388cf9c21d4e76.php 第 64 行.
NOTIC: [8] Undefined index: start_time E:\PHP\xampp\htdocs\alpha\Runtime\Cache\Admin\425d04a1bdd3e10425388cf9c21d4e76.php 第 82 行.
INFO: Run Behavior\ParseTemplateBehavior [ RunTime:0.013195s ]
INFO: [ view_parse ] --END-- [ RunTime:0.013284s ]
INFO: [ view_filter ] --START--
INFO: Run Behavior\WriteHtmlCacheBehavior [ RunTime:0.000557s ]
INFO: [ view_filter ] --END-- [ RunTime:0.000617s ]
INFO: [ app_end ] --START--
INFO: Run Behavior\ShowPageTraceBehavior [ RunTime:0.000950s ]
INFO: [ app_end ] --END-- [ RunTime:0.001025s ]

[ 2016-08-01T17:18:57+08:00 ] ::1 /alpha/index.php/Admin/Manage/existfiles
INFO: [ app_init ] --START--
INFO: Run Behavior\BuildLiteBehavior [ RunTime:0.000029s ]
INFO: [ app_init ] --END-- [ RunTime:0.001040s ]
INFO: [ app_begin ] --START--
INFO: Run Behavior\ReadHtmlCacheBehavior [ RunTime:0.000921s ]
INFO: [ app_begin ] --END-- [ RunTime:0.000982s ]
SQL: SHOW COLUMNS FROM `files` [ RunTime:0.0043s ]
SQL: SELECT COUNT(*) AS tp_count FROM `files` WHERE ( ifshow=0 ) LIMIT 1   [ RunTime:0.0007s ]
SQL: SELECT `id`,`filename`,`filesrc`,`user`,`ifshow`,`master`,`filedesc` FROM `files` WHERE ( ifshow=0 ) ORDER BY id asc LIMIT 0,5   [ RunTime:0.0004s ]
INFO: [ view_parse ] --START--
INFO: [ template_filter ] --START--
INFO: Run Behavior\ContentReplaceBehavior [ RunTime:0.000084s ]
INFO: [ template_filter ] --END-- [ RunTime:0.000156s ]
INFO: Run Behavior\ParseTemplateBehavior [ RunTime:0.012257s ]
INFO: [ view_parse ] --END-- [ RunTime:0.012362s ]
INFO: [ view_filter ] --START--
INFO: Run Behavior\WriteHtmlCacheBehavior [ RunTime:0.000670s ]
INFO: [ view_filter ] --END-- [ RunTime:0.000733s ]
INFO: [ app_end ] --START--
INFO: Run Behavior\ShowPageTraceBehavior [ RunTime:0.000877s ]
INFO: [ app_end ] --END-- [ RunTime:0.000938s ]

[ 2016-08-01T17:19:03+08:00 ] ::1 /alpha/index.php/Admin/Manage/existfiles/p/2.html
INFO: [ app_init ] --START--
INFO: Run Behavior\BuildLiteBehavior [ RunTime:0.000024s ]
INFO: [ app_init ] --END-- [ RunTime:0.000799s ]
INFO: [ app_begin ] --START--
INFO: Run Behavior\ReadHtmlCacheBehavior [ RunTime:0.001122s ]
INFO: [ app_begin ] --END-- [ RunTime:0.001226s ]
SQL: SHOW COLUMNS FROM `files` [ RunTime:0.0045s ]
SQL: SELECT COUNT(*) AS tp_count FROM `files` WHERE ( ifshow=0 ) LIMIT 1   [ RunTime:0.0006s ]
SQL: SELECT `id`,`filename`,`filesrc`,`user`,`ifshow`,`master`,`filedesc` FROM `files` WHERE ( ifshow=0 ) ORDER BY id asc LIMIT 5,5   [ RunTime:0.0005s ]
INFO: [ view_parse ] --START--
INFO: [ template_filter ] --START--
INFO: Run Behavior\ContentReplaceBehavior [ RunTime:0.000084s ]
INFO: [ template_filter ] --END-- [ RunTime:0.000180s ]
INFO: Run Behavior\ParseTemplateBehavior [ RunTime:0.010719s ]
INFO: [ view_parse ] --END-- [ RunTime:0.010832s ]
INFO: [ view_filter ] --START--
INFO: Run Behavior\WriteHtmlCacheBehavior [ RunTime:0.000816s ]
INFO: [ view_filter ] --END-- [ RunTime:0.000898s ]
INFO: [ app_end ] --START--
INFO: Run Behavior\ShowPageTraceBehavior [ RunTime:0.000826s ]
INFO: [ app_end ] --END-- [ RunTime:0.000885s ]

[ 2016-08-01T17:19:12+08:00 ] ::1 /alpha/index.php/Admin/Manage/existfiles
INFO: [ app_init ] --START--
INFO: Run Behavior\BuildLiteBehavior [ RunTime:0.000098s ]
INFO: [ app_init ] --END-- [ RunTime:0.001400s ]
INFO: [ app_begin ] --START--
INFO: Run Behavior\ReadHtmlCacheBehavior [ RunTime:0.001236s ]
INFO: [ app_begin ] --END-- [ RunTime:0.001358s ]
SQL: SHOW COLUMNS FROM `files` [ RunTime:0.0064s ]
SQL: SELECT COUNT(*) AS tp_count FROM `files` WHERE ( ifshow=0 ) LIMIT 1   [ RunTime:0.0007s ]
SQL: SELECT `id`,`filename`,`filesrc`,`user`,`ifshow`,`master`,`filedesc` FROM `files` WHERE ( ifshow=0 ) ORDER BY id asc LIMIT 0,15   [ RunTime:0.0007s ]
INFO: [ view_parse ] --START--
INFO: [ template_filter ] --START--
INFO: Run Behavior\ContentReplaceBehavior [ RunTime:0.000076s ]
INFO: [ template_filter ] --END-- [ RunTime:0.000156s ]
INFO: Run Behavior\ParseTemplateBehavior [ RunTime:0.011228s ]
INFO: [ view_parse ] --END-- [ RunTime:0.011328s ]
INFO: [ view_filter ] --START--
INFO: Run Behavior\WriteHtmlCacheBehavior [ RunTime:0.000689s ]
INFO: [ view_filter ] --END-- [ RunTime:0.000748s ]
INFO: [ app_end ] --START--
INFO: Run Behavior\ShowPageTraceBehavior [ RunTime:0.002091s ]
INFO: [ app_end ] --END-- [ RunTime:0.002208s ]

[ 2016-08-01T17:19:38+08:00 ] ::1 /alpha/index.php/Admin/Manage/index
INFO: [ app_init ] --START--
INFO: Run Behavior\BuildLiteBehavior [ RunTime:0.000029s ]
INFO: [ app_init ] --END-- [ RunTime:0.000914s ]
INFO: [ app_begin ] --START--
INFO: Run Behavior\ReadHtmlCacheBehavior [ RunTime:0.000718s ]
INFO: [ app_begin ] --END-- [ RunTime:0.000782s ]
INFO: [ view_parse ] --START--
INFO: [ template_filter ] --START--
INFO: Run Behavior\ContentReplaceBehavior [ RunTime:0.000118s ]
INFO: [ template_filter ] --END-- [ RunTime:0.000228s ]
INFO: Run Behavior\ParseTemplateBehavior [ RunTime:0.015806s ]
INFO: [ view_parse ] --END-- [ RunTime:0.015967s ]
INFO: [ view_filter ] --START--
INFO: Run Behavior\WriteHtmlCacheBehavior [ RunTime:0.000670s ]
INFO: [ view_filter ] --END-- [ RunTime:0.000740s ]
INFO: [ app_end ] --START--
INFO: Run Behavior\ShowPageTraceBehavior [ RunTime:0.001714s ]
INFO: [ app_end ] --END-- [ RunTime:0.001836s ]

[ 2016-08-01T17:19:39+08:00 ] ::1 /alpha/index.php/Admin/Manage/welcome.html
INFO: [ app_init ] --START--
INFO: Run Behavior\BuildLiteBehavior [ RunTime:0.000025s ]
INFO: [ app_init ] --END-- [ RunTime:0.000897s ]
INFO: [ app_begin ] --START--
INFO: Run Behavior\ReadHtmlCacheBehavior [ RunTime:0.002513s ]
INFO: [ app_begin ] --END-- [ RunTime:0.003107s ]
INFO: [ view_parse ] --START--
INFO: [ template_filter ] --START--
INFO: Run Behavior\ContentReplaceBehavior [ RunTime:0.000109s ]
INFO: [ template_filter ] --END-- [ RunTime:0.000210s ]
INFO: Run Behavior\ParseTemplateBehavior [ RunTime:0.030507s ]
INFO: [ view_parse ] --END-- [ RunTime:0.030649s ]
INFO: [ view_filter ] --START--
INFO: Run Behavior\WriteHtmlCacheBehavior [ RunTime:0.001768s ]
INFO: [ view_filter ] --END-- [ RunTime:0.001860s ]
INFO: [ app_end ] --START--
INFO: Run Behavior\ShowPageTraceBehavior [ RunTime:0.002022s ]
INFO: [ app_end ] --END-- [ RunTime:0.002138s ]

[ 2016-08-01T17:19:42+08:00 ] ::1 /alpha/index.php/Admin/Manage/existfiles
INFO: [ app_init ] --START--
INFO: Run Behavior\BuildLiteBehavior [ RunTime:0.000026s ]
INFO: [ app_init ] --END-- [ RunTime:0.000825s ]
INFO: [ app_begin ] --START--
INFO: Run Behavior\ReadHtmlCacheBehavior [ RunTime:0.001154s ]
INFO: [ app_begin ] --END-- [ RunTime:0.001265s ]
SQL: SHOW COLUMNS FROM `files` [ RunTime:0.0048s ]
SQL: SELECT COUNT(*) AS tp_count FROM `files` WHERE ( ifshow=0 ) LIMIT 1   [ RunTime:0.0005s ]
SQL: SELECT `id`,`filename`,`filesrc`,`user`,`ifshow`,`master`,`filedesc` FROM `files` WHERE ( ifshow=0 ) ORDER BY id asc LIMIT 0,10   [ RunTime:0.0008s ]
INFO: [ view_parse ] --START--
INFO: [ template_filter ] --START--
INFO: Run Behavior\ContentReplaceBehavior [ RunTime:0.000070s ]
INFO: [ template_filter ] --END-- [ RunTime:0.000144s ]
INFO: Run Behavior\ParseTemplateBehavior [ RunTime:0.010778s ]
INFO: [ view_parse ] --END-- [ RunTime:0.010883s ]
INFO: [ view_filter ] --START--
INFO: Run Behavior\WriteHtmlCacheBehavior [ RunTime:0.000752s ]
INFO: [ view_filter ] --END-- [ RunTime:0.000833s ]
INFO: [ app_end ] --START--
INFO: Run Behavior\ShowPageTraceBehavior [ RunTime:0.001104s ]
INFO: [ app_end ] --END-- [ RunTime:0.001194s ]

[ 2016-08-01T20:22:45+08:00 ] ::1 /alpha/index.php/Admin/Manage/existfiles
INFO: [ app_init ] --START--
INFO: Run Behavior\BuildLiteBehavior [ RunTime:0.000024s ]
INFO: [ app_init ] --END-- [ RunTime:0.000913s ]
INFO: [ app_begin ] --START--
INFO: Run Behavior\ReadHtmlCacheBehavior [ RunTime:0.001440s ]
INFO: [ app_begin ] --END-- [ RunTime:0.001534s ]
SQL: SHOW COLUMNS FROM `files` [ RunTime:0.0051s ]
SQL: SELECT COUNT(*) AS tp_count FROM `files` WHERE ( ifshow=0 ) LIMIT 1   [ RunTime:0.0004s ]
SQL: SELECT `id`,`filename`,`filesrc`,`user`,`ifshow`,`master`,`filedesc` FROM `files` WHERE ( ifshow=0 ) ORDER BY id asc LIMIT 0,10   [ RunTime:0.0005s ]
INFO: [ view_parse ] --START--
INFO: [ template_filter ] --START--
INFO: Run Behavior\ContentReplaceBehavior [ RunTime:0.000098s ]
INFO: [ template_filter ] --END-- [ RunTime:0.000193s ]
INFO: Run Behavior\ParseTemplateBehavior [ RunTime:0.020119s ]
INFO: [ view_parse ] --END-- [ RunTime:0.020269s ]
INFO: [ view_filter ] --START--
INFO: Run Behavior\WriteHtmlCacheBehavior [ RunTime:0.001702s ]
INFO: [ view_filter ] --END-- [ RunTime:0.001810s ]
INFO: [ app_end ] --START--
INFO: Run Behavior\ShowPageTraceBehavior [ RunTime:0.001999s ]
INFO: [ app_end ] --END-- [ RunTime:0.002127s ]

[ 2016-08-01T20:33:42+08:00 ] ::1 /alpha/index.php/Admin/Manage/existfiles
INFO: [ app_init ] --START--
INFO: Run Behavior\BuildLiteBehavior [ RunTime:0.000022s ]
INFO: [ app_init ] --END-- [ RunTime:0.000714s ]
INFO: [ app_begin ] --START--
INFO: Run Behavior\ReadHtmlCacheBehavior [ RunTime:0.001522s ]
INFO: [ app_begin ] --END-- [ RunTime:0.001643s ]
SQL: SHOW COLUMNS FROM `files` [ RunTime:0.0074s ]
SQL: SELECT COUNT(*) AS tp_count FROM `files` WHERE ( ifshow=0 ) LIMIT 1   [ RunTime:0.0005s ]
SQL: SELECT `id`,`filename`,`filesrc`,`user`,`ifshow`,`master`,`filedesc`,`uploadtime` FROM `files` WHERE ( ifshow=0 ) ORDER BY id asc LIMIT 0,10   [ RunTime:0.0005s ]
INFO: [ view_parse ] --START--
INFO: [ template_filter ] --START--
INFO: Run Behavior\ContentReplaceBehavior [ RunTime:0.000191s ]
INFO: [ template_filter ] --END-- [ RunTime:0.000317s ]
INFO: Run Behavior\ParseTemplateBehavior [ RunTime:0.020041s ]
INFO: [ view_parse ] --END-- [ RunTime:0.020162s ]
INFO: [ view_filter ] --START--
INFO: Run Behavior\WriteHtmlCacheBehavior [ RunTime:0.001999s ]
INFO: [ view_filter ] --END-- [ RunTime:0.002241s ]
INFO: [ app_end ] --START--
INFO: Run Behavior\ShowPageTraceBehavior [ RunTime:0.002847s ]
INFO: [ app_end ] --END-- [ RunTime:0.002991s ]

[ 2016-08-01T20:35:51+08:00 ] ::1 /alpha/index.php/Admin/Manage/existfiles
INFO: [ app_init ] --START--
INFO: Run Behavior\BuildLiteBehavior [ RunTime:0.000020s ]
INFO: [ app_init ] --END-- [ RunTime:0.000819s ]
INFO: [ app_begin ] --START--
INFO: Run Behavior\ReadHtmlCacheBehavior [ RunTime:0.001575s ]
INFO: [ app_begin ] --END-- [ RunTime:0.001702s ]
SQL: SHOW COLUMNS FROM `files` [ RunTime:0.0074s ]
SQL: SELECT COUNT(*) AS tp_count FROM `files` WHERE ( ifshow=0 ) LIMIT 1   [ RunTime:0.0012s ]
SQL: SELECT `id`,`filename`,`filesrc`,`user`,`ifshow`,`master`,`filedesc`,`uploadtime` FROM `files` WHERE ( ifshow=0 ) ORDER BY id asc LIMIT 0,10   [ RunTime:0.0010s ]
INFO: [ view_parse ] --START--
INFO: [ template_filter ] --START--
INFO: Run Behavior\ContentReplaceBehavior [ RunTime:0.000096s ]
INFO: [ template_filter ] --END-- [ RunTime:0.000191s ]
INFO: Run Behavior\ParseTemplateBehavior [ RunTime:0.019687s ]
INFO: [ view_parse ] --END-- [ RunTime:0.019826s ]
INFO: [ view_filter ] --START--
INFO: Run Behavior\WriteHtmlCacheBehavior [ RunTime:0.003802s ]
INFO: [ view_filter ] --END-- [ RunTime:0.003918s ]
INFO: [ app_end ] --START--
INFO: Run Behavior\ShowPageTraceBehavior [ RunTime:0.002509s ]
INFO: [ app_end ] --END-- [ RunTime:0.002683s ]

[ 2016-08-01T20:42:23+08:00 ] ::1 /alpha/index.php/Admin/Manage/existfiles
INFO: [ app_init ] --START--
INFO: Run Behavior\BuildLiteBehavior [ RunTime:0.000027s ]
INFO: [ app_init ] --END-- [ RunTime:0.000953s ]
INFO: [ app_begin ] --START--
INFO: Run Behavior\ReadHtmlCacheBehavior [ RunTime:0.002039s ]
INFO: [ app_begin ] --END-- [ RunTime:0.002183s ]
SQL: SHOW COLUMNS FROM `files` [ RunTime:0.0057s ]
SQL: SELECT COUNT(*) AS tp_count FROM `files` WHERE ( ifshow!=0 ) LIMIT 1   [ RunTime:0.0008s ]
SQL: SELECT `id`,`filename`,`filesrc`,`user`,`ifshow`,`master`,`filedesc`,`uploadtime` FROM `files` WHERE ( ifshow!=0 ) ORDER BY id asc LIMIT 0,10   [ RunTime:0.0005s ]
INFO: [ view_parse ] --START--
INFO: [ template_filter ] --START--
INFO: Run Behavior\ContentReplaceBehavior [ RunTime:0.000078s ]
INFO: [ template_filter ] --END-- [ RunTime:0.000162s ]
INFO: Run Behavior\ParseTemplateBehavior [ RunTime:0.015008s ]
INFO: [ view_parse ] --END-- [ RunTime:0.015192s ]
INFO: [ view_filter ] --START--
INFO: Run Behavior\WriteHtmlCacheBehavior [ RunTime:0.001142s ]
INFO: [ view_filter ] --END-- [ RunTime:0.001230s ]
INFO: [ app_end ] --START--
INFO: Run Behavior\ShowPageTraceBehavior [ RunTime:0.001509s ]
INFO: [ app_end ] --END-- [ RunTime:0.001590s ]

[ 2016-08-01T20:42:24+08:00 ] ::1 /alpha/index.php/Admin/Manage/examinefiles
INFO: [ app_init ] --START--
INFO: Run Behavior\BuildLiteBehavior [ RunTime:0.000054s ]
INFO: [ app_init ] --END-- [ RunTime:0.001030s ]
INFO: [ app_begin ] --START--
INFO: Run Behavior\ReadHtmlCacheBehavior [ RunTime:0.001602s ]
INFO: [ app_begin ] --END-- [ RunTime:0.001740s ]
SQL: SHOW COLUMNS FROM `files` [ RunTime:0.0050s ]
SQL: SELECT COUNT(*) AS tp_count FROM `files` WHERE ( ifshow=0 ) LIMIT 1   [ RunTime:0.0004s ]
SQL: SELECT `id`,`filename`,`filesrc`,`user`,`ifshow`,`master`,`filedesc`,`uploadtime` FROM `files` WHERE ( ifshow=0 ) ORDER BY id asc LIMIT 0,10   [ RunTime:0.0006s ]
INFO: [ view_parse ] --START--
INFO: [ template_filter ] --START--
INFO: Run Behavior\ContentReplaceBehavior [ RunTime:0.000099s ]
INFO: [ template_filter ] --END-- [ RunTime:0.000214s ]
INFO: Run Behavior\ParseTemplateBehavior [ RunTime:0.017330s ]
INFO: [ view_parse ] --END-- [ RunTime:0.017451s ]
INFO: [ view_filter ] --START--
INFO: Run Behavior\WriteHtmlCacheBehavior [ RunTime:0.001659s ]
INFO: [ view_filter ] --END-- [ RunTime:0.001765s ]
INFO: [ app_end ] --START--
INFO: Run Behavior\ShowPageTraceBehavior [ RunTime:0.002428s ]
INFO: [ app_end ] --END-- [ RunTime:0.002551s ]

[ 2016-08-01T20:42:51+08:00 ] ::1 /alpha/index.php/Admin/Manage/existmemer
INFO: [ app_init ] --START--
INFO: Run Behavior\BuildLiteBehavior [ RunTime:0.000026s ]
INFO: [ app_init ] --END-- [ RunTime:0.000924s ]
INFO: [ app_begin ] --START--
INFO: Run Behavior\ReadHtmlCacheBehavior [ RunTime:0.000969s ]
INFO: [ app_begin ] --END-- [ RunTime:0.001056s ]
SQL: SHOW COLUMNS FROM `user` [ RunTime:0.0060s ]
SQL: SELECT COUNT(*) AS tp_count FROM `user` WHERE ( rank!=0 ) LIMIT 1   [ RunTime:0.0008s ]
SQL: SELECT COUNT(*) AS tp_count FROM `user` WHERE ( rank>3 ) LIMIT 1   [ RunTime:0.0007s ]
SQL: SELECT `id`,`username`,`truename`,`password`,`email`,`start_year`,`phone`,`sex`,`introduction`,`rank`,`judger`,`start_time` FROM `user` WHERE ( rank!=0 ) ORDER BY rank desc LIMIT 0,15   [ RunTime:0.0008s ]
INFO: [ view_parse ] --START--
INFO: [ template_filter ] --START--
INFO: Run Behavior\ContentReplaceBehavior [ RunTime:0.000145s ]
INFO: [ template_filter ] --END-- [ RunTime:0.000255s ]
INFO: Run Behavior\ParseTemplateBehavior [ RunTime:0.020330s ]
INFO: [ view_parse ] --END-- [ RunTime:0.020420s ]
INFO: [ view_filter ] --START--
INFO: Run Behavior\WriteHtmlCacheBehavior [ RunTime:0.000464s ]
INFO: [ view_filter ] --END-- [ RunTime:0.000522s ]
INFO: [ app_end ] --START--
INFO: Run Behavior\ShowPageTraceBehavior [ RunTime:0.007568s ]
INFO: [ app_end ] --END-- [ RunTime:0.007672s ]

[ 2016-08-01T20:43:02+08:00 ] ::1 /alpha/index.php/Admin/Manage/existfiles
INFO: [ app_init ] --START--
INFO: Run Behavior\BuildLiteBehavior [ RunTime:0.000025s ]
INFO: [ app_init ] --END-- [ RunTime:0.000836s ]
INFO: [ app_begin ] --START--
INFO: Run Behavior\ReadHtmlCacheBehavior [ RunTime:0.001144s ]
INFO: [ app_begin ] --END-- [ RunTime:0.001244s ]
SQL: SHOW COLUMNS FROM `files` [ RunTime:0.0072s ]
SQL: SELECT COUNT(*) AS tp_count FROM `files` WHERE ( ifshow!=0 ) LIMIT 1   [ RunTime:0.0004s ]
SQL: SELECT `id`,`filename`,`filesrc`,`user`,`ifshow`,`master`,`filedesc`,`uploadtime` FROM `files` WHERE ( ifshow!=0 ) ORDER BY id asc LIMIT 0,10   [ RunTime:0.0010s ]
INFO: [ view_parse ] --START--
INFO: [ template_filter ] --START--
INFO: Run Behavior\ContentReplaceBehavior [ RunTime:0.000098s ]
INFO: [ template_filter ] --END-- [ RunTime:0.000201s ]
INFO: Run Behavior\ParseTemplateBehavior [ RunTime:0.016109s ]
INFO: [ view_parse ] --END-- [ RunTime:0.016209s ]
INFO: [ view_filter ] --START--
INFO: Run Behavior\WriteHtmlCacheBehavior [ RunTime:0.001010s ]
INFO: [ view_filter ] --END-- [ RunTime:0.001117s ]
INFO: [ app_end ] --START--
INFO: Run Behavior\ShowPageTraceBehavior [ RunTime:0.001130s ]
INFO: [ app_end ] --END-- [ RunTime:0.001204s ]

[ 2016-08-01T20:43:06+08:00 ] ::1 /alpha/index.php/Admin/Manage/existfiles
INFO: [ app_init ] --START--
INFO: Run Behavior\BuildLiteBehavior [ RunTime:0.000024s ]
INFO: [ app_init ] --END-- [ RunTime:0.000817s ]
INFO: [ app_begin ] --START--
INFO: Run Behavior\ReadHtmlCacheBehavior [ RunTime:0.000916s ]
INFO: [ app_begin ] --END-- [ RunTime:0.000998s ]
SQL: SHOW COLUMNS FROM `files` [ RunTime:0.0067s ]
SQL: SELECT COUNT(*) AS tp_count FROM `files` WHERE ( ifshow!=0 ) LIMIT 1   [ RunTime:0.0006s ]
SQL: SELECT `id`,`filename`,`filesrc`,`user`,`ifshow`,`master`,`filedesc`,`uploadtime` FROM `files` WHERE ( ifshow!=0 ) ORDER BY id asc LIMIT 0,10   [ RunTime:0.0009s ]
INFO: [ view_parse ] --START--
INFO: [ template_filter ] --START--
INFO: Run Behavior\ContentReplaceBehavior [ RunTime:0.000187s ]
INFO: [ template_filter ] --END-- [ RunTime:0.000418s ]
INFO: Run Behavior\ParseTemplateBehavior [ RunTime:0.018602s ]
INFO: [ view_parse ] --END-- [ RunTime:0.018751s ]
INFO: [ view_filter ] --START--
INFO: Run Behavior\WriteHtmlCacheBehavior [ RunTime:0.000697s ]
INFO: [ view_filter ] --END-- [ RunTime:0.000764s ]
INFO: [ app_end ] --START--
INFO: Run Behavior\ShowPageTraceBehavior [ RunTime:0.000804s ]
INFO: [ app_end ] --END-- [ RunTime:0.000866s ]

[ 2016-08-01T20:43:08+08:00 ] ::1 /alpha/index.php/Admin/Manage/examinefiles
INFO: [ app_init ] --START--
INFO: Run Behavior\BuildLiteBehavior [ RunTime:0.000024s ]
INFO: [ app_init ] --END-- [ RunTime:0.000821s ]
INFO: [ app_begin ] --START--
INFO: Run Behavior\ReadHtmlCacheBehavior [ RunTime:0.001024s ]
INFO: [ app_begin ] --END-- [ RunTime:0.001128s ]
SQL: SHOW COLUMNS FROM `files` [ RunTime:0.0062s ]
SQL: SELECT COUNT(*) AS tp_count FROM `files` WHERE ( ifshow=0 ) LIMIT 1   [ RunTime:0.0005s ]
SQL: SELECT `id`,`filename`,`filesrc`,`user`,`ifshow`,`master`,`filedesc`,`uploadtime` FROM `files` WHERE ( ifshow=0 ) ORDER BY id asc LIMIT 0,10   [ RunTime:0.0005s ]
INFO: [ view_parse ] --START--
INFO: [ template_filter ] --START--
INFO: Run Behavior\ContentReplaceBehavior [ RunTime:0.000141s ]
INFO: [ template_filter ] --END-- [ RunTime:0.000463s ]
INFO: Run Behavior\ParseTemplateBehavior [ RunTime:0.017672s ]
INFO: [ view_parse ] --END-- [ RunTime:0.017791s ]
INFO: [ view_filter ] --START--
INFO: Run Behavior\WriteHtmlCacheBehavior [ RunTime:0.001546s ]
INFO: [ view_filter ] --END-- [ RunTime:0.001655s ]
INFO: [ app_end ] --START--
INFO: Run Behavior\ShowPageTraceBehavior [ RunTime:0.001271s ]
INFO: [ app_end ] --END-- [ RunTime:0.001358s ]

[ 2016-08-01T20:43:15+08:00 ] ::1 /alpha/index.php/Admin/Manage/existfiles
INFO: [ app_init ] --START--
INFO: Run Behavior\BuildLiteBehavior [ RunTime:0.000026s ]
INFO: [ app_init ] --END-- [ RunTime:0.000940s ]
INFO: [ app_begin ] --START--
INFO: Run Behavior\ReadHtmlCacheBehavior [ RunTime:0.001277s ]
INFO: [ app_begin ] --END-- [ RunTime:0.001403s ]
SQL: SHOW COLUMNS FROM `files` [ RunTime:0.0070s ]
SQL: SELECT COUNT(*) AS tp_count FROM `files` WHERE ( ifshow=0 ) LIMIT 1   [ RunTime:0.0006s ]
SQL: SELECT `id`,`filename`,`filesrc`,`user`,`ifshow`,`master`,`filedesc`,`uploadtime` FROM `files` WHERE ( ifshow=0 ) ORDER BY id asc LIMIT 0,10   [ RunTime:0.0009s ]
INFO: [ view_parse ] --START--
INFO: [ template_filter ] --START--
INFO: Run Behavior\ContentReplaceBehavior [ RunTime:0.000321s ]
INFO: [ template_filter ] --END-- [ RunTime:0.000713s ]
INFO: Run Behavior\ParseTemplateBehavior [ RunTime:0.028417s ]
INFO: [ view_parse ] --END-- [ RunTime:0.028583s ]
INFO: [ view_filter ] --START--
INFO: Run Behavior\WriteHtmlCacheBehavior [ RunTime:0.000784s ]
INFO: [ view_filter ] --END-- [ RunTime:0.000860s ]
INFO: [ app_end ] --START--
INFO: Run Behavior\ShowPageTraceBehavior [ RunTime:0.003034s ]
INFO: [ app_end ] --END-- [ RunTime:0.003170s ]

[ 2016-08-01T20:43:56+08:00 ] ::1 /alpha/index.php/Admin/Manage/index
INFO: [ app_init ] --START--
INFO: Run Behavior\BuildLiteBehavior [ RunTime:0.000031s ]
INFO: [ app_init ] --END-- [ RunTime:0.001455s ]
INFO: [ app_begin ] --START--
INFO: Run Behavior\ReadHtmlCacheBehavior [ RunTime:0.001008s ]
INFO: [ app_begin ] --END-- [ RunTime:0.001114s ]
NOTIC: [8] Undefined index: master E:\PHP\xampp\htdocs\alpha\Admin\Controller\ManageController.class.php 第 6 行.

[ 2016-08-01T20:43:56+08:00 ] ::1 /alpha/index.php/Admin/Index/index.html
INFO: [ app_init ] --START--
INFO: Run Behavior\BuildLiteBehavior [ RunTime:0.000020s ]
INFO: [ app_init ] --END-- [ RunTime:0.000648s ]
INFO: [ app_begin ] --START--
INFO: Run Behavior\ReadHtmlCacheBehavior [ RunTime:0.000900s ]
INFO: [ app_begin ] --END-- [ RunTime:0.000965s ]
INFO: [ view_parse ] --START--
INFO: [ template_filter ] --START--
INFO: Run Behavior\ContentReplaceBehavior [ RunTime:0.000137s ]
INFO: [ template_filter ] --END-- [ RunTime:0.000316s ]
INFO: Run Behavior\ParseTemplateBehavior [ RunTime:0.012751s ]
INFO: [ view_parse ] --END-- [ RunTime:0.012856s ]
INFO: [ view_filter ] --START--
INFO: Run Behavior\WriteHtmlCacheBehavior [ RunTime:0.000491s ]
INFO: [ view_filter ] --END-- [ RunTime:0.000551s ]
INFO: [ app_end ] --START--
INFO: Run Behavior\ShowPageTraceBehavior [ RunTime:0.001748s ]
INFO: [ app_end ] --END-- [ RunTime:0.001862s ]

[ 2016-08-01T20:44:04+08:00 ] ::1 /alpha/index.php/Admin/Index/login
INFO: [ app_init ] --START--
INFO: Run Behavior\BuildLiteBehavior [ RunTime:0.000023s ]
INFO: [ app_init ] --END-- [ RunTime:0.000804s ]
INFO: [ app_begin ] --START--
INFO: Run Behavior\ReadHtmlCacheBehavior [ RunTime:0.001824s ]
INFO: [ app_begin ] --END-- [ RunTime:0.002192s ]
SQL: SHOW COLUMNS FROM `user` [ RunTime:0.0052s ]
SQL: SELECT * FROM `user` WHERE `username` = '赵益石'  [ RunTime:0.0008s ]
SQL: SELECT * FROM `user` WHERE `truename` = '赵益石'  [ RunTime:0.0006s ]
INFO: [ app_end ] --START--
INFO: Run Behavior\ShowPageTraceBehavior [ RunTime:0.001853s ]
INFO: [ app_end ] --END-- [ RunTime:0.001954s ]

[ 2016-08-01T20:44:04+08:00 ] ::1 /alpha/index.php/Admin/Manage/index
INFO: [ app_init ] --START--
INFO: Run Behavior\BuildLiteBehavior [ RunTime:0.000030s ]
INFO: [ app_init ] --END-- [ RunTime:0.001259s ]
INFO: [ app_begin ] --START--
INFO: Run Behavior\ReadHtmlCacheBehavior [ RunTime:0.000966s ]
INFO: [ app_begin ] --END-- [ RunTime:0.001058s ]
INFO: [ view_parse ] --START--
INFO: [ template_filter ] --START--
INFO: Run Behavior\ContentReplaceBehavior [ RunTime:0.000115s ]
INFO: [ template_filter ] --END-- [ RunTime:0.000271s ]
INFO: Run Behavior\ParseTemplateBehavior [ RunTime:0.015499s ]
INFO: [ view_parse ] --END-- [ RunTime:0.015609s ]
INFO: [ view_filter ] --START--
INFO: Run Behavior\WriteHtmlCacheBehavior [ RunTime:0.001319s ]
INFO: [ view_filter ] --END-- [ RunTime:0.001415s ]
INFO: [ app_end ] --START--
INFO: Run Behavior\ShowPageTraceBehavior [ RunTime:0.001443s ]
INFO: [ app_end ] --END-- [ RunTime:0.001601s ]

[ 2016-08-01T20:44:05+08:00 ] ::1 /alpha/index.php/Admin/Manage/welcome.html
INFO: [ app_init ] --START--
INFO: Run Behavior\BuildLiteBehavior [ RunTime:0.000030s ]
INFO: [ app_init ] --END-- [ RunTime:0.002082s ]
INFO: [ app_begin ] --START--
INFO: Run Behavior\ReadHtmlCacheBehavior [ RunTime:0.037967s ]
INFO: [ app_begin ] --END-- [ RunTime:0.038159s ]
INFO: [ view_parse ] --START--
INFO: [ template_filter ] --START--
INFO: Run Behavior\ContentReplaceBehavior [ RunTime:0.000200s ]
INFO: [ template_filter ] --END-- [ RunTime:0.000312s ]
INFO: Run Behavior\ParseTemplateBehavior [ RunTime:0.036041s ]
INFO: [ view_parse ] --END-- [ RunTime:0.036178s ]
INFO: [ view_filter ] --START--
INFO: Run Behavior\WriteHtmlCacheBehavior [ RunTime:0.001155s ]
INFO: [ view_filter ] --END-- [ RunTime:0.001260s ]
INFO: [ app_end ] --START--
INFO: Run Behavior\ShowPageTraceBehavior [ RunTime:0.010416s ]
INFO: [ app_end ] --END-- [ RunTime:0.012536s ]

[ 2016-08-01T20:46:47+08:00 ] ::1 /alpha/index.php/Admin/Manage/index
INFO: [ app_init ] --START--
INFO: Run Behavior\BuildLiteBehavior [ RunTime:0.000026s ]
INFO: [ app_init ] --END-- [ RunTime:0.000921s ]
INFO: [ app_begin ] --START--
INFO: Run Behavior\ReadHtmlCacheBehavior [ RunTime:0.001332s ]
INFO: [ app_begin ] --END-- [ RunTime:0.001423s ]
INFO: [ view_parse ] --START--
INFO: [ template_filter ] --START--
INFO: Run Behavior\ContentReplaceBehavior [ RunTime:0.000113s ]
INFO: [ template_filter ] --END-- [ RunTime:0.000214s ]
INFO: Run Behavior\ParseTemplateBehavior [ RunTime:0.014918s ]
INFO: [ view_parse ] --END-- [ RunTime:0.015024s ]
INFO: [ view_filter ] --START--
INFO: Run Behavior\WriteHtmlCacheBehavior [ RunTime:0.000761s ]
INFO: [ view_filter ] --END-- [ RunTime:0.000834s ]
INFO: [ app_end ] --START--
INFO: Run Behavior\ShowPageTraceBehavior [ RunTime:0.001108s ]
INFO: [ app_end ] --END-- [ RunTime:0.001185s ]

[ 2016-08-01T20:46:48+08:00 ] ::1 /alpha/index.php/Admin/Manage/welcome.html
INFO: [ app_init ] --START--
INFO: Run Behavior\BuildLiteBehavior [ RunTime:0.000030s ]
INFO: [ app_init ] --END-- [ RunTime:0.003051s ]
INFO: [ app_begin ] --START--
INFO: Run Behavior\ReadHtmlCacheBehavior [ RunTime:0.004276s ]
INFO: [ app_begin ] --END-- [ RunTime:0.004427s ]
INFO: [ view_parse ] --START--
INFO: [ template_filter ] --START--
INFO: Run Behavior\ContentReplaceBehavior [ RunTime:0.000831s ]
INFO: [ template_filter ] --END-- [ RunTime:0.000968s ]
INFO: Run Behavior\ParseTemplateBehavior [ RunTime:0.035669s ]
INFO: [ view_parse ] --END-- [ RunTime:0.035800s ]
INFO: [ view_filter ] --START--
INFO: Run Behavior\WriteHtmlCacheBehavior [ RunTime:0.001219s ]
INFO: [ view_filter ] --END-- [ RunTime:0.001324s ]
INFO: [ app_end ] --START--
INFO: Run Behavior\ShowPageTraceBehavior [ RunTime:0.001704s ]
INFO: [ app_end ] --END-- [ RunTime:0.001832s ]

[ 2016-08-01T20:46:52+08:00 ] ::1 /alpha/index.php/Admin/Manage/existfiles
INFO: [ app_init ] --START--
INFO: Run Behavior\BuildLiteBehavior [ RunTime:0.000023s ]
INFO: [ app_init ] --END-- [ RunTime:0.001094s ]
INFO: [ app_begin ] --START--
INFO: Run Behavior\ReadHtmlCacheBehavior [ RunTime:0.001628s ]
INFO: [ app_begin ] --END-- [ RunTime:0.001763s ]
SQL: SHOW COLUMNS FROM `files` [ RunTime:0.0047s ]
SQL: SELECT COUNT(*) AS tp_count FROM `files` WHERE ( ifshow!=0 ) LIMIT 1   [ RunTime:0.0004s ]
SQL: SELECT `id`,`filename`,`filesrc`,`user`,`ifshow`,`master`,`filedesc`,`uploadtime` FROM `files` WHERE ( ifshow!=0 ) ORDER BY id asc LIMIT 0,10   [ RunTime:0.0003s ]
INFO: [ view_parse ] --START--
INFO: [ template_filter ] --START--
INFO: Run Behavior\ContentReplaceBehavior [ RunTime:0.000096s ]
INFO: [ template_filter ] --END-- [ RunTime:0.000193s ]
INFO: Run Behavior\ParseTemplateBehavior [ RunTime:0.013937s ]
INFO: [ view_parse ] --END-- [ RunTime:0.014037s ]
INFO: [ view_filter ] --START--
INFO: Run Behavior\WriteHtmlCacheBehavior [ RunTime:0.000843s ]
INFO: [ view_filter ] --END-- [ RunTime:0.000920s ]
INFO: [ app_end ] --START--
INFO: Run Behavior\ShowPageTraceBehavior [ RunTime:0.001514s ]
INFO: [ app_end ] --END-- [ RunTime:0.001628s ]

[ 2016-08-01T20:47:53+08:00 ] ::1 /alpha/index.php/Admin/Manage/existfiles
INFO: [ app_init ] --START--
INFO: Run Behavior\BuildLiteBehavior [ RunTime:0.000019s ]
INFO: [ app_init ] --END-- [ RunTime:0.000650s ]
INFO: [ app_begin ] --START--
INFO: Run Behavior\ReadHtmlCacheBehavior [ RunTime:0.000883s ]
INFO: [ app_begin ] --END-- [ RunTime:0.000948s ]
SQL: SHOW COLUMNS FROM `files` [ RunTime:0.0069s ]
SQL: SELECT COUNT(*) AS tp_count FROM `files` WHERE ( ifshow!=0 ) LIMIT 1   [ RunTime:0.0005s ]
SQL: SELECT `id`,`filename`,`filesrc`,`user`,`ifshow`,`master`,`filedesc`,`uploadtime` FROM `files` WHERE ( ifshow!=0 ) ORDER BY id asc LIMIT 0,10   [ RunTime:0.0006s ]
INFO: [ view_parse ] --START--
INFO: [ template_filter ] --START--
INFO: Run Behavior\ContentReplaceBehavior [ RunTime:0.000382s ]
INFO: [ template_filter ] --END-- [ RunTime:0.000494s ]
INFO: Run Behavior\ParseTemplateBehavior [ RunTime:0.017591s ]
INFO: [ view_parse ] --END-- [ RunTime:0.017690s ]
INFO: [ view_filter ] --START--
INFO: Run Behavior\WriteHtmlCacheBehavior [ RunTime:0.000702s ]
INFO: [ view_filter ] --END-- [ RunTime:0.000768s ]
INFO: [ app_end ] --START--
INFO: Run Behavior\ShowPageTraceBehavior [ RunTime:0.001043s ]
INFO: [ app_end ] --END-- [ RunTime:0.001110s ]

[ 2016-08-01T20:47:55+08:00 ] ::1 /alpha/index.php/Admin/Manage/index
INFO: [ app_init ] --START--
INFO: Run Behavior\BuildLiteBehavior [ RunTime:0.000037s ]
INFO: [ app_init ] --END-- [ RunTime:0.000956s ]
INFO: [ app_begin ] --START--
INFO: Run Behavior\ReadHtmlCacheBehavior [ RunTime:0.001382s ]
INFO: [ app_begin ] --END-- [ RunTime:0.001495s ]
INFO: [ view_parse ] --START--
INFO: [ template_filter ] --START--
INFO: Run Behavior\ContentReplaceBehavior [ RunTime:0.000110s ]
INFO: [ template_filter ] --END-- [ RunTime:0.000205s ]
INFO: Run Behavior\ParseTemplateBehavior [ RunTime:0.012005s ]
INFO: [ view_parse ] --END-- [ RunTime:0.012112s ]
INFO: [ view_filter ] --START--
INFO: Run Behavior\WriteHtmlCacheBehavior [ RunTime:0.000835s ]
INFO: [ view_filter ] --END-- [ RunTime:0.000911s ]
INFO: [ app_end ] --START--
INFO: Run Behavior\ShowPageTraceBehavior [ RunTime:0.000901s ]
INFO: [ app_end ] --END-- [ RunTime:0.000974s ]

[ 2016-08-01T20:47:55+08:00 ] ::1 /alpha/index.php/Admin/Manage/welcome.html
INFO: [ app_init ] --START--
INFO: Run Behavior\BuildLiteBehavior [ RunTime:0.000035s ]
INFO: [ app_init ] --END-- [ RunTime:0.013778s ]
INFO: [ app_begin ] --START--
INFO: Run Behavior\ReadHtmlCacheBehavior [ RunTime:0.003780s ]
INFO: [ app_begin ] --END-- [ RunTime:0.004039s ]
INFO: [ view_parse ] --START--
INFO: [ template_filter ] --START--
INFO: Run Behavior\ContentReplaceBehavior [ RunTime:0.000387s ]
INFO: [ template_filter ] --END-- [ RunTime:0.000538s ]
INFO: Run Behavior\ParseTemplateBehavior [ RunTime:0.030779s ]
INFO: [ view_parse ] --END-- [ RunTime:0.031019s ]
INFO: [ view_filter ] --START--
INFO: Run Behavior\WriteHtmlCacheBehavior [ RunTime:0.003206s ]
INFO: [ view_filter ] --END-- [ RunTime:0.003326s ]
INFO: [ app_end ] --START--
INFO: Run Behavior\ShowPageTraceBehavior [ RunTime:0.008159s ]
INFO: [ app_end ] --END-- [ RunTime:0.008320s ]

[ 2016-08-01T20:47:58+08:00 ] ::1 /alpha/index.php/Admin/Manage/existfiles
INFO: [ app_init ] --START--
INFO: Run Behavior\BuildLiteBehavior [ RunTime:0.000024s ]
INFO: [ app_init ] --END-- [ RunTime:0.000976s ]
INFO: [ app_begin ] --START--
INFO: Run Behavior\ReadHtmlCacheBehavior [ RunTime:0.001498s ]
INFO: [ app_begin ] --END-- [ RunTime:0.001613s ]
SQL: SHOW COLUMNS FROM `files` [ RunTime:0.0071s ]
SQL: SELECT COUNT(*) AS tp_count FROM `files` WHERE ( ifshow!=0 ) LIMIT 1   [ RunTime:0.0007s ]
SQL: SELECT `id`,`filename`,`filesrc`,`user`,`ifshow`,`master`,`filedesc`,`uploadtime` FROM `files` WHERE ( ifshow!=0 ) ORDER BY id asc LIMIT 0,10   [ RunTime:0.0006s ]
INFO: [ view_parse ] --START--
INFO: [ template_filter ] --START--
INFO: Run Behavior\ContentReplaceBehavior [ RunTime:0.000101s ]
INFO: [ template_filter ] --END-- [ RunTime:0.000208s ]
INFO: Run Behavior\ParseTemplateBehavior [ RunTime:0.013390s ]
INFO: [ view_parse ] --END-- [ RunTime:0.013489s ]
INFO: [ view_filter ] --START--
INFO: Run Behavior\WriteHtmlCacheBehavior [ RunTime:0.000617s ]
INFO: [ view_filter ] --END-- [ RunTime:0.000691s ]
INFO: [ app_end ] --START--
INFO: Run Behavior\ShowPageTraceBehavior [ RunTime:0.000946s ]
INFO: [ app_end ] --END-- [ RunTime:0.001019s ]

[ 2016-08-01T20:48:00+08:00 ] ::1 /alpha/index.php/Admin/Manage/examinefiles
INFO: [ app_init ] --START--
INFO: Run Behavior\BuildLiteBehavior [ RunTime:0.000024s ]
INFO: [ app_init ] --END-- [ RunTime:0.000814s ]
INFO: [ app_begin ] --START--
INFO: Run Behavior\ReadHtmlCacheBehavior [ RunTime:0.000995s ]
INFO: [ app_begin ] --END-- [ RunTime:0.001085s ]
SQL: SHOW COLUMNS FROM `files` [ RunTime:0.0066s ]
SQL: SELECT COUNT(*) AS tp_count FROM `files` WHERE ( ifshow=0 ) LIMIT 1   [ RunTime:0.0005s ]
SQL: SELECT `id`,`filename`,`filesrc`,`user`,`ifshow`,`master`,`filedesc`,`uploadtime` FROM `files` WHERE ( ifshow=0 ) ORDER BY id asc LIMIT 0,10   [ RunTime:0.0007s ]
INFO: [ view_parse ] --START--
INFO: [ template_filter ] --START--
INFO: Run Behavior\ContentReplaceBehavior [ RunTime:0.000093s ]
INFO: [ template_filter ] --END-- [ RunTime:0.000195s ]
INFO: Run Behavior\ParseTemplateBehavior [ RunTime:0.015772s ]
INFO: [ view_parse ] --END-- [ RunTime:0.015884s ]
INFO: [ view_filter ] --START--
INFO: Run Behavior\WriteHtmlCacheBehavior [ RunTime:0.000616s ]
INFO: [ view_filter ] --END-- [ RunTime:0.000689s ]
INFO: [ app_end ] --START--
INFO: Run Behavior\ShowPageTraceBehavior [ RunTime:0.001367s ]
INFO: [ app_end ] --END-- [ RunTime:0.001481s ]

[ 2016-08-01T20:48:27+08:00 ] ::1 /alpha/index.php/Admin/Manage/existfiles
INFO: [ app_init ] --START--
INFO: Run Behavior\BuildLiteBehavior [ RunTime:0.000066s ]
INFO: [ app_init ] --END-- [ RunTime:0.000990s ]
INFO: [ app_begin ] --START--
INFO: Run Behavior\ReadHtmlCacheBehavior [ RunTime:0.001249s ]
INFO: [ app_begin ] --END-- [ RunTime:0.001382s ]
SQL: SHOW COLUMNS FROM `files` [ RunTime:0.0070s ]
SQL: SELECT COUNT(*) AS tp_count FROM `files` WHERE ( ifshow!=0 ) LIMIT 1   [ RunTime:0.0005s ]
SQL: SELECT `id`,`filename`,`filesrc`,`user`,`ifshow`,`master`,`filedesc`,`uploadtime` FROM `files` WHERE ( ifshow!=0 ) ORDER BY id asc LIMIT 0,10   [ RunTime:0.0003s ]
INFO: [ view_parse ] --START--
INFO: [ template_filter ] --START--
INFO: Run Behavior\ContentReplaceBehavior [ RunTime:0.000105s ]
INFO: [ template_filter ] --END-- [ RunTime:0.000220s ]
INFO: Run Behavior\ParseTemplateBehavior [ RunTime:0.015010s ]
INFO: [ view_parse ] --END-- [ RunTime:0.015108s ]
INFO: [ view_filter ] --START--
INFO: Run Behavior\WriteHtmlCacheBehavior [ RunTime:0.000904s ]
INFO: [ view_filter ] --END-- [ RunTime:0.000993s ]
INFO: [ app_end ] --START--
INFO: Run Behavior\ShowPageTraceBehavior [ RunTime:0.001054s ]
INFO: [ app_end ] --END-- [ RunTime:0.001126s ]

[ 2016-08-01T20:48:29+08:00 ] ::1 /alpha/index.php/Admin/Manage/examinefiles
INFO: [ app_init ] --START--
INFO: Run Behavior\BuildLiteBehavior [ RunTime:0.000019s ]
INFO: [ app_init ] --END-- [ RunTime:0.000607s ]
INFO: [ app_begin ] --START--
INFO: Run Behavior\ReadHtmlCacheBehavior [ RunTime:0.001609s ]
INFO: [ app_begin ] --END-- [ RunTime:0.001776s ]
SQL: SHOW COLUMNS FROM `files` [ RunTime:0.0058s ]
SQL: SELECT COUNT(*) AS tp_count FROM `files` WHERE ( ifshow=0 ) LIMIT 1   [ RunTime:0.0006s ]
SQL: SELECT `id`,`filename`,`filesrc`,`user`,`ifshow`,`master`,`filedesc`,`uploadtime` FROM `files` WHERE ( ifshow=0 ) ORDER BY id asc LIMIT 0,10   [ RunTime:0.0011s ]
INFO: [ view_parse ] --START--
INFO: [ template_filter ] --START--
INFO: Run Behavior\ContentReplaceBehavior [ RunTime:0.000091s ]
INFO: [ template_filter ] --END-- [ RunTime:0.000189s ]
INFO: Run Behavior\ParseTemplateBehavior [ RunTime:0.013200s ]
INFO: [ view_parse ] --END-- [ RunTime:0.013321s ]
INFO: [ view_filter ] --START--
INFO: Run Behavior\WriteHtmlCacheBehavior [ RunTime:0.000638s ]
INFO: [ view_filter ] --END-- [ RunTime:0.000715s ]
INFO: [ app_end ] --START--
INFO: Run Behavior\ShowPageTraceBehavior [ RunTime:0.001642s ]
INFO: [ app_end ] --END-- [ RunTime:0.001802s ]

[ 2016-08-01T21:01:27+08:00 ] ::1 /alpha/index.php/Admin/Manage/existfiles
INFO: [ app_init ] --START--
INFO: Run Behavior\BuildLiteBehavior [ RunTime:0.000041s ]
INFO: [ app_init ] --END-- [ RunTime:0.001604s ]
INFO: [ app_begin ] --START--
INFO: Run Behavior\ReadHtmlCacheBehavior [ RunTime:0.002207s ]
INFO: [ app_begin ] --END-- [ RunTime:0.002332s ]
SQL: SHOW COLUMNS FROM `files` [ RunTime:0.0066s ]
SQL: SELECT COUNT(*) AS tp_count FROM `files` WHERE ( ifshow!=0 ) LIMIT 1   [ RunTime:0.0006s ]
SQL: SELECT `id`,`filename`,`filesrc`,`user`,`ifshow`,`master`,`filedesc`,`uploadtime` FROM `files` WHERE ( ifshow!=0 ) ORDER BY id asc LIMIT 0,10   [ RunTime:0.0004s ]
INFO: [ view_parse ] --START--
INFO: [ template_filter ] --START--
INFO: Run Behavior\ContentReplaceBehavior [ RunTime:0.000097s ]
INFO: [ template_filter ] --END-- [ RunTime:0.000196s ]
INFO: Run Behavior\ParseTemplateBehavior [ RunTime:0.015557s ]
INFO: [ view_parse ] --END-- [ RunTime:0.015666s ]
INFO: [ view_filter ] --START--
INFO: Run Behavior\WriteHtmlCacheBehavior [ RunTime:0.001004s ]
INFO: [ view_filter ] --END-- [ RunTime:0.001078s ]
INFO: [ app_end ] --START--
INFO: Run Behavior\ShowPageTraceBehavior [ RunTime:0.001712s ]
INFO: [ app_end ] --END-- [ RunTime:0.001798s ]

[ 2016-08-01T21:01:28+08:00 ] ::1 /alpha/index.php/Admin/Manage/examinefiles
INFO: [ app_init ] --START--
INFO: Run Behavior\BuildLiteBehavior [ RunTime:0.000024s ]
INFO: [ app_init ] --END-- [ RunTime:0.000901s ]
INFO: [ app_begin ] --START--
INFO: Run Behavior\ReadHtmlCacheBehavior [ RunTime:0.001676s ]
INFO: [ app_begin ] --END-- [ RunTime:0.001804s ]
SQL: SHOW COLUMNS FROM `files` [ RunTime:0.0068s ]
SQL: SELECT COUNT(*) AS tp_count FROM `files` WHERE ( ifshow=0 ) LIMIT 1   [ RunTime:0.0006s ]
SQL: SELECT `id`,`filename`,`filesrc`,`user`,`ifshow`,`master`,`filedesc`,`uploadtime` FROM `files` WHERE ( ifshow=0 ) ORDER BY id asc LIMIT 0,10   [ RunTime:0.0006s ]
INFO: [ view_parse ] --START--
INFO: [ template_filter ] --START--
INFO: Run Behavior\ContentReplaceBehavior [ RunTime:0.000096s ]
INFO: [ template_filter ] --END-- [ RunTime:0.000192s ]
INFO: Run Behavior\ParseTemplateBehavior [ RunTime:0.016436s ]
INFO: [ view_parse ] --END-- [ RunTime:0.016526s ]
INFO: [ view_filter ] --START--
INFO: Run Behavior\WriteHtmlCacheBehavior [ RunTime:0.000890s ]
INFO: [ view_filter ] --END-- [ RunTime:0.000948s ]
INFO: [ app_end ] --START--
INFO: Run Behavior\ShowPageTraceBehavior [ RunTime:0.002435s ]
INFO: [ app_end ] --END-- [ RunTime:0.002553s ]

[ 2016-08-01T21:02:37+08:00 ] ::1 /alpha/index.php/Admin/Manage/existfiles
INFO: [ app_init ] --START--
INFO: Run Behavior\BuildLiteBehavior [ RunTime:0.000020s ]
INFO: [ app_init ] --END-- [ RunTime:0.000688s ]
INFO: [ app_begin ] --START--
INFO: Run Behavior\ReadHtmlCacheBehavior [ RunTime:0.001069s ]
INFO: [ app_begin ] --END-- [ RunTime:0.001135s ]
SQL: SHOW COLUMNS FROM `files` [ RunTime:0.0061s ]
SQL: SELECT COUNT(*) AS tp_count FROM `files` WHERE ( ifshow!=0 ) LIMIT 1   [ RunTime:0.0005s ]
SQL: SELECT `id`,`filename`,`filesrc`,`user`,`ifshow`,`master`,`filedesc`,`uploadtime` FROM `files` WHERE ( ifshow!=0 ) ORDER BY id asc LIMIT 0,10   [ RunTime:0.0004s ]
INFO: [ view_parse ] --START--
INFO: [ template_filter ] --START--
INFO: Run Behavior\ContentReplaceBehavior [ RunTime:0.000128s ]
INFO: [ template_filter ] --END-- [ RunTime:0.000241s ]
INFO: Run Behavior\ParseTemplateBehavior [ RunTime:0.020118s ]
INFO: [ view_parse ] --END-- [ RunTime:0.020230s ]
INFO: [ view_filter ] --START--
INFO: Run Behavior\WriteHtmlCacheBehavior [ RunTime:0.001108s ]
INFO: [ view_filter ] --END-- [ RunTime:0.001187s ]
INFO: [ app_end ] --START--
INFO: Run Behavior\ShowPageTraceBehavior [ RunTime:0.001646s ]
INFO: [ app_end ] --END-- [ RunTime:0.001761s ]

[ 2016-08-01T21:02:38+08:00 ] ::1 /alpha/index.php/Admin/Manage/examinefiles
INFO: [ app_init ] --START--
INFO: Run Behavior\BuildLiteBehavior [ RunTime:0.000027s ]
INFO: [ app_init ] --END-- [ RunTime:0.001012s ]
INFO: [ app_begin ] --START--
INFO: Run Behavior\ReadHtmlCacheBehavior [ RunTime:0.001493s ]
INFO: [ app_begin ] --END-- [ RunTime:0.001596s ]
SQL: SHOW COLUMNS FROM `files` [ RunTime:0.0074s ]
SQL: SELECT COUNT(*) AS tp_count FROM `files` WHERE ( ifshow=0 ) LIMIT 1   [ RunTime:0.0006s ]
SQL: SELECT `id`,`filename`,`filesrc`,`user`,`ifshow`,`master`,`filedesc`,`uploadtime` FROM `files` WHERE ( ifshow=0 ) ORDER BY id asc LIMIT 0,10   [ RunTime:0.0006s ]
INFO: [ view_parse ] --START--
INFO: [ template_filter ] --START--
INFO: Run Behavior\ContentReplaceBehavior [ RunTime:0.000119s ]
INFO: [ template_filter ] --END-- [ RunTime:0.000235s ]
INFO: Run Behavior\ParseTemplateBehavior [ RunTime:0.019719s ]
INFO: [ view_parse ] --END-- [ RunTime:0.019837s ]
INFO: [ view_filter ] --START--
INFO: Run Behavior\WriteHtmlCacheBehavior [ RunTime:0.001475s ]
INFO: [ view_filter ] --END-- [ RunTime:0.001570s ]
INFO: [ app_end ] --START--
INFO: Run Behavior\ShowPageTraceBehavior [ RunTime:0.001752s ]
INFO: [ app_end ] --END-- [ RunTime:0.001926s ]

[ 2016-08-01T21:02:45+08:00 ] ::1 /alpha/index.php/Admin/Manage/managefiles
INFO: [ app_init ] --START--
INFO: Run Behavior\BuildLiteBehavior [ RunTime:0.000025s ]
INFO: [ app_init ] --END-- [ RunTime:0.000858s ]
INFO: [ app_begin ] --START--
INFO: Run Behavior\ReadHtmlCacheBehavior [ RunTime:0.002645s ]
INFO: [ app_begin ] --END-- [ RunTime:0.002770s ]
SQL: SHOW COLUMNS FROM `files` [ RunTime:0.0079s ]
SQL: DELETE FROM `files` WHERE `id` = 10 [ RunTime:0.0985s ]
INFO: [ app_end ] --START--
INFO: Run Behavior\ShowPageTraceBehavior [ RunTime:0.002340s ]
INFO: [ app_end ] --END-- [ RunTime:0.002452s ]

[ 2016-08-01T21:03:15+08:00 ] ::1 /alpha/index.php/Admin/Manage/examinefiles
INFO: [ app_init ] --START--
INFO: Run Behavior\BuildLiteBehavior [ RunTime:0.000021s ]
INFO: [ app_init ] --END-- [ RunTime:0.000681s ]
INFO: [ app_begin ] --START--
INFO: Run Behavior\ReadHtmlCacheBehavior [ RunTime:0.002068s ]
INFO: [ app_begin ] --END-- [ RunTime:0.002188s ]
SQL: SHOW COLUMNS FROM `files` [ RunTime:0.0052s ]
SQL: SELECT COUNT(*) AS tp_count FROM `files` WHERE ( ifshow=0 ) LIMIT 1   [ RunTime:0.0005s ]
SQL: SELECT `id`,`filename`,`filesrc`,`user`,`ifshow`,`master`,`filedesc`,`uploadtime` FROM `files` WHERE ( ifshow=0 ) ORDER BY id asc LIMIT 0,10   [ RunTime:0.0008s ]
INFO: [ view_parse ] --START--
INFO: [ template_filter ] --START--
INFO: Run Behavior\ContentReplaceBehavior [ RunTime:0.000113s ]
INFO: [ template_filter ] --END-- [ RunTime:0.000226s ]
INFO: Run Behavior\ParseTemplateBehavior [ RunTime:0.023246s ]
INFO: [ view_parse ] --END-- [ RunTime:0.023361s ]
INFO: [ view_filter ] --START--
INFO: Run Behavior\WriteHtmlCacheBehavior [ RunTime:0.001571s ]
INFO: [ view_filter ] --END-- [ RunTime:0.001668s ]
INFO: [ app_end ] --START--
INFO: Run Behavior\ShowPageTraceBehavior [ RunTime:0.001911s ]
INFO: [ app_end ] --END-- [ RunTime:0.002026s ]

[ 2016-08-01T21:03:19+08:00 ] ::1 /alpha/index.php/Admin/Manage/managefiles
INFO: [ app_init ] --START--
INFO: Run Behavior\BuildLiteBehavior [ RunTime:0.000029s ]
INFO: [ app_init ] --END-- [ RunTime:0.001294s ]
INFO: [ app_begin ] --START--
INFO: Run Behavior\ReadHtmlCacheBehavior [ RunTime:0.001514s ]
INFO: [ app_begin ] --END-- [ RunTime:0.001617s ]
SQL: SHOW COLUMNS FROM `files` [ RunTime:0.0073s ]
SQL: UPDATE `files` SET `ifshow`='1',`master`='赵益石' WHERE `id` = 11 [ RunTime:0.0717s ]
INFO: [ app_end ] --START--
INFO: Run Behavior\ShowPageTraceBehavior [ RunTime:0.001639s ]
INFO: [ app_end ] --END-- [ RunTime:0.001721s ]

[ 2016-08-01T21:03:21+08:00 ] ::1 /alpha/index.php/Admin/Manage/existfiles
INFO: [ app_init ] --START--
INFO: Run Behavior\BuildLiteBehavior [ RunTime:0.000034s ]
INFO: [ app_init ] --END-- [ RunTime:0.001303s ]
INFO: [ app_begin ] --START--
INFO: Run Behavior\ReadHtmlCacheBehavior [ RunTime:0.002795s ]
INFO: [ app_begin ] --END-- [ RunTime:0.002931s ]
SQL: SHOW COLUMNS FROM `files` [ RunTime:0.0054s ]
SQL: SELECT COUNT(*) AS tp_count FROM `files` WHERE ( ifshow!=0 ) LIMIT 1   [ RunTime:0.0006s ]
SQL: SELECT `id`,`filename`,`filesrc`,`user`,`ifshow`,`master`,`filedesc`,`uploadtime` FROM `files` WHERE ( ifshow!=0 ) ORDER BY id asc LIMIT 0,10   [ RunTime:0.0008s ]
INFO: [ view_parse ] --START--
INFO: [ template_filter ] --START--
INFO: Run Behavior\ContentReplaceBehavior [ RunTime:0.000090s ]
INFO: [ template_filter ] --END-- [ RunTime:0.000310s ]
INFO: Run Behavior\ParseTemplateBehavior [ RunTime:0.017211s ]
INFO: [ view_parse ] --END-- [ RunTime:0.017426s ]
INFO: [ view_filter ] --START--
INFO: Run Behavior\WriteHtmlCacheBehavior [ RunTime:0.001015s ]
INFO: [ view_filter ] --END-- [ RunTime:0.001093s ]
INFO: [ app_end ] --START--
INFO: Run Behavior\ShowPageTraceBehavior [ RunTime:0.001390s ]
INFO: [ app_end ] --END-- [ RunTime:0.001470s ]

